Seq	Host	Starttime	JobRuntime	Send	Receive	Exitval	Signal	Command
3	:	1611330383.388	     6.211	0	935	0	0	/software/Matlab/bin/matlab -nodisplay -r optimize_MH_Thane
5	:	1611330384.464	     6.181	0	935	0	0	/software/Matlab/bin/matlab -nodisplay -r optimize_WB_Malda
9	:	1611330386.682	     6.444	0	935	0	0	/software/Matlab/bin/matlab -nodisplay -r optimize_HR_Hisar
10	:	1611330387.202	     6.680	0	932	0	0	/software/Matlab/bin/matlab -nodisplay -r optimize_MH_Pune
16	:	1611330390.410	     6.733	0	941	0	0	/software/Matlab/bin/matlab -nodisplay -r optimize_RJ_Bikaner
15	:	1611330389.862	     8.459	0	1144	0	0	/software/Matlab/bin/matlab -nodisplay -r optimize_CT_Balod
11	:	1611330387.709	    11.791	0	6262	0	0	/software/Matlab/bin/matlab -nodisplay -r optimize_BR_Kishanganj
21	:	1611330393.126	     7.968	0	530	0	0	/software/Matlab/bin/matlab -nodisplay -r optimize_GA_Unknown
18	:	1611330391.432	    11.077	0	1228	0	0	/software/Matlab/bin/matlab -nodisplay -r optimize_MP_Dindori
27	:	1611330396.410	     7.266	0	938	0	0	/software/Matlab/bin/matlab -nodisplay -r optimize_KL_Kollam
20	:	1611330392.547	    11.426	0	1249	0	0	/software/Matlab/bin/matlab -nodisplay -r optimize_GJ_Chhota_Udaipur
30	:	1611330398.001	     7.209	0	938	0	0	/software/Matlab/bin/matlab -nodisplay -r optimize_RJ_Jalore
33	:	1611330399.597	     7.693	0	1005	0	0	/software/Matlab/bin/matlab -nodisplay -r optimize_BR_Buxar
29	:	1611330397.449	    11.793	0	1222	0	0	/software/Matlab/bin/matlab -nodisplay -r optimize_MP_Panna
41	:	1611330404.008	     7.548	0	935	0	0	/software/Matlab/bin/matlab -nodisplay -r optimize_RJ_Alwar
42	:	1611330404.513	     7.930	0	941	0	0	/software/Matlab/bin/matlab -nodisplay -r optimize_KL_Wayanad
43	:	1611330405.058	     8.082	0	947	0	0	/software/Matlab/bin/matlab -nodisplay -r optimize_KL_Kozhikode
36	:	1611330401.301	    12.932	0	1225	0	0	/software/Matlab/bin/matlab -nodisplay -r optimize_AR_Tawang
47	:	1611330407.204	     8.063	0	564	0	0	/software/Matlab/bin/matlab -nodisplay -r optimize_RJ_Evacuees
49	:	1611330408.219	     8.848	0	1005	0	0	/software/Matlab/bin/matlab -nodisplay -r optimize_BR_Jamui
50	:	1611330408.810	     8.509	0	586	0	0	/software/Matlab/bin/matlab -nodisplay -r optimize_AR_Upper_Dibang_Valley
52	:	1611330409.923	     8.412	0	558	0	0	/software/Matlab/bin/matlab -nodisplay -r optimize_AR_Lohit
53	:	1611330410.520	     9.089	0	1431	0	0	/software/Matlab/bin/matlab -nodisplay -r optimize_PB_Barnala
31	:	1611330398.509	    22.507	0	19245	0	0	/software/Matlab/bin/matlab -nodisplay -r optimize_TN_Thoothukkudi
59	:	1611330413.706	     8.980	0	965	0	0	/software/Matlab/bin/matlab -nodisplay -r optimize_KA_Bengaluru_Rural
56	:	1611330412.154	    11.030	0	1354	0	0	/software/Matlab/bin/matlab -nodisplay -r optimize_PY_Yanam
48	:	1611330407.717	    16.368	0	1443	0	0	/software/Matlab/bin/matlab -nodisplay -r optimize_MP_Burhanpur
62	:	1611330415.250	     9.878	0	944	0	0	/software/Matlab/bin/matlab -nodisplay -r optimize_HP_Bilaspur
57	:	1611330412.671	    19.959	0	6558	0	0	/software/Matlab/bin/matlab -nodisplay -r optimize_GJ_Kutch
74	:	1611330421.645	    11.049	0	558	0	0	/software/Matlab/bin/matlab -nodisplay -r optimize_AR_Anjaw
76	:	1611330422.741	    12.361	0	1367	0	0	/software/Matlab/bin/matlab -nodisplay -r optimize_TN_Cuddalore
78	:	1611330423.812	    13.055	0	935	0	0	/software/Matlab/bin/matlab -nodisplay -r optimize_RJ_Ajmer
81	:	1611330425.479	    11.814	0	324	0	0	/software/Matlab/bin/matlab -nodisplay -r optimize_OR_State_Pool
80	:	1611330424.918	    12.633	0	941	0	0	/software/Matlab/bin/matlab -nodisplay -r optimize_CT_Raigarh
71	:	1611330420.069	    19.229	0	1255	0	0	/software/Matlab/bin/matlab -nodisplay -r optimize_ML_North_Garo_Hills
84	:	1611330427.208	    13.930	0	947	0	0	/software/Matlab/bin/matlab -nodisplay -r optimize_HR_Fatehabad
86	:	1611330428.252	    13.305	0	950	0	0	/software/Matlab/bin/matlab -nodisplay -r optimize_OR_Jharsuguda
87	:	1611330428.847	    18.159	0	1153	0	0	/software/Matlab/bin/matlab -nodisplay -r optimize_JK_Kishtwar
89	:	1611330429.914	    17.687	0	773	0	0	/software/Matlab/bin/matlab -nodisplay -r optimize_MZ_Champhai
97	:	1611330437.431	    14.538	0	938	0	0	/software/Matlab/bin/matlab -nodisplay -r optimize_UP_Bijnor
99	:	1611330439.315	    15.306	0	570	0	0	/software/Matlab/bin/matlab -nodisplay -r optimize_GJ_Other_State
100	:	1611330441.155	    15.594	0	941	0	0	/software/Matlab/bin/matlab -nodisplay -r optimize_JH_Ramgarh
94	:	1611330433.246	    27.733	0	5384	0	0	/software/Matlab/bin/matlab -nodisplay -r optimize_OR_Nabarangapur
103	:	1611330447.606	    18.335	0	1147	0	0	/software/Matlab/bin/matlab -nodisplay -r optimize_KA_Hassan
104	:	1611330451.987	    15.259	0	1017	0	0	/software/Matlab/bin/matlab -nodisplay -r optimize_AR_Changlang
95	:	1611330435.122	    32.808	0	22252	0	0	/software/Matlab/bin/matlab -nodisplay -r optimize_UT_Bageshwar
105	:	1611330454.643	    15.183	0	327	0	0	/software/Matlab/bin/matlab -nodisplay -r optimize_AR_Dibang_Valley
106	:	1611330456.770	    14.148	0	1011	0	0	/software/Matlab/bin/matlab -nodisplay -r optimize_HR_Kaithal
79	:	1611330424.349	    50.189	0	45104	0	0	/software/Matlab/bin/matlab -nodisplay -r optimize_MP_Ujjain
110	:	1611330467.933	    14.852	0	1087	0	0	/software/Matlab/bin/matlab -nodisplay -r optimize_JH_Lohardaga
111	:	1611330469.850	    25.356	0	5285	0	0	/software/Matlab/bin/matlab -nodisplay -r optimize_OR_Kendrapara
113	:	1611330474.543	    22.535	0	1261	0	0	/software/Matlab/bin/matlab -nodisplay -r optimize_ML_West_Jaintia_Hills
98	:	1611330437.982	    81.031	0	89513	0	0	/software/Matlab/bin/matlab -nodisplay -r optimize_KA_Yadgir
109	:	1611330467.266	    99.325	0	137230	0	0	/software/Matlab/bin/matlab -nodisplay -r optimize_PB_Gurdaspur
6	:	1611330385.038	   190.323	0	306276	0	0	/software/Matlab/bin/matlab -nodisplay -r optimize_PB_Patiala
92	:	1611330431.554	   150.803	0	230112	0	0	/software/Matlab/bin/matlab -nodisplay -r optimize_MP_Satna
7	:	1611330385.549	   241.418	0	369555	0	0	/software/Matlab/bin/matlab -nodisplay -r optimize_GJ_Surat
121	:	1611330626.975	     9.922	0	560	0	0	/software/Matlab/bin/matlab -nodisplay -r optimize_MP_Niwari
1	:	1611330382.335	   306.043	0	557931	0	0	/software/Matlab/bin/matlab -nodisplay -r optimize_UP_Moradabad
2	:	1611330382.845	   305.989	0	520549	0	0	/software/Matlab/bin/matlab -nodisplay -r optimize_TN_Tenkasi
4	:	1611330383.928	   306.223	0	621982	0	0	/software/Matlab/bin/matlab -nodisplay -r optimize_CT_Mahasamund
8	:	1611330386.149	   306.248	0	540436	0	0	/software/Matlab/bin/matlab -nodisplay -r optimize_BR_West_Champaran
12	:	1611330388.304	   306.505	0	664473	0	0	/software/Matlab/bin/matlab -nodisplay -r optimize_GJ_Sabarkantha
14	:	1611330389.349	   305.720	0	406802	0	0	/software/Matlab/bin/matlab -nodisplay -r optimize_MP_Chhindwara
13	:	1611330388.833	   306.450	0	503958	0	0	/software/Matlab/bin/matlab -nodisplay -r optimize_MH_Sangli
17	:	1611330390.925	   306.051	0	624710	0	0	/software/Matlab/bin/matlab -nodisplay -r optimize_CT_Surajpur
19	:	1611330391.991	   306.404	0	547012	0	0	/software/Matlab/bin/matlab -nodisplay -r optimize_KA_Shivamogga
123	:	1611330688.387	    10.141	0	562	0	0	/software/Matlab/bin/matlab -nodisplay -r optimize_MZ_Kolasib
125	:	1611330690.162	     9.784	0	773	0	0	/software/Matlab/bin/matlab -nodisplay -r optimize_RJ_BSF_Camp
22	:	1611330393.644	   306.450	0	566959	0	0	/software/Matlab/bin/matlab -nodisplay -r optimize_MP_Neemuch
23	:	1611330394.189	   306.419	0	660970	0	0	/software/Matlab/bin/matlab -nodisplay -r optimize_MP_Shajapur
24	:	1611330394.768	   306.266	0	657889	0	0	/software/Matlab/bin/matlab -nodisplay -r optimize_CT_Jashpur
124	:	1611330689.154	    12.102	0	1150	0	0	/software/Matlab/bin/matlab -nodisplay -r optimize_UP_Baghpat
25	:	1611330395.278	   306.530	0	593207	0	0	/software/Matlab/bin/matlab -nodisplay -r optimize_RJ_Churu
26	:	1611330395.824	   306.489	0	568289	0	0	/software/Matlab/bin/matlab -nodisplay -r optimize_JH_Koderma
126	:	1611330692.402	    10.103	0	1023	0	0	/software/Matlab/bin/matlab -nodisplay -r optimize_HR_Yamunanagar
28	:	1611330396.930	   308.148	0	653410	0	0	/software/Matlab/bin/matlab -nodisplay -r optimize_GJ_Mahisagar
128	:	1611330695.375	    10.634	0	781	0	0	/software/Matlab/bin/matlab -nodisplay -r optimize_AR_Kurung_Kumey
34	:	1611330400.175	   305.944	0	547428	0	0	/software/Matlab/bin/matlab -nodisplay -r optimize_MH_Nanded
32	:	1611330399.050	   307.151	0	597831	0	0	/software/Matlab/bin/matlab -nodisplay -r optimize_UP_Balrampur
35	:	1611330400.750	   306.812	0	601619	0	0	/software/Matlab/bin/matlab -nodisplay -r optimize_PB_Sri_Muktsar_Sahib
37	:	1611330401.818	   305.800	0	482196	0	0	/software/Matlab/bin/matlab -nodisplay -r optimize_KL_Pathanamthitta
38	:	1611330402.389	   306.939	0	521740	0	0	/software/Matlab/bin/matlab -nodisplay -r optimize_UP_Azamgarh
40	:	1611330403.486	   306.511	0	632553	0	0	/software/Matlab/bin/matlab -nodisplay -r optimize_UT_Pithoragarh
130	:	1611330696.982	    13.035	0	545	0	0	/software/Matlab/bin/matlab -nodisplay -r optimize_DN_Dadra_and_Nagar_Haveli
133	:	1611330699.959	    11.105	0	530	0	0	/software/Matlab/bin/matlab -nodisplay -r optimize_UP_Hathras
39	:	1611330402.958	   308.649	0	581867	0	0	/software/Matlab/bin/matlab -nodisplay -r optimize_CT_Koriya
132	:	1611330698.977	    13.036	0	1299	0	0	/software/Matlab/bin/matlab -nodisplay -r optimize_CT_Kabeerdham
44	:	1611330405.583	   307.315	0	669089	0	0	/software/Matlab/bin/matlab -nodisplay -r optimize_WB_Jhargram
45	:	1611330406.137	   307.317	0	479740	0	0	/software/Matlab/bin/matlab -nodisplay -r optimize_MP_Jabalpur
46	:	1611330406.652	   307.587	0	592859	0	0	/software/Matlab/bin/matlab -nodisplay -r optimize_MP_Khandwa
136	:	1611330701.545	    13.161	0	1153	0	0	/software/Matlab/bin/matlab -nodisplay -r optimize_CT_Dhamtari
139	:	1611330703.113	    11.631	0	767	0	0	/software/Matlab/bin/matlab -nodisplay -r optimize_NL_Peren
137	:	1611330702.066	    12.927	0	1177	0	0	/software/Matlab/bin/matlab -nodisplay -r optimize_KA_Dakshina_Kannada
140	:	1611330703.653	    13.482	0	779	0	0	/software/Matlab/bin/matlab -nodisplay -r optimize_KA_Other_State
55	:	1611330411.612	   306.824	0	543650	0	0	/software/Matlab/bin/matlab -nodisplay -r optimize_MH_Parbhani
54	:	1611330411.102	   308.052	0	472460	0	0	/software/Matlab/bin/matlab -nodisplay -r optimize_MH_Amravati
141	:	1611330705.088	    14.136	0	1150	0	0	/software/Matlab/bin/matlab -nodisplay -r optimize_AP_Krishna
142	:	1611330706.034	    13.585	0	1156	0	0	/software/Matlab/bin/matlab -nodisplay -r optimize_CT_Kondagaon
145	:	1611330707.684	    12.020	0	1366	0	0	/software/Matlab/bin/matlab -nodisplay -r optimize_CT_Balrampur
58	:	1611330413.183	   307.842	0	517051	0	0	/software/Matlab/bin/matlab -nodisplay -r optimize_BR_Bhagalpur
146	:	1611330708.205	    13.765	0	777	0	0	/software/Matlab/bin/matlab -nodisplay -r optimize_MP_Agar_Malwa
60	:	1611330414.234	   308.000	0	566469	0	0	/software/Matlab/bin/matlab -nodisplay -r optimize_TR_Unokoti
93	:	1611330432.647	   289.610	0	701245	0	0	/software/Matlab/bin/matlab -nodisplay -r optimize_GJ_Aravalli
150	:	1611330711.131	    11.718	0	321	0	0	/software/Matlab/bin/matlab -nodisplay -r optimize_GJ_Narmada
63	:	1611330415.792	   308.223	0	616587	0	0	/software/Matlab/bin/matlab -nodisplay -r optimize_JK_Samba
64	:	1611330416.307	   308.400	0	565770	0	0	/software/Matlab/bin/matlab -nodisplay -r optimize_PB_Bathinda
61	:	1611330414.743	   310.473	0	542807	0	0	/software/Matlab/bin/matlab -nodisplay -r optimize_UP_Amroha
66	:	1611330417.361	   308.190	0	539520	0	0	/software/Matlab/bin/matlab -nodisplay -r optimize_BR_Madhubani
153	:	1611330712.921	    12.668	0	532	0	0	/software/Matlab/bin/matlab -nodisplay -r optimize_JH_Sahibganj
67	:	1611330417.889	   308.502	0	530207	0	0	/software/Matlab/bin/matlab -nodisplay -r optimize_MH_Latur
68	:	1611330418.431	   308.559	0	572487	0	0	/software/Matlab/bin/matlab -nodisplay -r optimize_JH_Godda
65	:	1611330416.820	   310.312	0	569899	0	0	/software/Matlab/bin/matlab -nodisplay -r optimize_RJ_Bhilwara
69	:	1611330418.994	   308.625	0	631005	0	0	/software/Matlab/bin/matlab -nodisplay -r optimize_HR_Nuh
157	:	1611330715.363	    13.035	0	1214	0	0	/software/Matlab/bin/matlab -nodisplay -r optimize_MP_Harda
147	:	1611330709.334	    19.218	0	1237	0	0	/software/Matlab/bin/matlab -nodisplay -r optimize_NL_Mokokchung
108	:	1611330465.955	   263.065	0	393035	0	0	/software/Matlab/bin/matlab -nodisplay -r optimize_KA_Ballari
148	:	1611330710.005	    19.133	0	1222	0	0	/software/Matlab/bin/matlab -nodisplay -r optimize_AR_Siang
72	:	1611330420.573	   308.957	0	623590	0	0	/software/Matlab/bin/matlab -nodisplay -r optimize_RJ_Banswara
160	:	1611330718.462	    11.078	0	534	0	0	/software/Matlab/bin/matlab -nodisplay -r optimize_MH_Other_State
159	:	1611330717.147	    12.629	0	1229	0	0	/software/Matlab/bin/matlab -nodisplay -r optimize_BR_Sheikhpura
70	:	1611330419.538	   310.403	0	541968	0	0	/software/Matlab/bin/matlab -nodisplay -r optimize_GJ_Mehsana
73	:	1611330421.119	   309.321	0	525657	0	0	/software/Matlab/bin/matlab -nodisplay -r optimize_JK_Jammu
162	:	1611330719.676	    11.589	0	771	0	0	/software/Matlab/bin/matlab -nodisplay -r optimize_MZ_Saitual
75	:	1611330422.194	   310.752	0	555337	0	0	/software/Matlab/bin/matlab -nodisplay -r optimize_UP_Unnao
164	:	1611330720.751	    14.100	0	1208	0	0	/software/Matlab/bin/matlab -nodisplay -r optimize_HP_Una
165	:	1611330721.268	    13.859	0	1153	0	0	/software/Matlab/bin/matlab -nodisplay -r optimize_JK_Udhampur
176	:	1611330727.454	    10.295	0	941	0	0	/software/Matlab/bin/matlab -nodisplay -r optimize_OR_Bargarh
177	:	1611330727.985	     9.798	0	1008	0	0	/software/Matlab/bin/matlab -nodisplay -r optimize_NL_Kohima
169	:	1611330723.650	    14.218	0	1153	0	0	/software/Matlab/bin/matlab -nodisplay -r optimize_TN_Dindigul
170	:	1611330724.218	    14.240	0	1156	0	0	/software/Matlab/bin/matlab -nodisplay -r optimize_TN_Thanjavur
171	:	1611330724.756	    14.040	0	660	0	0	/software/Matlab/bin/matlab -nodisplay -r optimize_GJ_Tapi
83	:	1611330426.617	   312.812	0	472393	0	0	/software/Matlab/bin/matlab -nodisplay -r optimize_TN_Kanyakumari
85	:	1611330427.738	   311.875	0	581592	0	0	/software/Matlab/bin/matlab -nodisplay -r optimize_PB_Hoshiarpur
173	:	1611330725.837	    13.911	0	1220	0	0	/software/Matlab/bin/matlab -nodisplay -r optimize_WB_Purulia
175	:	1611330726.931	    13.347	0	1144	0	0	/software/Matlab/bin/matlab -nodisplay -r optimize_UP_Hapur
82	:	1611330426.012	   315.362	0	701238	0	0	/software/Matlab/bin/matlab -nodisplay -r optimize_ML_Ribhoi
90	:	1611330430.419	   311.221	0	541688	0	0	/software/Matlab/bin/matlab -nodisplay -r optimize_JK_Kupwara
181	:	1611330730.104	    11.811	0	935	0	0	/software/Matlab/bin/matlab -nodisplay -r optimize_KA_Udupi
88	:	1611330429.380	   313.405	0	536927	0	0	/software/Matlab/bin/matlab -nodisplay -r optimize_MH_Washim
91	:	1611330431.018	   312.337	0	573051	0	0	/software/Matlab/bin/matlab -nodisplay -r optimize_UP_Sonbhadra
189	:	1611330734.547	    12.141	0	534	0	0	/software/Matlab/bin/matlab -nodisplay -r optimize_TN_Other_State
187	:	1611330733.480	    15.000	0	1229	0	0	/software/Matlab/bin/matlab -nodisplay -r optimize_BR_Aurangabad
96	:	1611330436.872	   312.305	0	527548	0	0	/software/Matlab/bin/matlab -nodisplay -r optimize_UP_Deoria
196	:	1611330739.873	    13.093	0	4033	0	0	/software/Matlab/bin/matlab -nodisplay -r optimize_MH_Mumbai
182	:	1611330730.649	    22.384	0	1443	0	0	/software/Matlab/bin/matlab -nodisplay -r optimize_GJ_Porbandar
101	:	1611330441.772	   312.445	0	544144	0	0	/software/Matlab/bin/matlab -nodisplay -r optimize_TR_West_Tripura
198	:	1611330740.923	    13.486	0	938	0	0	/software/Matlab/bin/matlab -nodisplay -r optimize_MH_Gondia
200	:	1611330741.979	    13.870	0	1150	0	0	/software/Matlab/bin/matlab -nodisplay -r optimize_MH_Solapur
204	:	1611330744.155	    14.466	0	558	0	0	/software/Matlab/bin/matlab -nodisplay -r optimize_AR_Kamle
102	:	1611330447.022	   313.171	0	592731	0	0	/software/Matlab/bin/matlab -nodisplay -r optimize_CT_Uttar_Bastar_Kanker
191	:	1611330735.638	    25.947	0	1461	0	0	/software/Matlab/bin/matlab -nodisplay -r optimize_AR_Lower_Subansiri
163	:	1611330720.219	    45.127	0	52886	0	0	/software/Matlab/bin/matlab -nodisplay -r optimize_BR_Begusarai
210	:	1611330753.516	    15.793	0	1081	0	0	/software/Matlab/bin/matlab -nodisplay -r optimize_OR_Koraput
212	:	1611330754.826	    14.519	0	1005	0	0	/software/Matlab/bin/matlab -nodisplay -r optimize_RJ_Baran
214	:	1611330758.648	    13.463	0	570	0	0	/software/Matlab/bin/matlab -nodisplay -r optimize_AR_East_Kameng
107	:	1611330461.003	   314.063	0	534479	0	0	/software/Matlab/bin/matlab -nodisplay -r optimize_PB_Sangrur
112	:	1611330470.938	   313.233	0	389019	0	0	/software/Matlab/bin/matlab -nodisplay -r optimize_TN_Chennai
158	:	1611330715.928	    69.531	0	82621	0	0	/software/Matlab/bin/matlab -nodisplay -r optimize_BR_Banka
114	:	1611330482.803	   313.286	0	583830	0	0	/software/Matlab/bin/matlab -nodisplay -r optimize_MH_Bhandara
115	:	1611330495.209	   312.396	0	536651	0	0	/software/Matlab/bin/matlab -nodisplay -r optimize_MH_Nandurbar
116	:	1611330497.095	   310.981	0	567098	0	0	/software/Matlab/bin/matlab -nodisplay -r optimize_UP_Budaun
192	:	1611330737.758	    72.644	0	86618	0	0	/software/Matlab/bin/matlab -nodisplay -r optimize_KL_Palakkad
226	:	1611330808.393	    12.032	0	1151	0	0	/software/Matlab/bin/matlab -nodisplay -r optimize_CT_Bijapur
225	:	1611330807.612	    12.849	0	1239	0	0	/software/Matlab/bin/matlab -nodisplay -r optimize_TR_South_Tripura
117	:	1611330519.022	   312.243	0	530289	0	0	/software/Matlab/bin/matlab -nodisplay -r optimize_UT_Udham_Singh_Nagar
51	:	1611330409.350	   432.853	0	520	0	0	/software/Matlab/bin/matlab -nodisplay -r optimize_HR_Gurugram
230	:	1611330831.278	    12.610	0	950	0	0	/software/Matlab/bin/matlab -nodisplay -r optimize_OR_Malkangiri
118	:	1611330566.598	   310.863	0	535393	0	0	/software/Matlab/bin/matlab -nodisplay -r optimize_UP_Farrukhabad
119	:	1611330575.378	   311.359	0	450829	0	0	/software/Matlab/bin/matlab -nodisplay -r optimize_HR_Panipat
120	:	1611330582.363	   311.841	0	633807	0	0	/software/Matlab/bin/matlab -nodisplay -r optimize_JH_Dumka
77	:	1611330423.265	   475.527	0	518	0	0	/software/Matlab/bin/matlab -nodisplay -r optimize_MP_Indore
122	:	1611330636.902	   309.723	0	485059	0	0	/software/Matlab/bin/matlab -nodisplay -r optimize_JH_Giridih
127	:	1611330694.823	   310.421	0	582292	0	0	/software/Matlab/bin/matlab -nodisplay -r optimize_MP_Narsinghpur
129	:	1611330695.899	   309.666	0	569406	0	0	/software/Matlab/bin/matlab -nodisplay -r optimize_MP_Sagar
131	:	1611330698.407	   308.316	0	492971	0	0	/software/Matlab/bin/matlab -nodisplay -r optimize_RJ_Bharatpur
135	:	1611330701.029	   310.297	0	487998	0	0	/software/Matlab/bin/matlab -nodisplay -r optimize_UP_Lucknow
138	:	1611330702.592	   309.402	0	619945	0	0	/software/Matlab/bin/matlab -nodisplay -r optimize_RJ_Tonk
144	:	1611330707.149	   310.242	0	531328	0	0	/software/Matlab/bin/matlab -nodisplay -r optimize_GJ_Bharuch
143	:	1611330706.586	   311.278	0	494441	0	0	/software/Matlab/bin/matlab -nodisplay -r optimize_MH_Ahmednagar
134	:	1611330700.501	   318.618	0	676321	0	0	/software/Matlab/bin/matlab -nodisplay -r optimize_RJ_Jaisalmer
149	:	1611330710.603	   311.104	0	443827	0	0	/software/Matlab/bin/matlab -nodisplay -r optimize_MH_Nashik
152	:	1611330712.173	   309.857	0	574518	0	0	/software/Matlab/bin/matlab -nodisplay -r optimize_OR_Bhadrak
155	:	1611330714.246	   310.657	0	673856	0	0	/software/Matlab/bin/matlab -nodisplay -r optimize_ML_West_Garo_Hills
154	:	1611330713.486	   312.539	0	483244	0	0	/software/Matlab/bin/matlab -nodisplay -r optimize_AP_Y_S_R__Kadapa
156	:	1611330714.800	   311.429	0	548757	0	0	/software/Matlab/bin/matlab -nodisplay -r optimize_GJ_Amreli
151	:	1611330711.652	   318.538	0	541656	0	0	/software/Matlab/bin/matlab -nodisplay -r optimize_JH_Saraikela_Kharsawan
161	:	1611330719.166	   311.365	0	489117	0	0	/software/Matlab/bin/matlab -nodisplay -r optimize_TR_Khowai
167	:	1611330722.532	   309.269	0	635486	0	0	/software/Matlab/bin/matlab -nodisplay -r optimize_MP_Bhind
166	:	1611330721.985	   310.947	0	628558	0	0	/software/Matlab/bin/matlab -nodisplay -r optimize_RJ_Karauli
168	:	1611330723.079	   310.494	0	531195	0	0	/software/Matlab/bin/matlab -nodisplay -r optimize_BR_East_Champaran
246	:	1611331021.713	    12.721	0	1017	0	0	/software/Matlab/bin/matlab -nodisplay -r optimize_WB_Kalimpong
238	:	1611331005.251	    30.958	0	21128	0	0	/software/Matlab/bin/matlab -nodisplay -r optimize_OR_Kalahandi
174	:	1611330726.359	   311.893	0	435639	0	0	/software/Matlab/bin/matlab -nodisplay -r optimize_PB_Amritsar
179	:	1611330729.062	   309.443	0	467215	0	0	/software/Matlab/bin/matlab -nodisplay -r optimize_AP_East_Godavari
248	:	1611331024.911	    13.852	0	1144	0	0	/software/Matlab/bin/matlab -nodisplay -r optimize_GJ_Anand
178	:	1611330728.527	   310.427	0	521808	0	0	/software/Matlab/bin/matlab -nodisplay -r optimize_RJ_Dholpur
180	:	1611330729.576	   310.098	0	542181	0	0	/software/Matlab/bin/matlab -nodisplay -r optimize_JK_Bandipora
251	:	1611331030.206	    11.720	0	793	0	0	/software/Matlab/bin/matlab -nodisplay -r optimize_ML_East_Jaintia_Hills
183	:	1611330731.195	   311.344	0	589006	0	0	/software/Matlab/bin/matlab -nodisplay -r optimize_PB_Mansa
252	:	1611331030.834	    12.759	0	541	0	0	/software/Matlab/bin/matlab -nodisplay -r optimize_TN_Airport_Quarantine
188	:	1611330734.015	   310.275	0	701040	0	0	/software/Matlab/bin/matlab -nodisplay -r optimize_RJ_Pratapgarh
184	:	1611330731.776	   312.882	0	556528	0	0	/software/Matlab/bin/matlab -nodisplay -r optimize_HP_Sirmaur
190	:	1611330735.068	   309.868	0	622187	0	0	/software/Matlab/bin/matlab -nodisplay -r optimize_MP_Sidhi
172	:	1611330725.307	   319.641	0	532250	0	0	/software/Matlab/bin/matlab -nodisplay -r optimize_KA_Gadag
254	:	1611331032.938	    12.638	0	530	0	0	/software/Matlab/bin/matlab -nodisplay -r optimize_SK_Unknown
186	:	1611330732.898	   312.688	0	565348	0	0	/software/Matlab/bin/matlab -nodisplay -r optimize_UP_Bhadohi
185	:	1611330732.357	   313.320	0	468823	0	0	/software/Matlab/bin/matlab -nodisplay -r optimize_UP_Kanpur_Nagar
256	:	1611331034.439	    11.768	0	947	0	0	/software/Matlab/bin/matlab -nodisplay -r optimize_OR_Sambalpur
253	:	1611331031.808	    14.703	0	1150	0	0	/software/Matlab/bin/matlab -nodisplay -r optimize_RJ_Udaipur
255	:	1611331033.580	    14.085	0	783	0	0	/software/Matlab/bin/matlab -nodisplay -r optimize_AR_Pakke_Kessang
193	:	1611330738.271	   309.562	0	437670	0	0	/software/Matlab/bin/matlab -nodisplay -r optimize_PB_Ludhiana
247	:	1611331022.297	    25.953	0	13641	0	0	/software/Matlab/bin/matlab -nodisplay -r optimize_UP_Chitrakoot
195	:	1611330739.355	   309.615	0	460418	0	0	/software/Matlab/bin/matlab -nodisplay -r optimize_MH_Satara
194	:	1611330738.797	   310.828	0	520270	0	0	/software/Matlab/bin/matlab -nodisplay -r optimize_BR_Khagaria
264	:	1611331042.546	    10.759	0	558	0	0	/software/Matlab/bin/matlab -nodisplay -r optimize_MZ_Saiha
197	:	1611330740.379	   313.023	0	528877	0	0	/software/Matlab/bin/matlab -nodisplay -r optimize_KA_Haveri
199	:	1611330741.473	   312.287	0	475330	0	0	/software/Matlab/bin/matlab -nodisplay -r optimize_PB_Jalandhar
202	:	1611330743.070	   311.663	0	540006	0	0	/software/Matlab/bin/matlab -nodisplay -r optimize_PB_Moga
201	:	1611330742.514	   313.138	0	531891	0	0	/software/Matlab/bin/matlab -nodisplay -r optimize_UP_Sultanpur
267	:	1611331044.886	    11.252	0	965	0	0	/software/Matlab/bin/matlab -nodisplay -r optimize_KA_Bengaluru_Urban
265	:	1611331043.599	    14.312	0	4312	0	0	/software/Matlab/bin/matlab -nodisplay -r optimize_JH_Khunti
270	:	1611331046.502	    11.639	0	775	0	0	/software/Matlab/bin/matlab -nodisplay -r optimize_AR_Lepa_Rada
203	:	1611330743.617	   314.935	0	701032	0	0	/software/Matlab/bin/matlab -nodisplay -r optimize_MP_Umaria
206	:	1611330746.694	   312.618	0	582147	0	0	/software/Matlab/bin/matlab -nodisplay -r optimize_MP_Damoh
205	:	1611330744.719	   314.837	0	518659	0	0	/software/Matlab/bin/matlab -nodisplay -r optimize_MH_Yavatmal
271	:	1611331047.031	    12.587	0	1256	0	0	/software/Matlab/bin/matlab -nodisplay -r optimize_UP_Gautam_Buddha_Nagar
272	:	1611331047.553	    12.138	0	793	0	0	/software/Matlab/bin/matlab -nodisplay -r optimize_TN_Railway_Quarantine
208	:	1611330749.186	   311.962	0	512287	0	0	/software/Matlab/bin/matlab -nodisplay -r optimize_BR_Saran
274	:	1611331048.626	    13.294	0	1147	0	0	/software/Matlab/bin/matlab -nodisplay -r optimize_RJ_Nagaur
275	:	1611331049.193	    13.194	0	1153	0	0	/software/Matlab/bin/matlab -nodisplay -r optimize_JK_Anantnag
207	:	1611330748.506	   314.240	0	439210	0	0	/software/Matlab/bin/matlab -nodisplay -r optimize_UP_Ghaziabad
266	:	1611331044.298	    19.247	0	1222	0	0	/software/Matlab/bin/matlab -nodisplay -r optimize_JH_Pakur
277	:	1611331050.310	    13.600	0	1153	0	0	/software/Matlab/bin/matlab -nodisplay -r optimize_UT_Nainital
268	:	1611331045.416	    20.094	0	1252	0	0	/software/Matlab/bin/matlab -nodisplay -r optimize_ML_East_Garo_Hills
279	:	1611331051.392	    14.594	0	789	0	0	/software/Matlab/bin/matlab -nodisplay -r optimize_AP_Foreign_Evacuees
209	:	1611330752.971	   313.390	0	585368	0	0	/software/Matlab/bin/matlab -nodisplay -r optimize_MH_Wardha
280	:	1611331053.330	    13.986	0	1171	0	0	/software/Matlab/bin/matlab -nodisplay -r optimize_CT_Janjgir_Champa
213	:	1611330755.866	   312.202	0	687219	0	0	/software/Matlab/bin/matlab -nodisplay -r optimize_OR_Deogarh
283	:	1611331054.980	    15.328	0	1153	0	0	/software/Matlab/bin/matlab -nodisplay -r optimize_PB_Rupnagar
286	:	1611331057.917	    12.885	0	1226	0	0	/software/Matlab/bin/matlab -nodisplay -r optimize_BR_Sitamarhi
285	:	1611331056.208	    15.151	0	1214	0	0	/software/Matlab/bin/matlab -nodisplay -r optimize_GJ_Dahod
215	:	1611330760.234	   313.217	0	463780	0	0	/software/Matlab/bin/matlab -nodisplay -r optimize_AP_Prakasam
211	:	1611330754.236	   320.779	0	600714	0	0	/software/Matlab/bin/matlab -nodisplay -r optimize_MP_Katni
216	:	1611330761.610	   313.889	0	648796	0	0	/software/Matlab/bin/matlab -nodisplay -r optimize_RJ_Sawai_Madhopur
295	:	1611331062.785	    15.088	0	1150	0	0	/software/Matlab/bin/matlab -nodisplay -r optimize_HR_Bhiwani
296	:	1611331063.342	    16.114	0	775	0	0	/software/Matlab/bin/matlab -nodisplay -r optimize_NL_Zunheboto
299	:	1611331065.531	    13.939	0	950	0	0	/software/Matlab/bin/matlab -nodisplay -r optimize_PY_Puducherry
217	:	1611330765.353	   314.802	0	582637	0	0	/software/Matlab/bin/matlab -nodisplay -r optimize_MP_Jhabua
290	:	1611331060.049	    21.335	0	1225	0	0	/software/Matlab/bin/matlab -nodisplay -r optimize_AR_Namsai
302	:	1611331067.320	    14.570	0	530	0	0	/software/Matlab/bin/matlab -nodisplay -r optimize_TG_Unknown
218	:	1611330769.315	   313.148	0	464131	0	0	/software/Matlab/bin/matlab -nodisplay -r optimize_AP_Anantapur
219	:	1611330769.995	   313.281	0	597967	0	0	/software/Matlab/bin/matlab -nodisplay -r optimize_MP_Datia
220	:	1611330772.136	   311.495	0	557018	0	0	/software/Matlab/bin/matlab -nodisplay -r optimize_JH_Garhwa
305	:	1611331070.926	    16.162	0	1183	0	0	/software/Matlab/bin/matlab -nodisplay -r optimize_KL_Thiruvananthapuram
300	:	1611331066.070	    22.288	0	1222	0	0	/software/Matlab/bin/matlab -nodisplay -r optimize_AR_Tirap
309	:	1611331075.607	    14.791	0	1229	0	0	/software/Matlab/bin/matlab -nodisplay -r optimize_KA_Ramanagara
310	:	1611331077.884	    14.389	0	1159	0	0	/software/Matlab/bin/matlab -nodisplay -r optimize_TN_Tirupathur
314	:	1611331081.390	    13.337	0	1102	0	0	/software/Matlab/bin/matlab -nodisplay -r optimize_TN_Ramanathapuram
221	:	1611330775.075	   320.713	0	529313	0	0	/software/Matlab/bin/matlab -nodisplay -r optimize_UP_Meerut
315	:	1611331081.899	    15.286	0	1156	0	0	/software/Matlab/bin/matlab -nodisplay -r optimize_OR_Kendujhar
222	:	1611330784.194	   313.523	0	561498	0	0	/software/Matlab/bin/matlab -nodisplay -r optimize_UP_Shamli
316	:	1611331082.475	    15.532	0	7531	0	0	/software/Matlab/bin/matlab -nodisplay -r optimize_JK_Shopiyan
317	:	1611331083.283	    16.098	0	1150	0	0	/software/Matlab/bin/matlab -nodisplay -r optimize_MH_Palghar
288	:	1611331058.989	    40.702	0	37832	0	0	/software/Matlab/bin/matlab -nodisplay -r optimize_MH_Sindhudurg
223	:	1611330785.470	   314.473	0	536232	0	0	/software/Matlab/bin/matlab -nodisplay -r optimize_UP_Kushinagar
306	:	1611331071.474	    28.591	0	9968	0	0	/software/Matlab/bin/matlab -nodisplay -r optimize_MH_Chandrapur
323	:	1611331094.735	    14.597	0	1144	0	0	/software/Matlab/bin/matlab -nodisplay -r optimize_CT_Sukma
224	:	1611330796.096	   315.509	0	665797	0	0	/software/Matlab/bin/matlab -nodisplay -r optimize_JK_Reasi
330	:	1611331100.497	    14.881	0	944	0	0	/software/Matlab/bin/matlab -nodisplay -r optimize_UT_Haridwar
331	:	1611331101.075	    16.626	0	1141	0	0	/software/Matlab/bin/matlab -nodisplay -r optimize_RJ_Pali
227	:	1611330810.414	   312.713	0	476658	0	0	/software/Matlab/bin/matlab -nodisplay -r optimize_JK_Kulgam
333	:	1611331111.624	    14.017	0	1142	0	0	/software/Matlab/bin/matlab -nodisplay -r optimize_PY_Mahe
334	:	1611331115.396	    14.446	0	935	0	0	/software/Matlab/bin/matlab -nodisplay -r optimize_DL_Delhi
294	:	1611331062.256	    69.829	0	21309	0	0	/software/Matlab/bin/matlab -nodisplay -r optimize_UP_Barabanki
229	:	1611330821.107	   311.300	0	481911	0	0	/software/Matlab/bin/matlab -nodisplay -r optimize_TN_Sivaganga
335	:	1611331117.726	    14.927	0	4392	0	0	/software/Matlab/bin/matlab -nodisplay -r optimize_HP_Lahaul_and_Spiti
228	:	1611330820.445	   313.222	0	534342	0	0	/software/Matlab/bin/matlab -nodisplay -r optimize_TN_Perambalur
338	:	1611331129.860	    12.794	0	580	0	0	/software/Matlab/bin/matlab -nodisplay -r optimize_ML_South_Garo_Hills
340	:	1611331132.654	    11.731	0	959	0	0	/software/Matlab/bin/matlab -nodisplay -r optimize_AP_West_Godavari
339	:	1611331132.109	    13.296	0	564	0	0	/software/Matlab/bin/matlab -nodisplay -r optimize_AR_Shi_Yomi
341	:	1611331133.215	    13.078	0	321	0	0	/software/Matlab/bin/matlab -nodisplay -r optimize_AN_Unknown
231	:	1611330842.207	   310.451	0	686098	0	0	/software/Matlab/bin/matlab -nodisplay -r optimize_UP_Mahoba
232	:	1611330843.894	   310.073	0	584252	0	0	/software/Matlab/bin/matlab -nodisplay -r optimize_MH_Gadchiroli
344	:	1611331144.406	    16.562	0	956	0	0	/software/Matlab/bin/matlab -nodisplay -r optimize_TN_Kancheepuram
346	:	1611331146.318	    15.856	0	1211	0	0	/software/Matlab/bin/matlab -nodisplay -r optimize_MP_Dhar
347	:	1611331152.672	    12.883	0	938	0	0	/software/Matlab/bin/matlab -nodisplay -r optimize_HP_Kangra
348	:	1611331153.982	    13.697	0	586	0	0	/software/Matlab/bin/matlab -nodisplay -r optimize_AR_Lower_Dibang_Valley
350	:	1611331162.198	    12.671	0	965	0	0	/software/Matlab/bin/matlab -nodisplay -r optimize_KA_Chikkaballapura
343	:	1611331142.658	    39.713	0	32222	0	0	/software/Matlab/bin/matlab -nodisplay -r optimize_BR_Siwan
233	:	1611330877.470	   309.707	0	530347	0	0	/software/Matlab/bin/matlab -nodisplay -r optimize_KA_Kolar
234	:	1611330886.745	   310.208	0	614418	0	0	/software/Matlab/bin/matlab -nodisplay -r optimize_MZ_Aizawl
235	:	1611330894.212	   308.163	0	497799	0	0	/software/Matlab/bin/matlab -nodisplay -r optimize_HR_Sonipat
236	:	1611330898.798	   310.130	0	498356	0	0	/software/Matlab/bin/matlab -nodisplay -r optimize_BR_Gaya
356	:	1611331196.960	    12.795	0	1020	0	0	/software/Matlab/bin/matlab -nodisplay -r optimize_TR_Sipahijala
357	:	1611331202.384	    11.179	0	564	0	0	/software/Matlab/bin/matlab -nodisplay -r optimize_AR_Longding
358	:	1611331208.937	    12.121	0	556	0	0	/software/Matlab/bin/matlab -nodisplay -r optimize_NL_Phek
360	:	1611331213.578	    15.207	0	775	0	0	/software/Matlab/bin/matlab -nodisplay -r optimize_AR_Kra_Daadi
362	:	1611331228.789	    10.958	0	941	0	0	/software/Matlab/bin/matlab -nodisplay -r optimize_UT_Chamoli
363	:	1611331239.753	    12.520	0	1075	0	0	/software/Matlab/bin/matlab -nodisplay -r optimize_BR_Arwal
237	:	1611330946.646	   312.470	0	579507	0	0	/software/Matlab/bin/matlab -nodisplay -r optimize_PB_Shahid_Bhagat_Singh_Nagar
364	:	1611331252.302	    19.430	0	1437	0	0	/software/Matlab/bin/matlab -nodisplay -r optimize_NL_Kiphire
240	:	1611331006.730	   309.819	0	497096	0	0	/software/Matlab/bin/matlab -nodisplay -r optimize_KA_Bidar
239	:	1611331005.872	   312.154	0	615681	0	0	/software/Matlab/bin/matlab -nodisplay -r optimize_CT_Narayanpur
304	:	1611331070.347	   248.792	0	368925	0	0	/software/Matlab/bin/matlab -nodisplay -r optimize_MP_Gwalior
242	:	1611331012.004	   311.763	0	533995	0	0	/software/Matlab/bin/matlab -nodisplay -r optimize_JH_East_Singhbhum
241	:	1611331011.350	   312.577	0	538123	0	0	/software/Matlab/bin/matlab -nodisplay -r optimize_UP_Shahjahanpur
244	:	1611331018.103	   309.930	0	584596	0	0	/software/Matlab/bin/matlab -nodisplay -r optimize_MP_Rewa
243	:	1611331017.397	   312.279	0	504871	0	0	/software/Matlab/bin/matlab -nodisplay -r optimize_TN_Thiruvarur
368	:	1611331318.033	    13.247	0	1217	0	0	/software/Matlab/bin/matlab -nodisplay -r optimize_MP_Sehore
245	:	1611331019.126	   312.264	0	587886	0	0	/software/Matlab/bin/matlab -nodisplay -r optimize_CT_Korba
249	:	1611331026.045	   309.293	0	532167	0	0	/software/Matlab/bin/matlab -nodisplay -r optimize_JK_Punch
372	:	1611331328.042	     9.855	0	592	0	0	/software/Matlab/bin/matlab -nodisplay -r optimize_ML_South_West_Khasi_Hills
369	:	1611331319.147	    18.838	0	1240	0	0	/software/Matlab/bin/matlab -nodisplay -r optimize_AR_West_Kameng
250	:	1611331026.561	   312.399	0	568638	0	0	/software/Matlab/bin/matlab -nodisplay -r optimize_JK_Rajouri
375	:	1611331331.926	    13.098	0	775	0	0	/software/Matlab/bin/matlab -nodisplay -r optimize_MZ_Hnahthial
376	:	1611331335.346	    11.213	0	320	0	0	/software/Matlab/bin/matlab -nodisplay -r optimize_NL_Others
258	:	1611331038.278	   309.472	0	585016	0	0	/software/Matlab/bin/matlab -nodisplay -r optimize_GJ_Patan
257	:	1611331036.214	   311.782	0	520056	0	0	/software/Matlab/bin/matlab -nodisplay -r optimize_UP_Basti
260	:	1611331039.385	   311.187	0	513830	0	0	/software/Matlab/bin/matlab -nodisplay -r optimize_BR_Gopalganj
259	:	1611331038.841	   312.230	0	487855	0	0	/software/Matlab/bin/matlab -nodisplay -r optimize_CT_Durg
263	:	1611331041.940	   309.529	0	562343	0	0	/software/Matlab/bin/matlab -nodisplay -r optimize_MP_Hoshangabad
261	:	1611331039.938	   311.607	0	544419	0	0	/software/Matlab/bin/matlab -nodisplay -r optimize_TN_Nilgiris
262	:	1611331040.484	   311.322	0	577325	0	0	/software/Matlab/bin/matlab -nodisplay -r optimize_UP_Ambedkar_Nagar
269	:	1611331045.945	   308.878	0	569338	0	0	/software/Matlab/bin/matlab -nodisplay -r optimize_LA_Kargil
284	:	1611331055.657	   299.185	0	507181	0	0	/software/Matlab/bin/matlab -nodisplay -r optimize_JH_Hazaribagh
380	:	1611331345.030	    12.746	0	534	0	0	/software/Matlab/bin/matlab -nodisplay -r optimize_AP_Other_State
273	:	1611331048.111	   313.550	0	521458	0	0	/software/Matlab/bin/matlab -nodisplay -r optimize_UP_Aligarh
278	:	1611331050.852	   312.517	0	557370	0	0	/software/Matlab/bin/matlab -nodisplay -r optimize_KL_Alappuzha
281	:	1611331053.886	   313.505	0	539798	0	0	/software/Matlab/bin/matlab -nodisplay -r optimize_JH_Dhanbad
383	:	1611331348.379	    19.751	0	1252	0	0	/software/Matlab/bin/matlab -nodisplay -r optimize_AR_Upper_Subansiri
289	:	1611331059.540	   311.526	0	543860	0	0	/software/Matlab/bin/matlab -nodisplay -r optimize_OR_Dhenkanal
276	:	1611331049.726	   321.348	0	564679	0	0	/software/Matlab/bin/matlab -nodisplay -r optimize_ML_East_Khasi_Hills
287	:	1611331058.476	   313.299	0	405682	0	0	/software/Matlab/bin/matlab -nodisplay -r optimize_TN_Thiruvallur
291	:	1611331060.595	   311.388	0	549953	0	0	/software/Matlab/bin/matlab -nodisplay -r optimize_UP_Kanpur_Dehat
292	:	1611331061.119	   312.725	0	572769	0	0	/software/Matlab/bin/matlab -nodisplay -r optimize_PB_Faridkot
392	:	1611331361.669	    12.380	0	570	0	0	/software/Matlab/bin/matlab -nodisplay -r optimize_AR_Lower_Siang
293	:	1611331061.686	   313.247	0	597479	0	0	/software/Matlab/bin/matlab -nodisplay -r optimize_CT_Bametara
282	:	1611331054.433	   320.905	0	526935	0	0	/software/Matlab/bin/matlab -nodisplay -r optimize_BR_Purnia
297	:	1611331063.886	   312.332	0	551278	0	0	/software/Matlab/bin/matlab -nodisplay -r optimize_UP_Sitapur
389	:	1611331354.830	    21.666	0	1222	0	0	/software/Matlab/bin/matlab -nodisplay -r optimize_GJ_Botad
393	:	1611331363.376	    13.763	0	941	0	0	/software/Matlab/bin/matlab -nodisplay -r optimize_CT_Surguja
298	:	1611331064.403	   313.962	0	600696	0	0	/software/Matlab/bin/matlab -nodisplay -r optimize_RJ_Bundi
395	:	1611331368.135	    11.923	0	767	0	0	/software/Matlab/bin/matlab -nodisplay -r optimize_MZ_Mamit
301	:	1611331066.592	   313.480	0	437667	0	0	/software/Matlab/bin/matlab -nodisplay -r optimize_HR_Karnal
303	:	1611331068.074	   313.232	0	622469	0	0	/software/Matlab/bin/matlab -nodisplay -r optimize_MP_Balaghat
394	:	1611331367.410	    13.948	0	1171	0	0	/software/Matlab/bin/matlab -nodisplay -r optimize_KA_Uttara_Kannada
397	:	1611331371.637	    11.398	0	1165	0	0	/software/Matlab/bin/matlab -nodisplay -r optimize_PB_S_A_S__Nagar
396	:	1611331371.075	    13.307	0	1141	0	0	/software/Matlab/bin/matlab -nodisplay -r optimize_RJ_Kota
400	:	1611331373.858	    11.511	0	956	0	0	/software/Matlab/bin/matlab -nodisplay -r optimize_CT_Baloda_Bazar
401	:	1611331374.407	    11.342	0	529	0	0	/software/Matlab/bin/matlab -nodisplay -r optimize_GJ_Valsad
307	:	1611331073.470	   312.668	0	552887	0	0	/software/Matlab/bin/matlab -nodisplay -r optimize_TR_Dhalai
399	:	1611331372.715	    13.723	0	1144	0	0	/software/Matlab/bin/matlab -nodisplay -r optimize_MH_Dhule
404	:	1611331376.238	    11.004	0	1147	0	0	/software/Matlab/bin/matlab -nodisplay -r optimize_RJ_Sirohi
403	:	1611331375.506	    13.516	0	771	0	0	/software/Matlab/bin/matlab -nodisplay -r optimize_MZ_Lunglei
402	:	1611331374.944	    14.631	0	1150	0	0	/software/Matlab/bin/matlab -nodisplay -r optimize_RJ_Jodhpur
308	:	1611331075.038	   315.490	0	566821	0	0	/software/Matlab/bin/matlab -nodisplay -r optimize_UT_Uttarkashi
311	:	1611331079.470	   311.207	0	479810	0	0	/software/Matlab/bin/matlab -nodisplay -r optimize_AP_Chittoor
405	:	1611331376.755	    14.042	0	1156	0	0	/software/Matlab/bin/matlab -nodisplay -r optimize_RJ_Dungarpur
410	:	1611331381.313	    11.238	0	935	0	0	/software/Matlab/bin/matlab -nodisplay -r optimize_GJ_Kheda
313	:	1611331080.567	   313.183	0	577457	0	0	/software/Matlab/bin/matlab -nodisplay -r optimize_CT_Bastar
411	:	1611331381.907	    11.892	0	938	0	0	/software/Matlab/bin/matlab -nodisplay -r optimize_JK_Budgam
312	:	1611331080.027	   313.950	0	532596	0	0	/software/Matlab/bin/matlab -nodisplay -r optimize_UP_Lakhimpur_Kheri
318	:	1611331083.838	   312.144	0	526847	0	0	/software/Matlab/bin/matlab -nodisplay -r optimize_UP_Gonda
319	:	1611331087.094	   311.234	0	470516	0	0	/software/Matlab/bin/matlab -nodisplay -r optimize_CT_Dakshin_Bastar_Dantewada
320	:	1611331088.379	   311.937	0	537908	0	0	/software/Matlab/bin/matlab -nodisplay -r optimize_UP_Rampur
416	:	1611331386.437	    15.379	0	1147	0	0	/software/Matlab/bin/matlab -nodisplay -r optimize_KA_Koppal
322	:	1611331092.292	   312.029	0	443338	0	0	/software/Matlab/bin/matlab -nodisplay -r optimize_MH_Jalgaon
321	:	1611331090.422	   314.052	0	504098	0	0	/software/Matlab/bin/matlab -nodisplay -r optimize_UP_Jaunpur
424	:	1611331392.556	    13.342	0	1147	0	0	/software/Matlab/bin/matlab -nodisplay -r optimize_UP_Jalaun
324	:	1611331095.802	   311.366	0	647603	0	0	/software/Matlab/bin/matlab -nodisplay -r optimize_UT_Rudraprayag
427	:	1611331394.847	    12.442	0	564	0	0	/software/Matlab/bin/matlab -nodisplay -r optimize_MZ_Khawzawl
425	:	1611331393.757	    13.562	0	959	0	0	/software/Matlab/bin/matlab -nodisplay -r optimize_UT_Pauri_Garhwal
423	:	1611331391.619	    15.957	0	779	0	0	/software/Matlab/bin/matlab -nodisplay -r optimize_AR_Upper_Siang
326	:	1611331097.725	   311.683	0	624363	0	0	/software/Matlab/bin/matlab -nodisplay -r optimize_RJ_Hanumangarh
428	:	1611331396.010	    13.687	0	953	0	0	/software/Matlab/bin/matlab -nodisplay -r optimize_GJ_Banaskantha
325	:	1611331097.200	   313.128	0	571303	0	0	/software/Matlab/bin/matlab -nodisplay -r optimize_CT_Rajnandgaon
327	:	1611331098.275	   312.103	0	496891	0	0	/software/Matlab/bin/matlab -nodisplay -r optimize_HR_Faridabad
329	:	1611331099.930	   312.612	0	501659	0	0	/software/Matlab/bin/matlab -nodisplay -r optimize_WB_North_24_Parganas
328	:	1611331099.391	   313.499	0	490939	0	0	/software/Matlab/bin/matlab -nodisplay -r optimize_BR_Bhojpur
430	:	1611331400.326	    14.259	0	1150	0	0	/software/Matlab/bin/matlab -nodisplay -r optimize_KA_Raichur
426	:	1611331394.298	    22.616	0	1231	0	0	/software/Matlab/bin/matlab -nodisplay -r optimize_NL_Tuensang
432	:	1611331404.342	    13.543	0	530	0	0	/software/Matlab/bin/matlab -nodisplay -r optimize_BR_Sheohar
436	:	1611331407.697	    13.072	0	4033	0	0	/software/Matlab/bin/matlab -nodisplay -r optimize_MP_Bhopal
442	:	1611331411.095	    13.930	0	533	0	0	/software/Matlab/bin/matlab -nodisplay -r optimize_AR_East_Siang
332	:	1611331109.347	   315.697	0	540568	0	0	/software/Matlab/bin/matlab -nodisplay -r optimize_UP_Mathura
419	:	1611331389.044	    36.120	0	17241	0	0	/software/Matlab/bin/matlab -nodisplay -r optimize_TN_Theni
444	:	1611331413.125	    13.160	0	319	0	0	/software/Matlab/bin/matlab -nodisplay -r optimize_DN_Daman
387	:	1611331352.296	    74.798	0	89284	0	0	/software/Matlab/bin/matlab -nodisplay -r optimize_HR_Kurukshetra
433	:	1611331404.918	    23.384	0	1464	0	0	/software/Matlab/bin/matlab -nodisplay -r optimize_ML_West_Khasi_Hills
446	:	1611331416.932	    12.994	0	321	0	0	/software/Matlab/bin/matlab -nodisplay -r optimize_MN_Unknown
437	:	1611331408.240	    23.372	0	1431	0	0	/software/Matlab/bin/matlab -nodisplay -r optimize_NL_Wokha
447	:	1611331417.891	    15.726	0	533	0	0	/software/Matlab/bin/matlab -nodisplay -r optimize_AR_West_Siang
448	:	1611331420.787	    12.894	0	938	0	0	/software/Matlab/bin/matlab -nodisplay -r optimize_BR_Munger
391	:	1611331357.798	    76.587	0	109954	0	0	/software/Matlab/bin/matlab -nodisplay -r optimize_RJ_Dausa
336	:	1611331123.150	   312.325	0	534761	0	0	/software/Matlab/bin/matlab -nodisplay -r optimize_HR_Panchkula
337	:	1611331125.664	   312.747	0	453699	0	0	/software/Matlab/bin/matlab -nodisplay -r optimize_MH_Kolhapur
449	:	1611331425.044	    16.274	0	1165	0	0	/software/Matlab/bin/matlab -nodisplay -r optimize_AP_Vizianagaram
451	:	1611331426.131	    16.238	0	1147	0	0	/software/Matlab/bin/matlab -nodisplay -r optimize_UP_Jhansi
456	:	1611331431.631	    15.030	0	1156	0	0	/software/Matlab/bin/matlab -nodisplay -r optimize_MH_Ratnagiri
457	:	1611331433.636	    13.448	0	564	0	0	/software/Matlab/bin/matlab -nodisplay -r optimize_RJ_Italians
342	:	1611331133.745	   313.431	0	537986	0	0	/software/Matlab/bin/matlab -nodisplay -r optimize_WB_Uttar_Dinajpur
459	:	1611331434.706	    14.032	0	773	0	0	/software/Matlab/bin/matlab -nodisplay -r optimize_MZ_Serchhip
460	:	1611331435.483	    14.351	0	956	0	0	/software/Matlab/bin/matlab -nodisplay -r optimize_TN_Chengalpattu
463	:	1611331442.386	    13.034	0	773	0	0	/software/Matlab/bin/matlab -nodisplay -r optimize_NL_Longleng
345	:	1611331145.428	   313.166	0	686238	0	0	/software/Matlab/bin/matlab -nodisplay -r optimize_MP_Sheopur
467	:	1611331448.760	    13.286	0	570	0	0	/software/Matlab/bin/matlab -nodisplay -r optimize_RJ_Other_State
462	:	1611331441.330	    24.163	0	1461	0	0	/software/Matlab/bin/matlab -nodisplay -r optimize_GJ_Devbhumi_Dwarka
468	:	1611331449.839	    16.983	0	530	0	0	/software/Matlab/bin/matlab -nodisplay -r optimize_AS_Unknown
469	:	1611331455.425	    13.969	0	938	0	0	/software/Matlab/bin/matlab -nodisplay -r optimize_JK_Ramban
349	:	1611331160.972	   309.822	0	482887	0	0	/software/Matlab/bin/matlab -nodisplay -r optimize_BR_Patna
351	:	1611331165.576	   309.937	0	539170	0	0	/software/Matlab/bin/matlab -nodisplay -r optimize_MP_Khargone
472	:	1611331465.518	    12.069	0	938	0	0	/software/Matlab/bin/matlab -nodisplay -r optimize_KL_Idukki
353	:	1611331174.890	   302.808	0	701234	0	0	/software/Matlab/bin/matlab -nodisplay -r optimize_MP_Guna
352	:	1611331167.687	   311.082	0	550655	0	0	/software/Matlab/bin/matlab -nodisplay -r optimize_UP_Siddharthnagar
475	:	1611331470.806	    12.558	0	950	0	0	/software/Matlab/bin/matlab -nodisplay -r optimize_KL_Malappuram
354	:	1611331182.394	   310.859	0	641021	0	0	/software/Matlab/bin/matlab -nodisplay -r optimize_MP_Singrauli
479	:	1611331478.780	    14.778	0	1011	0	0	/software/Matlab/bin/matlab -nodisplay -r optimize_JH_Simdega
355	:	1611331187.190	   312.054	0	414990	0	0	/software/Matlab/bin/matlab -nodisplay -r optimize_GJ_Jamnagar
450	:	1611331425.584	    81.149	0	90536	0	0	/software/Matlab/bin/matlab -nodisplay -r optimize_AP_Guntur
359	:	1611331209.760	   311.301	0	631147	0	0	/software/Matlab/bin/matlab -nodisplay -r optimize_MP_Seoni
361	:	1611331221.063	   310.022	0	535671	0	0	/software/Matlab/bin/matlab -nodisplay -r optimize_JK_Ganderbal
485	:	1611331521.069	    11.974	0	592	0	0	/software/Matlab/bin/matlab -nodisplay -r optimize_CT_Gaurela_Pendra_Marwahi
486	:	1611331531.098	    13.599	0	324	0	0	/software/Matlab/bin/matlab -nodisplay -r optimize_MP_Ashoknagar
488	:	1611331544.715	    18.432	0	1270	0	0	/software/Matlab/bin/matlab -nodisplay -r optimize_ML_South_West_Garo_Hills
365	:	1611331259.124	   309.819	0	486326	0	0	/software/Matlab/bin/matlab -nodisplay -r optimize_AP_S_P_S__Nellore
489	:	1611331563.152	    11.605	0	1220	0	0	/software/Matlab/bin/matlab -nodisplay -r optimize_UP_Kannauj
366	:	1611331271.738	   310.259	0	526081	0	0	/software/Matlab/bin/matlab -nodisplay -r optimize_GJ_Bhavnagar
367	:	1611331316.556	   309.641	0	531606	0	0	/software/Matlab/bin/matlab -nodisplay -r optimize_MH_Beed
371	:	1611331324.382	   310.736	0	582637	0	0	/software/Matlab/bin/matlab -nodisplay -r optimize_JH_Chatra
493	:	1611331626.206	    10.797	0	965	0	0	/software/Matlab/bin/matlab -nodisplay -r optimize_KA_Chamarajanagara
373	:	1611331329.684	   310.907	0	553029	0	0	/software/Matlab/bin/matlab -nodisplay -r optimize_CT_Bilaspur
370	:	1611331323.790	   317.463	0	590915	0	0	/software/Matlab/bin/matlab -nodisplay -r optimize_MP_Raisen
374	:	1611331331.292	   310.412	0	583339	0	0	/software/Matlab/bin/matlab -nodisplay -r optimize_MP_Shahdol
494	:	1611331635.130	    12.105	0	779	0	0	/software/Matlab/bin/matlab -nodisplay -r optimize_WB_Other_State
495	:	1611331637.009	    10.383	0	947	0	0	/software/Matlab/bin/matlab -nodisplay -r optimize_MH_Osmanabad
377	:	1611331337.901	   310.991	0	513829	0	0	/software/Matlab/bin/matlab -nodisplay -r optimize_OR_Khordha
378	:	1611331338.434	   310.822	0	544694	0	0	/software/Matlab/bin/matlab -nodisplay -r optimize_UP_Mau
379	:	1611331338.972	   312.055	0	536369	0	0	/software/Matlab/bin/matlab -nodisplay -r optimize_UP_Mirzapur
496	:	1611331640.598	    10.991	0	1090	0	0	/software/Matlab/bin/matlab -nodisplay -r optimize_PB_Tarn_Taran
498	:	1611331641.852	    13.249	0	1147	0	0	/software/Matlab/bin/matlab -nodisplay -r optimize_WB_Howrah
381	:	1611331346.564	   310.002	0	644100	0	0	/software/Matlab/bin/matlab -nodisplay -r optimize_HP_Hamirpur
382	:	1611331347.761	   309.685	0	527831	0	0	/software/Matlab/bin/matlab -nodisplay -r optimize_BR_Madhepura
384	:	1611331350.580	   308.998	0	526500	0	0	/software/Matlab/bin/matlab -nodisplay -r optimize_UT_Dehradun
502	:	1611331649.429	    11.748	0	1156	0	0	/software/Matlab/bin/matlab -nodisplay -r optimize_GJ_Ahmedabad
385	:	1611331351.183	   310.556	0	558487	0	0	/software/Matlab/bin/matlab -nodisplay -r optimize_JH_Bokaro
388	:	1611331352.815	   309.306	0	427166	0	0	/software/Matlab/bin/matlab -nodisplay -r optimize_UP_Agra
503	:	1611331651.034	    11.518	0	1144	0	0	/software/Matlab/bin/matlab -nodisplay -r optimize_HP_Solan
386	:	1611331351.742	   312.644	0	461188	0	0	/software/Matlab/bin/matlab -nodisplay -r optimize_TN_Ranipet
390	:	1611331355.385	   310.750	0	555062	0	0	/software/Matlab/bin/matlab -nodisplay -r optimize_PB_Kapurthala
506	:	1611331656.574	    12.432	0	4302	0	0	/software/Matlab/bin/matlab -nodisplay -r optimize_AR_Papum_Pare
505	:	1611331655.109	    15.115	0	1150	0	0	/software/Matlab/bin/matlab -nodisplay -r optimize_MP_Vidisha
512	:	1611331662.886	    11.740	0	938	0	0	/software/Matlab/bin/matlab -nodisplay -r optimize_MP_Ratlam
509	:	1611331661.182	    14.436	0	1144	0	0	/software/Matlab/bin/matlab -nodisplay -r optimize_MH_Akola
514	:	1611331666.150	    12.144	0	570	0	0	/software/Matlab/bin/matlab -nodisplay -r optimize_CT_Other_State
508	:	1611331659.601	    22.524	0	5812	0	0	/software/Matlab/bin/matlab -nodisplay -r optimize_JH_West_Singhbhum
398	:	1611331372.184	   311.453	0	544840	0	0	/software/Matlab/bin/matlab -nodisplay -r optimize_BR_Darbhanga
406	:	1611331377.273	   310.948	0	557649	0	0	/software/Matlab/bin/matlab -nodisplay -r optimize_MH_Hingoli
407	:	1611331378.375	   311.957	0	501931	0	0	/software/Matlab/bin/matlab -nodisplay -r optimize_BR_Samastipur
409	:	1611331380.606	   310.305	0	583825	0	0	/software/Matlab/bin/matlab -nodisplay -r optimize_LA_Leh
408	:	1611331380.063	   312.848	0	591526	0	0	/software/Matlab/bin/matlab -nodisplay -r optimize_GJ_Morbi
412	:	1611331383.040	   312.663	0	563247	0	0	/software/Matlab/bin/matlab -nodisplay -r optimize_JK_Kathua
414	:	1611331385.383	   310.733	0	576056	0	0	/software/Matlab/bin/matlab -nodisplay -r optimize_JK_Doda
415	:	1611331385.910	   310.728	0	559260	0	0	/software/Matlab/bin/matlab -nodisplay -r optimize_RJ_Jhunjhunu
413	:	1611331384.392	   312.338	0	553589	0	0	/software/Matlab/bin/matlab -nodisplay -r optimize_KL_Thrissur
521	:	1611331683.654	    15.477	0	1159	0	0	/software/Matlab/bin/matlab -nodisplay -r optimize_KA_Vijayapura
522	:	1611331688.242	    11.911	0	556	0	0	/software/Matlab/bin/matlab -nodisplay -r optimize_GJ_Dang
420	:	1611331389.593	   310.687	0	559261	0	0	/software/Matlab/bin/matlab -nodisplay -r optimize_PB_Pathankot
418	:	1611331387.564	   313.076	0	606511	0	0	/software/Matlab/bin/matlab -nodisplay -r optimize_MP_Chhatarpur
417	:	1611331387.009	   313.837	0	520550	0	0	/software/Matlab/bin/matlab -nodisplay -r optimize_OR_Kandhamal
422	:	1611331391.064	   310.388	0	501718	0	0	/software/Matlab/bin/matlab -nodisplay -r optimize_KA_Mysuru
520	:	1611331682.150	    20.128	0	1216	0	0	/software/Matlab/bin/matlab -nodisplay -r optimize_NL_Mon
523	:	1611331690.340	    13.217	0	1220	0	0	/software/Matlab/bin/matlab -nodisplay -r optimize_JH_Latehar
525	:	1611331692.941	    12.187	0	1081	0	0	/software/Matlab/bin/matlab -nodisplay -r optimize_UP_Kasganj
528	:	1611331696.814	    11.955	0	775	0	0	/software/Matlab/bin/matlab -nodisplay -r optimize_MZ_Lawngtlai
429	:	1611331398.335	   311.829	0	571577	0	0	/software/Matlab/bin/matlab -nodisplay -r optimize_JH_Gumla
531	:	1611331700.174	    11.565	0	947	0	0	/software/Matlab/bin/matlab -nodisplay -r optimize_RJ_Rajsamand
532	:	1611331700.706	    12.177	0	944	0	0	/software/Matlab/bin/matlab -nodisplay -r optimize_MH_Buldhana
439	:	1611331409.415	   303.480	0	701031	0	0	/software/Matlab/bin/matlab -nodisplay -r optimize_HP_Kinnaur
431	:	1611331401.834	   312.589	0	578020	0	0	/software/Matlab/bin/matlab -nodisplay -r optimize_UP_Kaushambi
536	:	1611331702.821	    12.865	0	538	0	0	/software/Matlab/bin/matlab -nodisplay -r optimize_AR_Capital_Complex
434	:	1611331405.903	   310.360	0	440538	0	0	/software/Matlab/bin/matlab -nodisplay -r optimize_MH_Nagpur
535	:	1611331702.254	    14.842	0	1147	0	0	/software/Matlab/bin/matlab -nodisplay -r optimize_KA_Kodagu
435	:	1611331407.175	   311.315	0	554154	0	0	/software/Matlab/bin/matlab -nodisplay -r optimize_HR_Mahendragarh
440	:	1611331409.992	   311.195	0	479600	0	0	/software/Matlab/bin/matlab -nodisplay -r optimize_OR_Rayagada
441	:	1611331410.529	   310.753	0	514248	0	0	/software/Matlab/bin/matlab -nodisplay -r optimize_MP_Morena
438	:	1611331408.754	   313.953	0	685958	0	0	/software/Matlab/bin/matlab -nodisplay -r optimize_JH_Jamtara
443	:	1611331412.549	   312.323	0	471477	0	0	/software/Matlab/bin/matlab -nodisplay -r optimize_RJ_Sikar
445	:	1611331414.601	   312.036	0	544279	0	0	/software/Matlab/bin/matlab -nodisplay -r optimize_JH_Deoghar
543	:	1611331713.434	    14.882	0	1144	0	0	/software/Matlab/bin/matlab -nodisplay -r optimize_OR_Angul
546	:	1611331716.285	    12.773	0	1014	0	0	/software/Matlab/bin/matlab -nodisplay -r optimize_BR_Vaishali
548	:	1611331718.499	    14.003	0	935	0	0	/software/Matlab/bin/matlab -nodisplay -r optimize_MH_Jalna
551	:	1611331722.728	    13.412	0	554	0	0	/software/Matlab/bin/matlab -nodisplay -r optimize_DN_Diu
550	:	1611331721.840	    15.856	0	1159	0	0	/software/Matlab/bin/matlab -nodisplay -r optimize_MH_Aurangabad
454	:	1611331428.320	   311.123	0	536159	0	0	/software/Matlab/bin/matlab -nodisplay -r optimize_MP_Barwani
453	:	1611331427.264	   312.238	0	532947	0	0	/software/Matlab/bin/matlab -nodisplay -r optimize_WB_Dakshin_Dinajpur
555	:	1611331729.075	    11.500	0	323	0	0	/software/Matlab/bin/matlab -nodisplay -r optimize_MP_Alirajpur
455	:	1611331429.946	   311.024	0	537908	0	0	/software/Matlab/bin/matlab -nodisplay -r optimize_UP_Etawah
452	:	1611331426.708	   314.611	0	531054	0	0	/software/Matlab/bin/matlab -nodisplay -r optimize_GJ_Surendranagar
552	:	1611331724.896	    16.845	0	1150	0	0	/software/Matlab/bin/matlab -nodisplay -r optimize_KA_Dharwad
458	:	1611331434.155	   313.434	0	653826	0	0	/software/Matlab/bin/matlab -nodisplay -r optimize_HP_Kullu
461	:	1611331438.435	   310.531	0	520551	0	0	/software/Matlab/bin/matlab -nodisplay -r optimize_BR_Jehanabad
524	:	1611331690.917	    58.088	0	66969	0	0	/software/Matlab/bin/matlab -nodisplay -r optimize_WB_Paschim_Medinipur
556	:	1611331732.508	    17.098	0	1436	0	0	/software/Matlab/bin/matlab -nodisplay -r optimize_CT_Gariaband
464	:	1611331446.682	   311.772	0	564929	0	0	/software/Matlab/bin/matlab -nodisplay -r optimize_UP_Sambhal
466	:	1611331447.842	   313.354	0	525872	0	0	/software/Matlab/bin/matlab -nodisplay -r optimize_TN_Coimbatore
567	:	1611331749.606	    14.736	0	1020	0	0	/software/Matlab/bin/matlab -nodisplay -r optimize_KA_Kalaburagi
560	:	1611331740.113	    25.055	0	21944	0	0	/software/Matlab/bin/matlab -nodisplay -r optimize_MP_Mandsaur
465	:	1611331447.296	   318.989	0	503906	0	0	/software/Matlab/bin/matlab -nodisplay -r optimize_JK_Baramulla
534	:	1611331701.740	    67.078	0	90844	0	0	/software/Matlab/bin/matlab -nodisplay -r optimize_CT_Mungeli
470	:	1611331458.601	   311.003	0	531399	0	0	/software/Matlab/bin/matlab -nodisplay -r optimize_NL_Dimapur
537	:	1611331703.561	    66.254	0	73349	0	0	/software/Matlab/bin/matlab -nodisplay -r optimize_UP_Pilibhit
421	:	1611331390.536	   381.868	0	519	0	0	/software/Matlab/bin/matlab -nodisplay -r optimize_WB_Kolkata
471	:	1611331462.066	   311.704	0	579486	0	0	/software/Matlab/bin/matlab -nodisplay -r optimize_HR_Jind
553	:	1611331726.644	    48.776	0	50918	0	0	/software/Matlab/bin/matlab -nodisplay -r optimize_KA_Belagavi
473	:	1611331466.846	   309.960	0	631291	0	0	/software/Matlab/bin/matlab -nodisplay -r optimize_UP_Shrawasti
474	:	1611331469.410	   309.549	0	558769	0	0	/software/Matlab/bin/matlab -nodisplay -r optimize_OR_Nuapada
476	:	1611331475.519	   310.323	0	529438	0	0	/software/Matlab/bin/matlab -nodisplay -r optimize_BR_Nawada
478	:	1611331478.259	   312.065	0	505639	0	0	/software/Matlab/bin/matlab -nodisplay -r optimize_BR_Katihar
477	:	1611331477.592	   313.446	0	701264	0	0	/software/Matlab/bin/matlab -nodisplay -r optimize_MP_Mandla
480	:	1611331483.387	   310.467	0	519568	0	0	/software/Matlab/bin/matlab -nodisplay -r optimize_CT_Raipur
481	:	1611331493.270	   312.311	0	560378	0	0	/software/Matlab/bin/matlab -nodisplay -r optimize_BR_Kaimur
482	:	1611331493.859	   311.779	0	628630	0	0	/software/Matlab/bin/matlab -nodisplay -r optimize_UP_Hamirpur
483	:	1611331499.265	   312.313	0	549670	0	0	/software/Matlab/bin/matlab -nodisplay -r optimize_UP_Chandauli
484	:	1611331506.740	   310.730	0	622539	0	0	/software/Matlab/bin/matlab -nodisplay -r optimize_GJ_Navsari
569	:	1611331758.461	    69.401	0	111821	0	0	/software/Matlab/bin/matlab -nodisplay -r optimize_TN_Dharmapuri
487	:	1611331533.066	   310.949	0	515298	0	0	/software/Matlab/bin/matlab -nodisplay -r optimize_RJ_Barmer
557	:	1611331736.144	   119.605	0	242253	0	0	/software/Matlab/bin/matlab -nodisplay -r optimize_BR_Araria
490	:	1611331568.950	   308.677	0	673290	0	0	/software/Matlab/bin/matlab -nodisplay -r optimize_MP_Shivpuri
491	:	1611331574.761	   309.080	0	578300	0	0	/software/Matlab/bin/matlab -nodisplay -r optimize_GJ_Junagadh
492	:	1611331582.018	   309.728	0	580892	0	0	/software/Matlab/bin/matlab -nodisplay -r optimize_UP_Saharanpur
540	:	1611331710.174	   200.009	0	598610	0	0	/software/Matlab/bin/matlab -nodisplay -r optimize_HR_Charkhi_Dadri
499	:	1611331647.241	   288.809	0	701030	0	0	/software/Matlab/bin/matlab -nodisplay -r optimize_OR_Subarnapur
497	:	1611331641.261	   308.413	0	673151	0	0	/software/Matlab/bin/matlab -nodisplay -r optimize_UP_Firozabad
527	:	1611331696.285	   260.483	0	701032	0	0	/software/Matlab/bin/matlab -nodisplay -r optimize_UT_Champawat
500	:	1611331647.754	   309.220	0	672871	0	0	/software/Matlab/bin/matlab -nodisplay -r optimize_PB_Ferozepur
501	:	1611331648.899	   311.129	0	688269	0	0	/software/Matlab/bin/matlab -nodisplay -r optimize_UP_Lalitpur
539	:	1611331708.784	   251.416	0	701247	0	0	/software/Matlab/bin/matlab -nodisplay -r optimize_MP_Tikamgarh
504	:	1611331651.598	   310.009	0	667061	0	0	/software/Matlab/bin/matlab -nodisplay -r optimize_GJ_Panchmahal
510	:	1611331661.755	   300.303	0	701037	0	0	/software/Matlab/bin/matlab -nodisplay -r optimize_BR_Lakhisarai
516	:	1611331670.229	   295.559	0	701025	0	0	/software/Matlab/bin/matlab -nodisplay -r optimize_UP_Etah
529	:	1611331697.355	   270.734	0	701252	0	0	/software/Matlab/bin/matlab -nodisplay -r optimize_UT_Tehri_Garhwal
513	:	1611331664.396	   303.927	0	701033	0	0	/software/Matlab/bin/matlab -nodisplay -r optimize_RJ_Jhalawar
507	:	1611331657.452	   311.438	0	557927	0	0	/software/Matlab/bin/matlab -nodisplay -r optimize_RJ_Jaipur
515	:	1611331669.011	   302.787	0	701248	0	0	/software/Matlab/bin/matlab -nodisplay -r optimize_KA_Chitradurga
511	:	1611331662.316	   312.848	0	583135	0	0	/software/Matlab/bin/matlab -nodisplay -r optimize_TN_Tiruvannamalai
533	:	1611331701.211	   281.465	0	701033	0	0	/software/Matlab/bin/matlab -nodisplay -r optimize_UP_Mainpuri
517	:	1611331674.644	   309.741	0	695625	0	0	/software/Matlab/bin/matlab -nodisplay -r optimize_UP_Muzaffarnagar
518	:	1611331675.638	   311.496	0	652431	0	0	/software/Matlab/bin/matlab -nodisplay -r optimize_CH_Chandigarh
549	:	1611331721.197	   266.642	0	701240	0	0	/software/Matlab/bin/matlab -nodisplay -r optimize_MP_Anuppur
519	:	1611331678.315	   309.942	0	692819	0	0	/software/Matlab/bin/matlab -nodisplay -r optimize_BR_Saharsa
542	:	1611331712.895	   278.187	0	701026	0	0	/software/Matlab/bin/matlab -nodisplay -r optimize_TR_Gomati
566	:	1611331748.994	   242.440	0	701025	0	0	/software/Matlab/bin/matlab -nodisplay -r optimize_UT_Almora
530	:	1611331699.137	   298.207	0	701036	0	0	/software/Matlab/bin/matlab -nodisplay -r optimize_OR_Nayagarh
564	:	1611331742.318	   256.968	0	701236	0	0	/software/Matlab/bin/matlab -nodisplay -r optimize_MP_Dewas
526	:	1611331695.725	   310.309	0	611268	0	0	/software/Matlab/bin/matlab -nodisplay -r optimize_AP_Kurnool
544	:	1611331714.441	   295.157	0	701256	0	0	/software/Matlab/bin/matlab -nodisplay -r optimize_PB_Fatehgarh_Sahib
554	:	1611331728.338	   281.680	0	701236	0	0	/software/Matlab/bin/matlab -nodisplay -r optimize_OR_Boudh
563	:	1611331741.741	   268.624	0	701238	0	0	/software/Matlab/bin/matlab -nodisplay -r optimize_BR_Supaul
547	:	1611331717.102	   294.559	0	701238	0	0	/software/Matlab/bin/matlab -nodisplay -r optimize_OR_Gajapati
538	:	1611331705.147	   309.649	0	680708	0	0	/software/Matlab/bin/matlab -nodisplay -r optimize_JH_Palamu
545	:	1611331715.692	   299.883	0	701252	0	0	/software/Matlab/bin/matlab -nodisplay -r optimize_AP_Visakhapatnam
565	:	1611331747.598	   270.057	0	701040	0	0	/software/Matlab/bin/matlab -nodisplay -r optimize_TR_North_Tripura
559	:	1611331739.450	   280.177	0	701032	0	0	/software/Matlab/bin/matlab -nodisplay -r optimize_HR_Palwal
541	:	1611331711.756	   310.497	0	552117	0	0	/software/Matlab/bin/matlab -nodisplay -r optimize_OR_Ganjam
562	:	1611331741.211	   288.680	0	701242	0	0	/software/Matlab/bin/matlab -nodisplay -r optimize_KA_Tumakuru
558	:	1611331737.707	   298.757	0	701029	0	0	/software/Matlab/bin/matlab -nodisplay -r optimize_HR_Ambala
568	:	1611331750.150	   297.024	0	701031	0	0	/software/Matlab/bin/matlab -nodisplay -r optimize_TN_Madurai
561	:	1611331740.659	   311.661	0	502143	0	0	/software/Matlab/bin/matlab -nodisplay -r optimize_TN_Virudhunagar
