50
rm: cannot remove 'UGP-7thsem/temp_dist/my': Is a directory
rm: cannot remove 'UGP-7thsem/temp_dist/plot': Is a directory
   1.0136278e-01
   1.5253974e-01
   1.0043651e-01
   6.3838667e-04
   9.1920192e-04
   2.9120220e+06
   1.5898938e-04
   1.5327317e-02
   3.4392435e+01
   7.0029058e-04
   2.9326000e+04

UP_Hardoi
GJ_Gir_Somnath
RJ_Churu
RJ_Ganganagar
UP_Azamgarh
TN_Krishnagiri
OR_Puri
KL_Ernakulam
OR_Cuttack
WB_Nadia
UP_Auraiya
BR_Muzaffarpur
OR_Sundargarh
UP_Sonbhadra
UP_Maharajganj
UP_Amethi
TN_Erode
HR_Jhajjar
UP_Bahraich
JK_Pulwama
WB_Alipurduar
TN_Pudukkottai
OR_Balangir
WB_Birbhum
WB_Bankura
KL_Kasaragod
UP_Bareilly
UP_Rae_Bareli
TN_Salem
UP_Gorakhpur
KL_Thiruvananthapuram
JH_Ranchi
UP_Bulandshahr
WB_South_24_Parganas
KL_Kottayam
KL_Thrissur
UP_Pratapgarh
KL_Kannur
WB_Purba_Bardhaman
KA_Mandya
TN_Karur
OR_Balasore
MP_Betul
UP_Ayodhya
UP_Prayagraj
HP_Chamba
UP_Ballia
WB_Purba_Medinipur
UP_Banda
TN_Tiruppur
License checkout failed.
License Manager Error -96
Unable to connect to the license server. 
Make sure that the client machine can communicate with the hostname listed in the SERVER line of the
license file, and that the port listed in the SERVER line is not blocked by a firewall.

Troubleshoot this issue by visiting: 
https://www.mathworks.com/support/lme/R2020a/96

Diagnostic Information:
Feature: MATLAB 
License path: /home/rajat/.matlab/R2020a_licenses:/software/Matlab/licenses/license.dat:/software/Matlab/licenses/
network.lic 
Licensing error: -96,7. System Error: 2
License checkout failed.
License Manager Error -96
Unable to connect to the license server. 
Make sure that the client machine can communicate with the hostname listed in the SERVER line of the
license file, and that the port listed in the SERVER line is not blocked by a firewall.

Troubleshoot this issue by visiting: 
https://www.mathworks.com/support/lme/R2020a/96

Diagnostic Information:
Feature: MATLAB 
License path: /home/rajat/.matlab/R2020a_licenses:/software/Matlab/licenses/license.dat:/software/Matlab/licenses/
network.lic 
Licensing error: -96,7. System Error: 2
License checkout failed.
License Manager Error -96
Unable to connect to the license server. 
Make sure that the client machine can communicate with the hostname listed in the SERVER line of the
license file, and that the port listed in the SERVER line is not blocked by a firewall.

Troubleshoot this issue by visiting: 
https://www.mathworks.com/support/lme/R2020a/96

Diagnostic Information:
Feature: MATLAB 
License path: /home/rajat/.matlab/R2020a_licenses:/software/Matlab/licenses/license.dat:/software/Matlab/licenses/
network.lic 
Licensing error: -96,7. System Error: 2
License checkout failed.
License Manager Error -96
Unable to connect to the license server. 
Make sure that the client machine can communicate with the hostname listed in the SERVER line of the
license file, and that the port listed in the SERVER line is not blocked by a firewall.

Troubleshoot this issue by visiting: 
https://www.mathworks.com/support/lme/R2020a/96

Diagnostic Information:
Feature: MATLAB 
License path: /home/rajat/.matlab/R2020a_licenses:/software/Matlab/licenses/license.dat:/software/Matlab/licenses/
network.lic 
Licensing error: -96,7. System Error: 2
License checkout failed.
License Manager Error -96
Unable to connect to the license server. 
Make sure that the client machine can communicate with the hostname listed in the SERVER line of the
license file, and that the port listed in the SERVER line is not blocked by a firewall.

Troubleshoot this issue by visiting: 
https://www.mathworks.com/support/lme/R2020a/96

Diagnostic Information:
Feature: MATLAB 
License path: /home/rajat/.matlab/R2020a_licenses:/software/Matlab/licenses/license.dat:/software/Matlab/licenses/
network.lic 
Licensing error: -96,7. System Error: 2
License checkout failed.
License Manager Error -96
Unable to connect to the license server. 
Make sure that the client machine can communicate with the hostname listed in the SERVER line of the
license file, and that the port listed in the SERVER line is not blocked by a firewall.

Troubleshoot this issue by visiting: 
https://www.mathworks.com/support/lme/R2020a/96

Diagnostic Information:
Feature: MATLAB 
License path: /home/rajat/.matlab/R2020a_licenses:/software/Matlab/licenses/license.dat:/software/Matlab/licenses/
network.lic 
Licensing error: -96,7. System Error: 2
License checkout failed.
License Manager Error -96
Unable to connect to the license server. 
Make sure that the client machine can communicate with the hostname listed in the SERVER line of the
license file, and that the port listed in the SERVER line is not blocked by a firewall.

Troubleshoot this issue by visiting: 
https://www.mathworks.com/support/lme/R2020a/96

Diagnostic Information:
Feature: MATLAB 
License path: /home/rajat/.matlab/R2020a_licenses:/software/Matlab/licenses/license.dat:/software/Matlab/licenses/
network.lic 
Licensing error: -96,7. System Error: 2
License checkout failed.
License Manager Error -96
Unable to connect to the license server. 
Make sure that the client machine can communicate with the hostname listed in the SERVER line of the
license file, and that the port listed in the SERVER line is not blocked by a firewall.

Troubleshoot this issue by visiting: 
https://www.mathworks.com/support/lme/R2020a/96

Diagnostic Information:
Feature: MATLAB 
License path: /home/rajat/.matlab/R2020a_licenses:/software/Matlab/licenses/license.dat:/software/Matlab/licenses/
network.lic 
Licensing error: -96,7. System Error: 2
License checkout failed.
License Manager Error -96
Unable to connect to the license server. 
Make sure that the client machine can communicate with the hostname listed in the SERVER line of the
license file, and that the port listed in the SERVER line is not blocked by a firewall.

Troubleshoot this issue by visiting: 
https://www.mathworks.com/support/lme/R2020a/96

Diagnostic Information:
Feature: MATLAB 
License path: /home/rajat/.matlab/R2020a_licenses:/software/Matlab/licenses/license.dat:/software/Matlab/licenses/
network.lic 
Licensing error: -96,7. System Error: 2
License checkout failed.
License Manager Error -96
Unable to connect to the license server. 
Make sure that the client machine can communicate with the hostname listed in the SERVER line of the
license file, and that the port listed in the SERVER line is not blocked by a firewall.

Troubleshoot this issue by visiting: 
https://www.mathworks.com/support/lme/R2020a/96

Diagnostic Information:
Feature: MATLAB 
License path: /home/rajat/.matlab/R2020a_licenses:/software/Matlab/licenses/license.dat:/software/Matlab/licenses/
network.lic 
Licensing error: -96,7. System Error: 2
License checkout failed.
License Manager Error -96
Unable to connect to the license server. 
Make sure that the client machine can communicate with the hostname listed in the SERVER line of the
license file, and that the port listed in the SERVER line is not blocked by a firewall.

Troubleshoot this issue by visiting: 
https://www.mathworks.com/support/lme/R2020a/96

Diagnostic Information:
Feature: MATLAB 
License path: /home/rajat/.matlab/R2020a_licenses:/software/Matlab/licenses/license.dat:/software/Matlab/licenses/
network.lic 
Licensing error: -96,7. System Error: 2
License checkout failed.
License Manager Error -96
Unable to connect to the license server. 
Make sure that the client machine can communicate with the hostname listed in the SERVER line of the
license file, and that the port listed in the SERVER line is not blocked by a firewall.

Troubleshoot this issue by visiting: 
https://www.mathworks.com/support/lme/R2020a/96

Diagnostic Information:
Feature: MATLAB 
License path: /home/rajat/.matlab/R2020a_licenses:/software/Matlab/licenses/license.dat:/software/Matlab/licenses/
network.lic 
Licensing error: -96,7. System Error: 2
License checkout failed.
License Manager Error -96
Unable to connect to the license server. 
Make sure that the client machine can communicate with the hostname listed in the SERVER line of the
license file, and that the port listed in the SERVER line is not blocked by a firewall.

Troubleshoot this issue by visiting: 
https://www.mathworks.com/support/lme/R2020a/96

Diagnostic Information:
Feature: MATLAB 
License path: /home/rajat/.matlab/R2020a_licenses:/software/Matlab/licenses/license.dat:/software/Matlab/licenses/
network.lic 
Licensing error: -96,7. System Error: 2
License checkout failed.
License Manager Error -96
Unable to connect to the license server. 
Make sure that the client machine can communicate with the hostname listed in the SERVER line of the
license file, and that the port listed in the SERVER line is not blocked by a firewall.

Troubleshoot this issue by visiting: 
https://www.mathworks.com/support/lme/R2020a/96

Diagnostic Information:
Feature: MATLAB 
License path: /home/rajat/.matlab/R2020a_licenses:/software/Matlab/licenses/license.dat:/software/Matlab/licenses/
network.lic 
Licensing error: -96,7. System Error: 2
License checkout failed.
License Manager Error -96
Unable to connect to the license server. 
Make sure that the client machine can communicate with the hostname listed in the SERVER line of the
license file, and that the port listed in the SERVER line is not blocked by a firewall.

Troubleshoot this issue by visiting: 
https://www.mathworks.com/support/lme/R2020a/96

Diagnostic Information:
Feature: MATLAB 
License path: /home/rajat/.matlab/R2020a_licenses:/software/Matlab/licenses/license.dat:/software/Matlab/licenses/
network.lic 
Licensing error: -96,7. System Error: 2
License checkout failed.
License Manager Error -96
Unable to connect to the license server. 
Make sure that the client machine can communicate with the hostname listed in the SERVER line of the
license file, and that the port listed in the SERVER line is not blocked by a firewall.

Troubleshoot this issue by visiting: 
https://www.mathworks.com/support/lme/R2020a/96

Diagnostic Information:
Feature: MATLAB 
License path: /home/rajat/.matlab/R2020a_licenses:/software/Matlab/licenses/license.dat:/software/Matlab/licenses/
network.lic 
Licensing error: -96,7. System Error: 2
License checkout failed.
License Manager Error -96
Unable to connect to the license server. 
Make sure that the client machine can communicate with the hostname listed in the SERVER line of the
license file, and that the port listed in the SERVER line is not blocked by a firewall.

Troubleshoot this issue by visiting: 
https://www.mathworks.com/support/lme/R2020a/96

Diagnostic Information:
Feature: MATLAB 
License path: /home/rajat/.matlab/R2020a_licenses:/software/Matlab/licenses/license.dat:/software/Matlab/licenses/
network.lic 
Licensing error: -96,7. System Error: 2
License checkout failed.
License Manager Error -96
Unable to connect to the license server. 
Make sure that the client machine can communicate with the hostname listed in the SERVER line of the
license file, and that the port listed in the SERVER line is not blocked by a firewall.

Troubleshoot this issue by visiting: 
https://www.mathworks.com/support/lme/R2020a/96

Diagnostic Information:
Feature: MATLAB 
License path: /home/rajat/.matlab/R2020a_licenses:/software/Matlab/licenses/license.dat:/software/Matlab/licenses/
network.lic 
Licensing error: -96,7. System Error: 2
License checkout failed.
License Manager Error -96
Unable to connect to the license server. 
Make sure that the client machine can communicate with the hostname listed in the SERVER line of the
license file, and that the port listed in the SERVER line is not blocked by a firewall.

Troubleshoot this issue by visiting: 
https://www.mathworks.com/support/lme/R2020a/96

Diagnostic Information:
Feature: MATLAB 
License path: /home/rajat/.matlab/R2020a_licenses:/software/Matlab/licenses/license.dat:/software/Matlab/licenses/
network.lic 
Licensing error: -96,7. System Error: 2
License checkout failed.
License Manager Error -96
Unable to connect to the license server. 
Make sure that the client machine can communicate with the hostname listed in the SERVER line of the
license file, and that the port listed in the SERVER line is not blocked by a firewall.

Troubleshoot this issue by visiting: 
https://www.mathworks.com/support/lme/R2020a/96

Diagnostic Information:
Feature: MATLAB 
License path: /home/rajat/.matlab/R2020a_licenses:/software/Matlab/licenses/license.dat:/software/Matlab/licenses/
network.lic 
Licensing error: -96,7. System Error: 2
License checkout failed.
License Manager Error -96
Unable to connect to the license server. 
Make sure that the client machine can communicate with the hostname listed in the SERVER line of the
license file, and that the port listed in the SERVER line is not blocked by a firewall.

Troubleshoot this issue by visiting: 
https://www.mathworks.com/support/lme/R2020a/96

Diagnostic Information:
Feature: MATLAB 
License path: /home/rajat/.matlab/R2020a_licenses:/software/Matlab/licenses/license.dat:/software/Matlab/licenses/
network.lic 
Licensing error: -96,7. System Error: 2
License checkout failed.
License Manager Error -96
Unable to connect to the license server. 
Make sure that the client machine can communicate with the hostname listed in the SERVER line of the
license file, and that the port listed in the SERVER line is not blocked by a firewall.

Troubleshoot this issue by visiting: 
https://www.mathworks.com/support/lme/R2020a/96

Diagnostic Information:
Feature: MATLAB 
License path: /home/rajat/.matlab/R2020a_licenses:/software/Matlab/licenses/license.dat:/software/Matlab/licenses/
network.lic 
Licensing error: -96,7. System Error: 2
License checkout failed.
License Manager Error -96
Unable to connect to the license server. 
Make sure that the client machine can communicate with the hostname listed in the SERVER line of the
license file, and that the port listed in the SERVER line is not blocked by a firewall.

Troubleshoot this issue by visiting: 
https://www.mathworks.com/support/lme/R2020a/96

Diagnostic Information:
Feature: MATLAB 
License path: /home/rajat/.matlab/R2020a_licenses:/software/Matlab/licenses/license.dat:/software/Matlab/licenses/
network.lic 
Licensing error: -96,7. System Error: 2
License checkout failed.
License Manager Error -96
Unable to connect to the license server. 
Make sure that the client machine can communicate with the hostname listed in the SERVER line of the
license file, and that the port listed in the SERVER line is not blocked by a firewall.

Troubleshoot this issue by visiting: 
https://www.mathworks.com/support/lme/R2020a/96

Diagnostic Information:
Feature: MATLAB 
License path: /home/rajat/.matlab/R2020a_licenses:/software/Matlab/licenses/license.dat:/software/Matlab/licenses/
network.lic 
Licensing error: -96,7. System Error: 2
License checkout failed.
License Manager Error -96
Unable to connect to the license server. 
Make sure that the client machine can communicate with the hostname listed in the SERVER line of the
license file, and that the port listed in the SERVER line is not blocked by a firewall.

Troubleshoot this issue by visiting: 
https://www.mathworks.com/support/lme/R2020a/96

Diagnostic Information:
Feature: MATLAB 
License path: /home/rajat/.matlab/R2020a_licenses:/software/Matlab/licenses/license.dat:/software/Matlab/licenses/
network.lic 
Licensing error: -96,7. System Error: 2
License checkout failed.
License Manager Error -96
Unable to connect to the license server. 
Make sure that the client machine can communicate with the hostname listed in the SERVER line of the
license file, and that the port listed in the SERVER line is not blocked by a firewall.

Troubleshoot this issue by visiting: 
https://www.mathworks.com/support/lme/R2020a/96

Diagnostic Information:
Feature: MATLAB 
License path: /home/rajat/.matlab/R2020a_licenses:/software/Matlab/licenses/license.dat:/software/Matlab/licenses/
network.lic 
Licensing error: -96,7. System Error: 2
License checkout failed.
License Manager Error -96
Unable to connect to the license server. 
Make sure that the client machine can communicate with the hostname listed in the SERVER line of the
license file, and that the port listed in the SERVER line is not blocked by a firewall.

Troubleshoot this issue by visiting: 
https://www.mathworks.com/support/lme/R2020a/96

Diagnostic Information:
Feature: MATLAB 
License path: /home/rajat/.matlab/R2020a_licenses:/software/Matlab/licenses/license.dat:/software/Matlab/licenses/
network.lic 
Licensing error: -96,7. System Error: 2
License checkout failed.
License Manager Error -96
Unable to connect to the license server. 
Make sure that the client machine can communicate with the hostname listed in the SERVER line of the
license file, and that the port listed in the SERVER line is not blocked by a firewall.

Troubleshoot this issue by visiting: 
https://www.mathworks.com/support/lme/R2020a/96

Diagnostic Information:
Feature: MATLAB 
License path: /home/rajat/.matlab/R2020a_licenses:/software/Matlab/licenses/license.dat:/software/Matlab/licenses/
network.lic 
Licensing error: -96,7. System Error: 2
License checkout failed.
License Manager Error -96
Unable to connect to the license server. 
Make sure that the client machine can communicate with the hostname listed in the SERVER line of the
license file, and that the port listed in the SERVER line is not blocked by a firewall.

Troubleshoot this issue by visiting: 
https://www.mathworks.com/support/lme/R2020a/96

Diagnostic Information:
Feature: MATLAB 
License path: /home/rajat/.matlab/R2020a_licenses:/software/Matlab/licenses/license.dat:/software/Matlab/licenses/
network.lic 
Licensing error: -96,7. System Error: 2
License checkout failed.
License Manager Error -96
Unable to connect to the license server. 
Make sure that the client machine can communicate with the hostname listed in the SERVER line of the
license file, and that the port listed in the SERVER line is not blocked by a firewall.

Troubleshoot this issue by visiting: 
https://www.mathworks.com/support/lme/R2020a/96

Diagnostic Information:
Feature: MATLAB 
License path: /home/rajat/.matlab/R2020a_licenses:/software/Matlab/licenses/license.dat:/software/Matlab/licenses/
network.lic 
Licensing error: -96,7. System Error: 2
License checkout failed.
License Manager Error -96
Unable to connect to the license server. 
Make sure that the client machine can communicate with the hostname listed in the SERVER line of the
license file, and that the port listed in the SERVER line is not blocked by a firewall.

Troubleshoot this issue by visiting: 
https://www.mathworks.com/support/lme/R2020a/96

Diagnostic Information:
Feature: MATLAB 
License path: /home/rajat/.matlab/R2020a_licenses:/software/Matlab/licenses/license.dat:/software/Matlab/licenses/
network.lic 
Licensing error: -96,7. System Error: 2
License checkout failed.
License Manager Error -96
Unable to connect to the license server. 
Make sure that the client machine can communicate with the hostname listed in the SERVER line of the
license file, and that the port listed in the SERVER line is not blocked by a firewall.

Troubleshoot this issue by visiting: 
https://www.mathworks.com/support/lme/R2020a/96

Diagnostic Information:
Feature: MATLAB 
License path: /home/rajat/.matlab/R2020a_licenses:/software/Matlab/licenses/license.dat:/software/Matlab/licenses/
network.lic 
Licensing error: -96,7. System Error: 2
License checkout failed.
License Manager Error -96
Unable to connect to the license server. 
Make sure that the client machine can communicate with the hostname listed in the SERVER line of the
license file, and that the port listed in the SERVER line is not blocked by a firewall.

Troubleshoot this issue by visiting: 
https://www.mathworks.com/support/lme/R2020a/96

Diagnostic Information:
Feature: MATLAB 
License path: /home/rajat/.matlab/R2020a_licenses:/software/Matlab/licenses/license.dat:/software/Matlab/licenses/
network.lic 
Licensing error: -96,7. System Error: 2
License checkout failed.
License Manager Error -96
Unable to connect to the license server. 
Make sure that the client machine can communicate with the hostname listed in the SERVER line of the
license file, and that the port listed in the SERVER line is not blocked by a firewall.

Troubleshoot this issue by visiting: 
https://www.mathworks.com/support/lme/R2020a/96

Diagnostic Information:
Feature: MATLAB 
License path: /home/rajat/.matlab/R2020a_licenses:/software/Matlab/licenses/license.dat:/software/Matlab/licenses/
network.lic 
Licensing error: -96,7. System Error: 2
License checkout failed.
License Manager Error -96
Unable to connect to the license server. 
Make sure that the client machine can communicate with the hostname listed in the SERVER line of the
license file, and that the port listed in the SERVER line is not blocked by a firewall.

Troubleshoot this issue by visiting: 
https://www.mathworks.com/support/lme/R2020a/96

Diagnostic Information:
Feature: MATLAB 
License path: /home/rajat/.matlab/R2020a_licenses:/software/Matlab/licenses/license.dat:/software/Matlab/licenses/
network.lic 
Licensing error: -96,7. System Error: 2
License checkout failed.
License Manager Error -96
Unable to connect to the license server. 
Make sure that the client machine can communicate with the hostname listed in the SERVER line of the
license file, and that the port listed in the SERVER line is not blocked by a firewall.

Troubleshoot this issue by visiting: 
https://www.mathworks.com/support/lme/R2020a/96

Diagnostic Information:
Feature: MATLAB 
License path: /home/rajat/.matlab/R2020a_licenses:/software/Matlab/licenses/license.dat:/software/Matlab/licenses/
network.lic 
Licensing error: -96,7. System Error: 2
License checkout failed.
License Manager Error -96
Unable to connect to the license server. 
Make sure that the client machine can communicate with the hostname listed in the SERVER line of the
license file, and that the port listed in the SERVER line is not blocked by a firewall.

Troubleshoot this issue by visiting: 
https://www.mathworks.com/support/lme/R2020a/96

Diagnostic Information:
Feature: MATLAB 
License path: /home/rajat/.matlab/R2020a_licenses:/software/Matlab/licenses/license.dat:/software/Matlab/licenses/
network.lic 
Licensing error: -96,7. System Error: 2
License checkout failed.
License Manager Error -96
Unable to connect to the license server. 
Make sure that the client machine can communicate with the hostname listed in the SERVER line of the
license file, and that the port listed in the SERVER line is not blocked by a firewall.

Troubleshoot this issue by visiting: 
https://www.mathworks.com/support/lme/R2020a/96

Diagnostic Information:
Feature: MATLAB 
License path: /home/rajat/.matlab/R2020a_licenses:/software/Matlab/licenses/license.dat:/software/Matlab/licenses/
network.lic 
Licensing error: -96,7. System Error: 2
License checkout failed.
License Manager Error -96
Unable to connect to the license server. 
Make sure that the client machine can communicate with the hostname listed in the SERVER line of the
license file, and that the port listed in the SERVER line is not blocked by a firewall.

Troubleshoot this issue by visiting: 
https://www.mathworks.com/support/lme/R2020a/96

Diagnostic Information:
Feature: MATLAB 
License path: /home/rajat/.matlab/R2020a_licenses:/software/Matlab/licenses/license.dat:/software/Matlab/licenses/
network.lic 
Licensing error: -96,7. System Error: 2
License checkout failed.
License Manager Error -96
Unable to connect to the license server. 
Make sure that the client machine can communicate with the hostname listed in the SERVER line of the
license file, and that the port listed in the SERVER line is not blocked by a firewall.

Troubleshoot this issue by visiting: 
https://www.mathworks.com/support/lme/R2020a/96

Diagnostic Information:
Feature: MATLAB 
License path: /home/rajat/.matlab/R2020a_licenses:/software/Matlab/licenses/license.dat:/software/Matlab/licenses/
network.lic 
Licensing error: -96,7. System Error: 2
License checkout failed.
License Manager Error -96
Unable to connect to the license server. 
Make sure that the client machine can communicate with the hostname listed in the SERVER line of the
license file, and that the port listed in the SERVER line is not blocked by a firewall.

Troubleshoot this issue by visiting: 
https://www.mathworks.com/support/lme/R2020a/96

Diagnostic Information:
Feature: MATLAB 
License path: /home/rajat/.matlab/R2020a_licenses:/software/Matlab/licenses/license.dat:/software/Matlab/licenses/
network.lic 
Licensing error: -96,7. System Error: 2
License checkout failed.
License Manager Error -96
Unable to connect to the license server. 
Make sure that the client machine can communicate with the hostname listed in the SERVER line of the
license file, and that the port listed in the SERVER line is not blocked by a firewall.

Troubleshoot this issue by visiting: 
https://www.mathworks.com/support/lme/R2020a/96

Diagnostic Information:
Feature: MATLAB 
License path: /home/rajat/.matlab/R2020a_licenses:/software/Matlab/licenses/license.dat:/software/Matlab/licenses/
network.lic 
Licensing error: -96,7. System Error: 2
License checkout failed.
License Manager Error -96
Unable to connect to the license server. 
Make sure that the client machine can communicate with the hostname listed in the SERVER line of the
license file, and that the port listed in the SERVER line is not blocked by a firewall.

Troubleshoot this issue by visiting: 
https://www.mathworks.com/support/lme/R2020a/96

Diagnostic Information:
Feature: MATLAB 
License path: /home/rajat/.matlab/R2020a_licenses:/software/Matlab/licenses/license.dat:/software/Matlab/licenses/
network.lic 
Licensing error: -96,7. System Error: 2
License checkout failed.
License Manager Error -96
Unable to connect to the license server. 
Make sure that the client machine can communicate with the hostname listed in the SERVER line of the
license file, and that the port listed in the SERVER line is not blocked by a firewall.

Troubleshoot this issue by visiting: 
https://www.mathworks.com/support/lme/R2020a/96

Diagnostic Information:
Feature: MATLAB 
License path: /home/rajat/.matlab/R2020a_licenses:/software/Matlab/licenses/license.dat:/software/Matlab/licenses/
network.lic 
Licensing error: -96,7. System Error: 2
License checkout failed.
License Manager Error -96
Unable to connect to the license server. 
Make sure that the client machine can communicate with the hostname listed in the SERVER line of the
license file, and that the port listed in the SERVER line is not blocked by a firewall.

Troubleshoot this issue by visiting: 
https://www.mathworks.com/support/lme/R2020a/96

Diagnostic Information:
Feature: MATLAB 
License path: /home/rajat/.matlab/R2020a_licenses:/software/Matlab/licenses/license.dat:/software/Matlab/licenses/
network.lic 
Licensing error: -96,7. System Error: 2
License checkout failed.
License Manager Error -96
Unable to connect to the license server. 
Make sure that the client machine can communicate with the hostname listed in the SERVER line of the
license file, and that the port listed in the SERVER line is not blocked by a firewall.

Troubleshoot this issue by visiting: 
https://www.mathworks.com/support/lme/R2020a/96

Diagnostic Information:
Feature: MATLAB 
License path: /home/rajat/.matlab/R2020a_licenses:/software/Matlab/licenses/license.dat:/software/Matlab/licenses/
network.lic 
Licensing error: -96,7. System Error: 2
License checkout failed.
License Manager Error -96
Unable to connect to the license server. 
Make sure that the client machine can communicate with the hostname listed in the SERVER line of the
license file, and that the port listed in the SERVER line is not blocked by a firewall.

Troubleshoot this issue by visiting: 
https://www.mathworks.com/support/lme/R2020a/96

Diagnostic Information:
Feature: MATLAB 
License path: /home/rajat/.matlab/R2020a_licenses:/software/Matlab/licenses/license.dat:/software/Matlab/licenses/
network.lic 
Licensing error: -96,7. System Error: 2
License checkout failed.
License Manager Error -96
Unable to connect to the license server. 
Make sure that the client machine can communicate with the hostname listed in the SERVER line of the
license file, and that the port listed in the SERVER line is not blocked by a firewall.

Troubleshoot this issue by visiting: 
https://www.mathworks.com/support/lme/R2020a/96

Diagnostic Information:
Feature: MATLAB 
License path: /home/rajat/.matlab/R2020a_licenses:/software/Matlab/licenses/license.dat:/software/Matlab/licenses/
network.lic 
Licensing error: -96,7. System Error: 2
License checkout failed.
License Manager Error -96
Unable to connect to the license server. 
Make sure that the client machine can communicate with the hostname listed in the SERVER line of the
license file, and that the port listed in the SERVER line is not blocked by a firewall.

Troubleshoot this issue by visiting: 
https://www.mathworks.com/support/lme/R2020a/96

Diagnostic Information:
Feature: MATLAB 
License path: /home/rajat/.matlab/R2020a_licenses:/software/Matlab/licenses/license.dat:/software/Matlab/licenses/
network.lic 
Licensing error: -96,7. System Error: 2
License checkout failed.
License Manager Error -96
Unable to connect to the license server. 
Make sure that the client machine can communicate with the hostname listed in the SERVER line of the
license file, and that the port listed in the SERVER line is not blocked by a firewall.

Troubleshoot this issue by visiting: 
https://www.mathworks.com/support/lme/R2020a/96

Diagnostic Information:
Feature: MATLAB 
License path: /home/rajat/.matlab/R2020a_licenses:/software/Matlab/licenses/license.dat:/software/Matlab/licenses/
network.lic 
Licensing error: -96,7. System Error: 2
License checkout failed.
License Manager Error -96
Unable to connect to the license server. 
Make sure that the client machine can communicate with the hostname listed in the SERVER line of the
license file, and that the port listed in the SERVER line is not blocked by a firewall.

Troubleshoot this issue by visiting: 
https://www.mathworks.com/support/lme/R2020a/96

Diagnostic Information:
Feature: MATLAB 
License path: /home/rajat/.matlab/R2020a_licenses:/software/Matlab/licenses/license.dat:/software/Matlab/licenses/
network.lic 
Licensing error: -96,7. System Error: 2
License checkout failed.
License Manager Error -96
Unable to connect to the license server. 
Make sure that the client machine can communicate with the hostname listed in the SERVER line of the
license file, and that the port listed in the SERVER line is not blocked by a firewall.

Troubleshoot this issue by visiting: 
https://www.mathworks.com/support/lme/R2020a/96

Diagnostic Information:
Feature: MATLAB 
License path: /home/rajat/.matlab/R2020a_licenses:/software/Matlab/licenses/license.dat:/software/Matlab/licenses/
network.lic 
Licensing error: -96,7. System Error: 2
License checkout failed.
License Manager Error -96
Unable to connect to the license server. 
Make sure that the client machine can communicate with the hostname listed in the SERVER line of the
license file, and that the port listed in the SERVER line is not blocked by a firewall.

Troubleshoot this issue by visiting: 
https://www.mathworks.com/support/lme/R2020a/96

Diagnostic Information:
Feature: MATLAB 
License path: /home/rajat/.matlab/R2020a_licenses:/software/Matlab/licenses/license.dat:/software/Matlab/licenses/
network.lic 
Licensing error: -96,7. System Error: 2
License checkout failed.
License Manager Error -96
Unable to connect to the license server. 
Make sure that the client machine can communicate with the hostname listed in the SERVER line of the
license file, and that the port listed in the SERVER line is not blocked by a firewall.

Troubleshoot this issue by visiting: 
https://www.mathworks.com/support/lme/R2020a/96

Diagnostic Information:
Feature: MATLAB 
License path: /home/rajat/.matlab/R2020a_licenses:/software/Matlab/licenses/license.dat:/software/Matlab/licenses/
network.lic 
Licensing error: -96,7. System Error: 2
License checkout failed.
License Manager Error -96
Unable to connect to the license server. 
Make sure that the client machine can communicate with the hostname listed in the SERVER line of the
license file, and that the port listed in the SERVER line is not blocked by a firewall.

Troubleshoot this issue by visiting: 
https://www.mathworks.com/support/lme/R2020a/96

Diagnostic Information:
Feature: MATLAB 
License path: /home/rajat/.matlab/R2020a_licenses:/software/Matlab/licenses/license.dat:/software/Matlab/licenses/
network.lic 
Licensing error: -96,7. System Error: 2
License checkout failed.
License Manager Error -96
Unable to connect to the license server. 
Make sure that the client machine can communicate with the hostname listed in the SERVER line of the
license file, and that the port listed in the SERVER line is not blocked by a firewall.

Troubleshoot this issue by visiting: 
https://www.mathworks.com/support/lme/R2020a/96

Diagnostic Information:
Feature: MATLAB 
License path: /home/rajat/.matlab/R2020a_licenses:/software/Matlab/licenses/license.dat:/software/Matlab/licenses/
network.lic 
Licensing error: -96,7. System Error: 2
License checkout failed.
License Manager Error -96
Unable to connect to the license server. 
Make sure that the client machine can communicate with the hostname listed in the SERVER line of the
license file, and that the port listed in the SERVER line is not blocked by a firewall.

Troubleshoot this issue by visiting: 
https://www.mathworks.com/support/lme/R2020a/96

Diagnostic Information:
Feature: MATLAB 
License path: /home/rajat/.matlab/R2020a_licenses:/software/Matlab/licenses/license.dat:/software/Matlab/licenses/
network.lic 
Licensing error: -96,7. System Error: 2
License checkout failed.
License Manager Error -96
Unable to connect to the license server. 
Make sure that the client machine can communicate with the hostname listed in the SERVER line of the
license file, and that the port listed in the SERVER line is not blocked by a firewall.

Troubleshoot this issue by visiting: 
https://www.mathworks.com/support/lme/R2020a/96

Diagnostic Information:
Feature: MATLAB 
License path: /home/rajat/.matlab/R2020a_licenses:/software/Matlab/licenses/license.dat:/software/Matlab/licenses/
network.lic 
Licensing error: -96,7. System Error: 2
License checkout failed.
License Manager Error -96
Unable to connect to the license server. 
Make sure that the client machine can communicate with the hostname listed in the SERVER line of the
license file, and that the port listed in the SERVER line is not blocked by a firewall.

Troubleshoot this issue by visiting: 
https://www.mathworks.com/support/lme/R2020a/96

Diagnostic Information:
Feature: MATLAB 
License path: /home/rajat/.matlab/R2020a_licenses:/software/Matlab/licenses/license.dat:/software/Matlab/licenses/
network.lic 
Licensing error: -96,7. System Error: 2
License checkout failed.
License Manager Error -96
Unable to connect to the license server. 
Make sure that the client machine can communicate with the hostname listed in the SERVER line of the
license file, and that the port listed in the SERVER line is not blocked by a firewall.

Troubleshoot this issue by visiting: 
https://www.mathworks.com/support/lme/R2020a/96

Diagnostic Information:
Feature: MATLAB 
License path: /home/rajat/.matlab/R2020a_licenses:/software/Matlab/licenses/license.dat:/software/Matlab/licenses/
network.lic 
Licensing error: -96,7. System Error: 2
License checkout failed.
License Manager Error -96
Unable to connect to the license server. 
Make sure that the client machine can communicate with the hostname listed in the SERVER line of the
license file, and that the port listed in the SERVER line is not blocked by a firewall.

Troubleshoot this issue by visiting: 
https://www.mathworks.com/support/lme/R2020a/96

Diagnostic Information:
Feature: MATLAB 
License path: /home/rajat/.matlab/R2020a_licenses:/software/Matlab/licenses/license.dat:/software/Matlab/licenses/
network.lic 
Licensing error: -96,7. System Error: 2
License checkout failed.
License Manager Error -96
Unable to connect to the license server. 
Make sure that the client machine can communicate with the hostname listed in the SERVER line of the
license file, and that the port listed in the SERVER line is not blocked by a firewall.

Troubleshoot this issue by visiting: 
https://www.mathworks.com/support/lme/R2020a/96

Diagnostic Information:
Feature: MATLAB 
License path: /home/rajat/.matlab/R2020a_licenses:/software/Matlab/licenses/license.dat:/software/Matlab/licenses/
network.lic 
Licensing error: -96,7. System Error: 2
License checkout failed.
License Manager Error -96
Unable to connect to the license server. 
Make sure that the client machine can communicate with the hostname listed in the SERVER line of the
license file, and that the port listed in the SERVER line is not blocked by a firewall.

Troubleshoot this issue by visiting: 
https://www.mathworks.com/support/lme/R2020a/96

Diagnostic Information:
Feature: MATLAB 
License path: /home/rajat/.matlab/R2020a_licenses:/software/Matlab/licenses/license.dat:/software/Matlab/licenses/
network.lic 
Licensing error: -96,7. System Error: 2
License checkout failed.
License Manager Error -96
Unable to connect to the license server. 
Make sure that the client machine can communicate with the hostname listed in the SERVER line of the
license file, and that the port listed in the SERVER line is not blocked by a firewall.

Troubleshoot this issue by visiting: 
https://www.mathworks.com/support/lme/R2020a/96

Diagnostic Information:
Feature: MATLAB 
License path: /home/rajat/.matlab/R2020a_licenses:/software/Matlab/licenses/license.dat:/software/Matlab/licenses/
network.lic 
Licensing error: -96,7. System Error: 2
License checkout failed.
License Manager Error -96
Unable to connect to the license server. 
Make sure that the client machine can communicate with the hostname listed in the SERVER line of the
license file, and that the port listed in the SERVER line is not blocked by a firewall.

Troubleshoot this issue by visiting: 
https://www.mathworks.com/support/lme/R2020a/96

Diagnostic Information:
Feature: MATLAB 
License path: /home/rajat/.matlab/R2020a_licenses:/software/Matlab/licenses/license.dat:/software/Matlab/licenses/
network.lic 
Licensing error: -96,7. System Error: 2
License checkout failed.
License Manager Error -96
Unable to connect to the license server. 
Make sure that the client machine can communicate with the hostname listed in the SERVER line of the
license file, and that the port listed in the SERVER line is not blocked by a firewall.

Troubleshoot this issue by visiting: 
https://www.mathworks.com/support/lme/R2020a/96

Diagnostic Information:
Feature: MATLAB 
License path: /home/rajat/.matlab/R2020a_licenses:/software/Matlab/licenses/license.dat:/software/Matlab/licenses/
network.lic 
Licensing error: -96,7. System Error: 2
License checkout failed.
License Manager Error -96
Unable to connect to the license server. 
Make sure that the client machine can communicate with the hostname listed in the SERVER line of the
license file, and that the port listed in the SERVER line is not blocked by a firewall.

Troubleshoot this issue by visiting: 
https://www.mathworks.com/support/lme/R2020a/96

Diagnostic Information:
Feature: MATLAB 
License path: /home/rajat/.matlab/R2020a_licenses:/software/Matlab/licenses/license.dat:/software/Matlab/licenses/
network.lic 
Licensing error: -96,7. System Error: 2
License checkout failed.
License Manager Error -96
Unable to connect to the license server. 
Make sure that the client machine can communicate with the hostname listed in the SERVER line of the
license file, and that the port listed in the SERVER line is not blocked by a firewall.

Troubleshoot this issue by visiting: 
https://www.mathworks.com/support/lme/R2020a/96

Diagnostic Information:
Feature: MATLAB 
License path: /home/rajat/.matlab/R2020a_licenses:/software/Matlab/licenses/license.dat:/software/Matlab/licenses/
network.lic 
Licensing error: -96,7. System Error: 2
License checkout failed.
License Manager Error -96
Unable to connect to the license server. 
Make sure that the client machine can communicate with the hostname listed in the SERVER line of the
license file, and that the port listed in the SERVER line is not blocked by a firewall.

Troubleshoot this issue by visiting: 
https://www.mathworks.com/support/lme/R2020a/96

Diagnostic Information:
Feature: MATLAB 
License path: /home/rajat/.matlab/R2020a_licenses:/software/Matlab/licenses/license.dat:/software/Matlab/licenses/
network.lic 
Licensing error: -96,7. System Error: 2
License checkout failed.
License Manager Error -96
Unable to connect to the license server. 
Make sure that the client machine can communicate with the hostname listed in the SERVER line of the
license file, and that the port listed in the SERVER line is not blocked by a firewall.

Troubleshoot this issue by visiting: 
https://www.mathworks.com/support/lme/R2020a/96

Diagnostic Information:
Feature: MATLAB 
License path: /home/rajat/.matlab/R2020a_licenses:/software/Matlab/licenses/license.dat:/software/Matlab/licenses/
network.lic 
Licensing error: -96,7. System Error: 2
License checkout failed.
License Manager Error -96
Unable to connect to the license server. 
Make sure that the client machine can communicate with the hostname listed in the SERVER line of the
license file, and that the port listed in the SERVER line is not blocked by a firewall.

Troubleshoot this issue by visiting: 
https://www.mathworks.com/support/lme/R2020a/96

Diagnostic Information:
Feature: MATLAB 
License path: /home/rajat/.matlab/R2020a_licenses:/software/Matlab/licenses/license.dat:/software/Matlab/licenses/
network.lic 
Licensing error: -96,7. System Error: 2
License checkout failed.
License Manager Error -96
Unable to connect to the license server. 
Make sure that the client machine can communicate with the hostname listed in the SERVER line of the
license file, and that the port listed in the SERVER line is not blocked by a firewall.

Troubleshoot this issue by visiting: 
https://www.mathworks.com/support/lme/R2020a/96

Diagnostic Information:
Feature: MATLAB 
License path: /home/rajat/.matlab/R2020a_licenses:/software/Matlab/licenses/license.dat:/software/Matlab/licenses/
network.lic 
Licensing error: -96,7. System Error: 2
License checkout failed.
License Manager Error -96
Unable to connect to the license server. 
Make sure that the client machine can communicate with the hostname listed in the SERVER line of the
license file, and that the port listed in the SERVER line is not blocked by a firewall.

Troubleshoot this issue by visiting: 
https://www.mathworks.com/support/lme/R2020a/96

Diagnostic Information:
Feature: MATLAB 
License path: /home/rajat/.matlab/R2020a_licenses:/software/Matlab/licenses/license.dat:/software/Matlab/licenses/
network.lic 
Licensing error: -96,7. System Error: 2
License checkout failed.
License Manager Error -96
Unable to connect to the license server. 
Make sure that the client machine can communicate with the hostname listed in the SERVER line of the
license file, and that the port listed in the SERVER line is not blocked by a firewall.

Troubleshoot this issue by visiting: 
https://www.mathworks.com/support/lme/R2020a/96

Diagnostic Information:
Feature: MATLAB 
License path: /home/rajat/.matlab/R2020a_licenses:/software/Matlab/licenses/license.dat:/software/Matlab/licenses/
network.lic 
Licensing error: -96,7. System Error: 2
License checkout failed.
License Manager Error -96
Unable to connect to the license server. 
Make sure that the client machine can communicate with the hostname listed in the SERVER line of the
license file, and that the port listed in the SERVER line is not blocked by a firewall.

Troubleshoot this issue by visiting: 
https://www.mathworks.com/support/lme/R2020a/96

Diagnostic Information:
Feature: MATLAB 
License path: /home/rajat/.matlab/R2020a_licenses:/software/Matlab/licenses/license.dat:/software/Matlab/licenses/
network.lic 
Licensing error: -96,7. System Error: 2
License checkout failed.
License Manager Error -96
Unable to connect to the license server. 
Make sure that the client machine can communicate with the hostname listed in the SERVER line of the
license file, and that the port listed in the SERVER line is not blocked by a firewall.

Troubleshoot this issue by visiting: 
https://www.mathworks.com/support/lme/R2020a/96

Diagnostic Information:
Feature: MATLAB 
License path: /home/rajat/.matlab/R2020a_licenses:/software/Matlab/licenses/license.dat:/software/Matlab/licenses/
network.lic 
Licensing error: -96,7. System Error: 2
License checkout failed.
License Manager Error -96
Unable to connect to the license server. 
Make sure that the client machine can communicate with the hostname listed in the SERVER line of the
license file, and that the port listed in the SERVER line is not blocked by a firewall.

Troubleshoot this issue by visiting: 
https://www.mathworks.com/support/lme/R2020a/96

Diagnostic Information:
Feature: MATLAB 
License path: /home/rajat/.matlab/R2020a_licenses:/software/Matlab/licenses/license.dat:/software/Matlab/licenses/
network.lic 
Licensing error: -96,7. System Error: 2
License checkout failed.
License Manager Error -96
Unable to connect to the license server. 
Make sure that the client machine can communicate with the hostname listed in the SERVER line of the
license file, and that the port listed in the SERVER line is not blocked by a firewall.

Troubleshoot this issue by visiting: 
https://www.mathworks.com/support/lme/R2020a/96

Diagnostic Information:
Feature: MATLAB 
License path: /home/rajat/.matlab/R2020a_licenses:/software/Matlab/licenses/license.dat:/software/Matlab/licenses/
network.lic 
Licensing error: -96,7. System Error: 2
License checkout failed.
License Manager Error -96
Unable to connect to the license server. 
Make sure that the client machine can communicate with the hostname listed in the SERVER line of the
license file, and that the port listed in the SERVER line is not blocked by a firewall.

Troubleshoot this issue by visiting: 
https://www.mathworks.com/support/lme/R2020a/96

Diagnostic Information:
Feature: MATLAB 
License path: /home/rajat/.matlab/R2020a_licenses:/software/Matlab/licenses/license.dat:/software/Matlab/licenses/
network.lic 
Licensing error: -96,7. System Error: 2
License checkout failed.
License Manager Error -96
Unable to connect to the license server. 
Make sure that the client machine can communicate with the hostname listed in the SERVER line of the
license file, and that the port listed in the SERVER line is not blocked by a firewall.

Troubleshoot this issue by visiting: 
https://www.mathworks.com/support/lme/R2020a/96

Diagnostic Information:
Feature: MATLAB 
License path: /home/rajat/.matlab/R2020a_licenses:/software/Matlab/licenses/license.dat:/software/Matlab/licenses/
network.lic 
Licensing error: -96,7. System Error: 2
License checkout failed.
License Manager Error -96
Unable to connect to the license server. 
Make sure that the client machine can communicate with the hostname listed in the SERVER line of the
license file, and that the port listed in the SERVER line is not blocked by a firewall.

Troubleshoot this issue by visiting: 
https://www.mathworks.com/support/lme/R2020a/96

Diagnostic Information:
Feature: MATLAB 
License path: /home/rajat/.matlab/R2020a_licenses:/software/Matlab/licenses/license.dat:/software/Matlab/licenses/
network.lic 
Licensing error: -96,7. System Error: 2
License checkout failed.
License Manager Error -96
Unable to connect to the license server. 
Make sure that the client machine can communicate with the hostname listed in the SERVER line of the
license file, and that the port listed in the SERVER line is not blocked by a firewall.

Troubleshoot this issue by visiting: 
https://www.mathworks.com/support/lme/R2020a/96

Diagnostic Information:
Feature: MATLAB 
License path: /home/rajat/.matlab/R2020a_licenses:/software/Matlab/licenses/license.dat:/software/Matlab/licenses/
network.lic 
Licensing error: -96,7. System Error: 2
License checkout failed.
License Manager Error -96
Unable to connect to the license server. 
Make sure that the client machine can communicate with the hostname listed in the SERVER line of the
license file, and that the port listed in the SERVER line is not blocked by a firewall.

Troubleshoot this issue by visiting: 
https://www.mathworks.com/support/lme/R2020a/96

Diagnostic Information:
Feature: MATLAB 
License path: /home/rajat/.matlab/R2020a_licenses:/software/Matlab/licenses/license.dat:/software/Matlab/licenses/
network.lic 
Licensing error: -96,7. System Error: 2
License checkout failed.
License Manager Error -96
Unable to connect to the license server. 
Make sure that the client machine can communicate with the hostname listed in the SERVER line of the
license file, and that the port listed in the SERVER line is not blocked by a firewall.

Troubleshoot this issue by visiting: 
https://www.mathworks.com/support/lme/R2020a/96

Diagnostic Information:
Feature: MATLAB 
License path: /home/rajat/.matlab/R2020a_licenses:/software/Matlab/licenses/license.dat:/software/Matlab/licenses/
network.lic 
Licensing error: -96,7. System Error: 2
License checkout failed.
License Manager Error -96
Unable to connect to the license server. 
Make sure that the client machine can communicate with the hostname listed in the SERVER line of the
license file, and that the port listed in the SERVER line is not blocked by a firewall.

Troubleshoot this issue by visiting: 
https://www.mathworks.com/support/lme/R2020a/96

Diagnostic Information:
Feature: MATLAB 
License path: /home/rajat/.matlab/R2020a_licenses:/software/Matlab/licenses/license.dat:/software/Matlab/licenses/
network.lic 
Licensing error: -96,7. System Error: 2
License checkout failed.
License Manager Error -96
Unable to connect to the license server. 
Make sure that the client machine can communicate with the hostname listed in the SERVER line of the
license file, and that the port listed in the SERVER line is not blocked by a firewall.

Troubleshoot this issue by visiting: 
https://www.mathworks.com/support/lme/R2020a/96

Diagnostic Information:
Feature: MATLAB 
License path: /home/rajat/.matlab/R2020a_licenses:/software/Matlab/licenses/license.dat:/software/Matlab/licenses/
network.lic 
Licensing error: -96,7. System Error: 2
License checkout failed.
License Manager Error -96
Unable to connect to the license server. 
Make sure that the client machine can communicate with the hostname listed in the SERVER line of the
license file, and that the port listed in the SERVER line is not blocked by a firewall.

Troubleshoot this issue by visiting: 
https://www.mathworks.com/support/lme/R2020a/96

Diagnostic Information:
Feature: MATLAB 
License path: /home/rajat/.matlab/R2020a_licenses:/software/Matlab/licenses/license.dat:/software/Matlab/licenses/
network.lic 
Licensing error: -96,7. System Error: 2
License checkout failed.
License Manager Error -96
Unable to connect to the license server. 
Make sure that the client machine can communicate with the hostname listed in the SERVER line of the
license file, and that the port listed in the SERVER line is not blocked by a firewall.

Troubleshoot this issue by visiting: 
https://www.mathworks.com/support/lme/R2020a/96

Diagnostic Information:
Feature: MATLAB 
License path: /home/rajat/.matlab/R2020a_licenses:/software/Matlab/licenses/license.dat:/software/Matlab/licenses/
network.lic 
Licensing error: -96,7. System Error: 2
License checkout failed.
License Manager Error -96
Unable to connect to the license server. 
Make sure that the client machine can communicate with the hostname listed in the SERVER line of the
license file, and that the port listed in the SERVER line is not blocked by a firewall.

Troubleshoot this issue by visiting: 
https://www.mathworks.com/support/lme/R2020a/96

Diagnostic Information:
Feature: MATLAB 
License path: /home/rajat/.matlab/R2020a_licenses:/software/Matlab/licenses/license.dat:/software/Matlab/licenses/
network.lic 
Licensing error: -96,7. System Error: 2
License checkout failed.
License Manager Error -96
Unable to connect to the license server. 
Make sure that the client machine can communicate with the hostname listed in the SERVER line of the
license file, and that the port listed in the SERVER line is not blocked by a firewall.

Troubleshoot this issue by visiting: 
https://www.mathworks.com/support/lme/R2020a/96

Diagnostic Information:
Feature: MATLAB 
License path: /home/rajat/.matlab/R2020a_licenses:/software/Matlab/licenses/license.dat:/software/Matlab/licenses/
network.lic 
Licensing error: -96,7. System Error: 2
License checkout failed.
License Manager Error -96
Unable to connect to the license server. 
Make sure that the client machine can communicate with the hostname listed in the SERVER line of the
license file, and that the port listed in the SERVER line is not blocked by a firewall.

Troubleshoot this issue by visiting: 
https://www.mathworks.com/support/lme/R2020a/96

Diagnostic Information:
Feature: MATLAB 
License path: /home/rajat/.matlab/R2020a_licenses:/software/Matlab/licenses/license.dat:/software/Matlab/licenses/
network.lic 
Licensing error: -96,7. System Error: 2
License checkout failed.
License Manager Error -96
Unable to connect to the license server. 
Make sure that the client machine can communicate with the hostname listed in the SERVER line of the
license file, and that the port listed in the SERVER line is not blocked by a firewall.

Troubleshoot this issue by visiting: 
https://www.mathworks.com/support/lme/R2020a/96

Diagnostic Information:
Feature: MATLAB 
License path: /home/rajat/.matlab/R2020a_licenses:/software/Matlab/licenses/license.dat:/software/Matlab/licenses/
network.lic 
Licensing error: -96,7. System Error: 2
License checkout failed.
License Manager Error -96
Unable to connect to the license server. 
Make sure that the client machine can communicate with the hostname listed in the SERVER line of the
license file, and that the port listed in the SERVER line is not blocked by a firewall.

Troubleshoot this issue by visiting: 
https://www.mathworks.com/support/lme/R2020a/96

Diagnostic Information:
Feature: MATLAB 
License path: /home/rajat/.matlab/R2020a_licenses:/software/Matlab/licenses/license.dat:/software/Matlab/licenses/
network.lic 
Licensing error: -96,7. System Error: 2
License checkout failed.
License Manager Error -96
Unable to connect to the license server. 
Make sure that the client machine can communicate with the hostname listed in the SERVER line of the
license file, and that the port listed in the SERVER line is not blocked by a firewall.

Troubleshoot this issue by visiting: 
https://www.mathworks.com/support/lme/R2020a/96

Diagnostic Information:
Feature: MATLAB 
License path: /home/rajat/.matlab/R2020a_licenses:/software/Matlab/licenses/license.dat:/software/Matlab/licenses/
network.lic 
Licensing error: -96,7. System Error: 2
License checkout failed.
License Manager Error -96
Unable to connect to the license server. 
Make sure that the client machine can communicate with the hostname listed in the SERVER line of the
license file, and that the port listed in the SERVER line is not blocked by a firewall.

Troubleshoot this issue by visiting: 
https://www.mathworks.com/support/lme/R2020a/96

Diagnostic Information:
Feature: MATLAB 
License path: /home/rajat/.matlab/R2020a_licenses:/software/Matlab/licenses/license.dat:/software/Matlab/licenses/
network.lic 
Licensing error: -96,7. System Error: 2
License checkout failed.
License Manager Error -96
Unable to connect to the license server. 
Make sure that the client machine can communicate with the hostname listed in the SERVER line of the
license file, and that the port listed in the SERVER line is not blocked by a firewall.

Troubleshoot this issue by visiting: 
https://www.mathworks.com/support/lme/R2020a/96

Diagnostic Information:
Feature: MATLAB 
License path: /home/rajat/.matlab/R2020a_licenses:/software/Matlab/licenses/license.dat:/software/Matlab/licenses/
network.lic 
Licensing error: -96,7. System Error: 2
License checkout failed.
License Manager Error -96
Unable to connect to the license server. 
Make sure that the client machine can communicate with the hostname listed in the SERVER line of the
license file, and that the port listed in the SERVER line is not blocked by a firewall.

Troubleshoot this issue by visiting: 
https://www.mathworks.com/support/lme/R2020a/96

Diagnostic Information:
Feature: MATLAB 
License path: /home/rajat/.matlab/R2020a_licenses:/software/Matlab/licenses/license.dat:/software/Matlab/licenses/
network.lic 
Licensing error: -96,7. System Error: 2
License checkout failed.
License Manager Error -96
Unable to connect to the license server. 
Make sure that the client machine can communicate with the hostname listed in the SERVER line of the
license file, and that the port listed in the SERVER line is not blocked by a firewall.

Troubleshoot this issue by visiting: 
https://www.mathworks.com/support/lme/R2020a/96

Diagnostic Information:
Feature: MATLAB 
License path: /home/rajat/.matlab/R2020a_licenses:/software/Matlab/licenses/license.dat:/software/Matlab/licenses/
network.lic 
Licensing error: -96,7. System Error: 2
License checkout failed.
License Manager Error -96
Unable to connect to the license server. 
Make sure that the client machine can communicate with the hostname listed in the SERVER line of the
license file, and that the port listed in the SERVER line is not blocked by a firewall.

Troubleshoot this issue by visiting: 
https://www.mathworks.com/support/lme/R2020a/96

Diagnostic Information:
Feature: MATLAB 
License path: /home/rajat/.matlab/R2020a_licenses:/software/Matlab/licenses/license.dat:/software/Matlab/licenses/
network.lic 
Licensing error: -96,7. System Error: 2
License checkout failed.
License Manager Error -96
Unable to connect to the license server. 
Make sure that the client machine can communicate with the hostname listed in the SERVER line of the
license file, and that the port listed in the SERVER line is not blocked by a firewall.

Troubleshoot this issue by visiting: 
https://www.mathworks.com/support/lme/R2020a/96

Diagnostic Information:
Feature: MATLAB 
License path: /home/rajat/.matlab/R2020a_licenses:/software/Matlab/licenses/license.dat:/software/Matlab/licenses/
network.lic 
Licensing error: -96,7. System Error: 2
License checkout failed.
License Manager Error -96
Unable to connect to the license server. 
Make sure that the client machine can communicate with the hostname listed in the SERVER line of the
license file, and that the port listed in the SERVER line is not blocked by a firewall.

Troubleshoot this issue by visiting: 
https://www.mathworks.com/support/lme/R2020a/96

Diagnostic Information:
Feature: MATLAB 
License path: /home/rajat/.matlab/R2020a_licenses:/software/Matlab/licenses/license.dat:/software/Matlab/licenses/
network.lic 
Licensing error: -96,7. System Error: 2
License checkout failed.
License Manager Error -96
Unable to connect to the license server. 
Make sure that the client machine can communicate with the hostname listed in the SERVER line of the
license file, and that the port listed in the SERVER line is not blocked by a firewall.

Troubleshoot this issue by visiting: 
https://www.mathworks.com/support/lme/R2020a/96

Diagnostic Information:
Feature: MATLAB 
License path: /home/rajat/.matlab/R2020a_licenses:/software/Matlab/licenses/license.dat:/software/Matlab/licenses/
network.lic 
Licensing error: -96,7. System Error: 2
License checkout failed.
License Manager Error -96
Unable to connect to the license server. 
Make sure that the client machine can communicate with the hostname listed in the SERVER line of the
license file, and that the port listed in the SERVER line is not blocked by a firewall.

Troubleshoot this issue by visiting: 
https://www.mathworks.com/support/lme/R2020a/96

Diagnostic Information:
Feature: MATLAB 
License path: /home/rajat/.matlab/R2020a_licenses:/software/Matlab/licenses/license.dat:/software/Matlab/licenses/
network.lic 
Licensing error: -96,7. System Error: 2
License checkout failed.
License Manager Error -96
Unable to connect to the license server. 
Make sure that the client machine can communicate with the hostname listed in the SERVER line of the
license file, and that the port listed in the SERVER line is not blocked by a firewall.

Troubleshoot this issue by visiting: 
https://www.mathworks.com/support/lme/R2020a/96

Diagnostic Information:
Feature: MATLAB 
License path: /home/rajat/.matlab/R2020a_licenses:/software/Matlab/licenses/license.dat:/software/Matlab/licenses/
network.lic 
Licensing error: -96,7. System Error: 2
License checkout failed.
License Manager Error -96
Unable to connect to the license server. 
Make sure that the client machine can communicate with the hostname listed in the SERVER line of the
license file, and that the port listed in the SERVER line is not blocked by a firewall.

Troubleshoot this issue by visiting: 
https://www.mathworks.com/support/lme/R2020a/96

Diagnostic Information:
Feature: MATLAB 
License path: /home/rajat/.matlab/R2020a_licenses:/software/Matlab/licenses/license.dat:/software/Matlab/licenses/
network.lic 
Licensing error: -96,7. System Error: 2
License checkout failed.
License Manager Error -96
Unable to connect to the license server. 
Make sure that the client machine can communicate with the hostname listed in the SERVER line of the
license file, and that the port listed in the SERVER line is not blocked by a firewall.

Troubleshoot this issue by visiting: 
https://www.mathworks.com/support/lme/R2020a/96

Diagnostic Information:
Feature: MATLAB 
License path: /home/rajat/.matlab/R2020a_licenses:/software/Matlab/licenses/license.dat:/software/Matlab/licenses/
network.lic 
Licensing error: -96,7. System Error: 2
License checkout failed.
License Manager Error -96
Unable to connect to the license server. 
Make sure that the client machine can communicate with the hostname listed in the SERVER line of the
license file, and that the port listed in the SERVER line is not blocked by a firewall.

Troubleshoot this issue by visiting: 
https://www.mathworks.com/support/lme/R2020a/96

Diagnostic Information:
Feature: MATLAB 
License path: /home/rajat/.matlab/R2020a_licenses:/software/Matlab/licenses/license.dat:/software/Matlab/licenses/
network.lic 
Licensing error: -96,7. System Error: 2
License checkout failed.
License Manager Error -96
Unable to connect to the license server. 
Make sure that the client machine can communicate with the hostname listed in the SERVER line of the
license file, and that the port listed in the SERVER line is not blocked by a firewall.

Troubleshoot this issue by visiting: 
https://www.mathworks.com/support/lme/R2020a/96

Diagnostic Information:
Feature: MATLAB 
License path: /home/rajat/.matlab/R2020a_licenses:/software/Matlab/licenses/license.dat:/software/Matlab/licenses/
network.lic 
Licensing error: -96,7. System Error: 2
License checkout failed.
License Manager Error -96
Unable to connect to the license server. 
Make sure that the client machine can communicate with the hostname listed in the SERVER line of the
license file, and that the port listed in the SERVER line is not blocked by a firewall.

Troubleshoot this issue by visiting: 
https://www.mathworks.com/support/lme/R2020a/96

Diagnostic Information:
Feature: MATLAB 
License path: /home/rajat/.matlab/R2020a_licenses:/software/Matlab/licenses/license.dat:/software/Matlab/licenses/
network.lic 
Licensing error: -96,7. System Error: 2
License checkout failed.
License Manager Error -96
Unable to connect to the license server. 
Make sure that the client machine can communicate with the hostname listed in the SERVER line of the
license file, and that the port listed in the SERVER line is not blocked by a firewall.

Troubleshoot this issue by visiting: 
https://www.mathworks.com/support/lme/R2020a/96

Diagnostic Information:
Feature: MATLAB 
License path: /home/rajat/.matlab/R2020a_licenses:/software/Matlab/licenses/license.dat:/software/Matlab/licenses/
network.lic 
Licensing error: -96,7. System Error: 2
License checkout failed.
License Manager Error -96
Unable to connect to the license server. 
Make sure that the client machine can communicate with the hostname listed in the SERVER line of the
license file, and that the port listed in the SERVER line is not blocked by a firewall.

Troubleshoot this issue by visiting: 
https://www.mathworks.com/support/lme/R2020a/96

Diagnostic Information:
Feature: MATLAB 
License path: /home/rajat/.matlab/R2020a_licenses:/software/Matlab/licenses/license.dat:/software/Matlab/licenses/
network.lic 
Licensing error: -96,7. System Error: 2
License checkout failed.
License Manager Error -96
Unable to connect to the license server. 
Make sure that the client machine can communicate with the hostname listed in the SERVER line of the
license file, and that the port listed in the SERVER line is not blocked by a firewall.

Troubleshoot this issue by visiting: 
https://www.mathworks.com/support/lme/R2020a/96

Diagnostic Information:
Feature: MATLAB 
License path: /home/rajat/.matlab/R2020a_licenses:/software/Matlab/licenses/license.dat:/software/Matlab/licenses/
network.lic 
Licensing error: -96,7. System Error: 2
License checkout failed.
License Manager Error -96
Unable to connect to the license server. 
Make sure that the client machine can communicate with the hostname listed in the SERVER line of the
license file, and that the port listed in the SERVER line is not blocked by a firewall.

Troubleshoot this issue by visiting: 
https://www.mathworks.com/support/lme/R2020a/96

Diagnostic Information:
Feature: MATLAB 
License path: /home/rajat/.matlab/R2020a_licenses:/software/Matlab/licenses/license.dat:/software/Matlab/licenses/
network.lic 
Licensing error: -96,7. System Error: 2
License checkout failed.
License Manager Error -96
Unable to connect to the license server. 
Make sure that the client machine can communicate with the hostname listed in the SERVER line of the
license file, and that the port listed in the SERVER line is not blocked by a firewall.

Troubleshoot this issue by visiting: 
https://www.mathworks.com/support/lme/R2020a/96

Diagnostic Information:
Feature: MATLAB 
License path: /home/rajat/.matlab/R2020a_licenses:/software/Matlab/licenses/license.dat:/software/Matlab/licenses/
network.lic 
Licensing error: -96,7. System Error: 2
License checkout failed.
License Manager Error -96
Unable to connect to the license server. 
Make sure that the client machine can communicate with the hostname listed in the SERVER line of the
license file, and that the port listed in the SERVER line is not blocked by a firewall.

Troubleshoot this issue by visiting: 
https://www.mathworks.com/support/lme/R2020a/96

Diagnostic Information:
Feature: MATLAB 
License path: /home/rajat/.matlab/R2020a_licenses:/software/Matlab/licenses/license.dat:/software/Matlab/licenses/
network.lic 
Licensing error: -96,7. System Error: 2
License checkout failed.
License Manager Error -96
Unable to connect to the license server. 
Make sure that the client machine can communicate with the hostname listed in the SERVER line of the
license file, and that the port listed in the SERVER line is not blocked by a firewall.

Troubleshoot this issue by visiting: 
https://www.mathworks.com/support/lme/R2020a/96

Diagnostic Information:
Feature: MATLAB 
License path: /home/rajat/.matlab/R2020a_licenses:/software/Matlab/licenses/license.dat:/software/Matlab/licenses/
network.lic 
Licensing error: -96,7. System Error: 2
License checkout failed.
License Manager Error -96
Unable to connect to the license server. 
Make sure that the client machine can communicate with the hostname listed in the SERVER line of the
license file, and that the port listed in the SERVER line is not blocked by a firewall.

Troubleshoot this issue by visiting: 
https://www.mathworks.com/support/lme/R2020a/96

Diagnostic Information:
Feature: MATLAB 
License path: /home/rajat/.matlab/R2020a_licenses:/software/Matlab/licenses/license.dat:/software/Matlab/licenses/
network.lic 
Licensing error: -96,7. System Error: 2
License checkout failed.
License Manager Error -96
Unable to connect to the license server. 
Make sure that the client machine can communicate with the hostname listed in the SERVER line of the
license file, and that the port listed in the SERVER line is not blocked by a firewall.

Troubleshoot this issue by visiting: 
https://www.mathworks.com/support/lme/R2020a/96

Diagnostic Information:
Feature: MATLAB 
License path: /home/rajat/.matlab/R2020a_licenses:/software/Matlab/licenses/license.dat:/software/Matlab/licenses/
network.lic 
Licensing error: -96,7. System Error: 2
License checkout failed.
License Manager Error -96
Unable to connect to the license server. 
Make sure that the client machine can communicate with the hostname listed in the SERVER line of the
license file, and that the port listed in the SERVER line is not blocked by a firewall.

Troubleshoot this issue by visiting: 
https://www.mathworks.com/support/lme/R2020a/96

Diagnostic Information:
Feature: MATLAB 
License path: /home/rajat/.matlab/R2020a_licenses:/software/Matlab/licenses/license.dat:/software/Matlab/licenses/
network.lic 
Licensing error: -96,7. System Error: 2
License checkout failed.
License Manager Error -96
Unable to connect to the license server. 
Make sure that the client machine can communicate with the hostname listed in the SERVER line of the
license file, and that the port listed in the SERVER line is not blocked by a firewall.

Troubleshoot this issue by visiting: 
https://www.mathworks.com/support/lme/R2020a/96

Diagnostic Information:
Feature: MATLAB 
License path: /home/rajat/.matlab/R2020a_licenses:/software/Matlab/licenses/license.dat:/software/Matlab/licenses/
network.lic 
Licensing error: -96,7. System Error: 2
License checkout failed.
License Manager Error -96
Unable to connect to the license server. 
Make sure that the client machine can communicate with the hostname listed in the SERVER line of the
license file, and that the port listed in the SERVER line is not blocked by a firewall.

Troubleshoot this issue by visiting: 
https://www.mathworks.com/support/lme/R2020a/96

Diagnostic Information:
Feature: MATLAB 
License path: /home/rajat/.matlab/R2020a_licenses:/software/Matlab/licenses/license.dat:/software/Matlab/licenses/
network.lic 
Licensing error: -96,7. System Error: 2
License checkout failed.
License Manager Error -96
Unable to connect to the license server. 
Make sure that the client machine can communicate with the hostname listed in the SERVER line of the
license file, and that the port listed in the SERVER line is not blocked by a firewall.

Troubleshoot this issue by visiting: 
https://www.mathworks.com/support/lme/R2020a/96

Diagnostic Information:
Feature: MATLAB 
License path: /home/rajat/.matlab/R2020a_licenses:/software/Matlab/licenses/license.dat:/software/Matlab/licenses/
network.lic 
Licensing error: -96,7. System Error: 2
License checkout failed.
License Manager Error -96
Unable to connect to the license server. 
Make sure that the client machine can communicate with the hostname listed in the SERVER line of the
license file, and that the port listed in the SERVER line is not blocked by a firewall.

Troubleshoot this issue by visiting: 
https://www.mathworks.com/support/lme/R2020a/96

Diagnostic Information:
Feature: MATLAB 
License path: /home/rajat/.matlab/R2020a_licenses:/software/Matlab/licenses/license.dat:/software/Matlab/licenses/
network.lic 
Licensing error: -96,7. System Error: 2
License checkout failed.
License Manager Error -96
Unable to connect to the license server. 
Make sure that the client machine can communicate with the hostname listed in the SERVER line of the
license file, and that the port listed in the SERVER line is not blocked by a firewall.

Troubleshoot this issue by visiting: 
https://www.mathworks.com/support/lme/R2020a/96

Diagnostic Information:
Feature: MATLAB 
License path: /home/rajat/.matlab/R2020a_licenses:/software/Matlab/licenses/license.dat:/software/Matlab/licenses/
network.lic 
Licensing error: -96,7. System Error: 2
License checkout failed.
License Manager Error -96
Unable to connect to the license server. 
Make sure that the client machine can communicate with the hostname listed in the SERVER line of the
license file, and that the port listed in the SERVER line is not blocked by a firewall.

Troubleshoot this issue by visiting: 
https://www.mathworks.com/support/lme/R2020a/96

Diagnostic Information:
Feature: MATLAB 
License path: /home/rajat/.matlab/R2020a_licenses:/software/Matlab/licenses/license.dat:/software/Matlab/licenses/
network.lic 
Licensing error: -96,7. System Error: 2
License checkout failed.
License Manager Error -96
Unable to connect to the license server. 
Make sure that the client machine can communicate with the hostname listed in the SERVER line of the
license file, and that the port listed in the SERVER line is not blocked by a firewall.

Troubleshoot this issue by visiting: 
https://www.mathworks.com/support/lme/R2020a/96

Diagnostic Information:
Feature: MATLAB 
License path: /home/rajat/.matlab/R2020a_licenses:/software/Matlab/licenses/license.dat:/software/Matlab/licenses/
network.lic 
Licensing error: -96,7. System Error: 2
License checkout failed.
License Manager Error -96
Unable to connect to the license server. 
Make sure that the client machine can communicate with the hostname listed in the SERVER line of the
license file, and that the port listed in the SERVER line is not blocked by a firewall.

Troubleshoot this issue by visiting: 
https://www.mathworks.com/support/lme/R2020a/96

Diagnostic Information:
Feature: MATLAB 
License path: /home/rajat/.matlab/R2020a_licenses:/software/Matlab/licenses/license.dat:/software/Matlab/licenses/
network.lic 
Licensing error: -96,7. System Error: 2
License checkout failed.
License Manager Error -96
Unable to connect to the license server. 
Make sure that the client machine can communicate with the hostname listed in the SERVER line of the
license file, and that the port listed in the SERVER line is not blocked by a firewall.

Troubleshoot this issue by visiting: 
https://www.mathworks.com/support/lme/R2020a/96

Diagnostic Information:
Feature: MATLAB 
License path: /home/rajat/.matlab/R2020a_licenses:/software/Matlab/licenses/license.dat:/software/Matlab/licenses/
network.lic 
Licensing error: -96,7. System Error: 2
License checkout failed.
License Manager Error -96
Unable to connect to the license server. 
Make sure that the client machine can communicate with the hostname listed in the SERVER line of the
license file, and that the port listed in the SERVER line is not blocked by a firewall.

Troubleshoot this issue by visiting: 
https://www.mathworks.com/support/lme/R2020a/96

Diagnostic Information:
Feature: MATLAB 
License path: /home/rajat/.matlab/R2020a_licenses:/software/Matlab/licenses/license.dat:/software/Matlab/licenses/
network.lic 
Licensing error: -96,7. System Error: 2
License checkout failed.
License Manager Error -96
Unable to connect to the license server. 
Make sure that the client machine can communicate with the hostname listed in the SERVER line of the
license file, and that the port listed in the SERVER line is not blocked by a firewall.

Troubleshoot this issue by visiting: 
https://www.mathworks.com/support/lme/R2020a/96

Diagnostic Information:
Feature: MATLAB 
License path: /home/rajat/.matlab/R2020a_licenses:/software/Matlab/licenses/license.dat:/software/Matlab/licenses/
network.lic 
Licensing error: -96,7. System Error: 2
License checkout failed.
License Manager Error -96
Unable to connect to the license server. 
Make sure that the client machine can communicate with the hostname listed in the SERVER line of the
license file, and that the port listed in the SERVER line is not blocked by a firewall.

Troubleshoot this issue by visiting: 
https://www.mathworks.com/support/lme/R2020a/96

Diagnostic Information:
Feature: MATLAB 
License path: /home/rajat/.matlab/R2020a_licenses:/software/Matlab/licenses/license.dat:/software/Matlab/licenses/
network.lic 
Licensing error: -96,7. System Error: 2
License checkout failed.
License Manager Error -96
Unable to connect to the license server. 
Make sure that the client machine can communicate with the hostname listed in the SERVER line of the
license file, and that the port listed in the SERVER line is not blocked by a firewall.

Troubleshoot this issue by visiting: 
https://www.mathworks.com/support/lme/R2020a/96

Diagnostic Information:
Feature: MATLAB 
License path: /home/rajat/.matlab/R2020a_licenses:/software/Matlab/licenses/license.dat:/software/Matlab/licenses/
network.lic 
Licensing error: -96,7. System Error: 2
License checkout failed.
License Manager Error -96
Unable to connect to the license server. 
Make sure that the client machine can communicate with the hostname listed in the SERVER line of the
license file, and that the port listed in the SERVER line is not blocked by a firewall.

Troubleshoot this issue by visiting: 
https://www.mathworks.com/support/lme/R2020a/96

Diagnostic Information:
Feature: MATLAB 
License path: /home/rajat/.matlab/R2020a_licenses:/software/Matlab/licenses/license.dat:/software/Matlab/licenses/
network.lic 
Licensing error: -96,7. System Error: 2
License checkout failed.
License Manager Error -96
Unable to connect to the license server. 
Make sure that the client machine can communicate with the hostname listed in the SERVER line of the
license file, and that the port listed in the SERVER line is not blocked by a firewall.

Troubleshoot this issue by visiting: 
https://www.mathworks.com/support/lme/R2020a/96

Diagnostic Information:
Feature: MATLAB 
License path: /home/rajat/.matlab/R2020a_licenses:/software/Matlab/licenses/license.dat:/software/Matlab/licenses/
network.lic 
Licensing error: -96,7. System Error: 2
License checkout failed.
License Manager Error -96
Unable to connect to the license server. 
Make sure that the client machine can communicate with the hostname listed in the SERVER line of the
license file, and that the port listed in the SERVER line is not blocked by a firewall.

Troubleshoot this issue by visiting: 
https://www.mathworks.com/support/lme/R2020a/96

Diagnostic Information:
Feature: MATLAB 
License path: /home/rajat/.matlab/R2020a_licenses:/software/Matlab/licenses/license.dat:/software/Matlab/licenses/
network.lic 
Licensing error: -96,7. System Error: 2
License checkout failed.
License Manager Error -96
Unable to connect to the license server. 
Make sure that the client machine can communicate with the hostname listed in the SERVER line of the
license file, and that the port listed in the SERVER line is not blocked by a firewall.

Troubleshoot this issue by visiting: 
https://www.mathworks.com/support/lme/R2020a/96

Diagnostic Information:
Feature: MATLAB 
License path: /home/rajat/.matlab/R2020a_licenses:/software/Matlab/licenses/license.dat:/software/Matlab/licenses/
network.lic 
Licensing error: -96,7. System Error: 2
License checkout failed.
License Manager Error -96
Unable to connect to the license server. 
Make sure that the client machine can communicate with the hostname listed in the SERVER line of the
license file, and that the port listed in the SERVER line is not blocked by a firewall.

Troubleshoot this issue by visiting: 
https://www.mathworks.com/support/lme/R2020a/96

Diagnostic Information:
Feature: MATLAB 
License path: /home/rajat/.matlab/R2020a_licenses:/software/Matlab/licenses/license.dat:/software/Matlab/licenses/
network.lic 
Licensing error: -96,7. System Error: 2
License checkout failed.
License Manager Error -96
Unable to connect to the license server. 
Make sure that the client machine can communicate with the hostname listed in the SERVER line of the
license file, and that the port listed in the SERVER line is not blocked by a firewall.

Troubleshoot this issue by visiting: 
https://www.mathworks.com/support/lme/R2020a/96

Diagnostic Information:
Feature: MATLAB 
License path: /home/rajat/.matlab/R2020a_licenses:/software/Matlab/licenses/license.dat:/software/Matlab/licenses/
network.lic 
Licensing error: -96,7. System Error: 2
License checkout failed.
License Manager Error -96
Unable to connect to the license server. 
Make sure that the client machine can communicate with the hostname listed in the SERVER line of the
license file, and that the port listed in the SERVER line is not blocked by a firewall.

Troubleshoot this issue by visiting: 
https://www.mathworks.com/support/lme/R2020a/96

Diagnostic Information:
Feature: MATLAB 
License path: /home/rajat/.matlab/R2020a_licenses:/software/Matlab/licenses/license.dat:/software/Matlab/licenses/
network.lic 
Licensing error: -96,7. System Error: 2
License checkout failed.
License Manager Error -96
Unable to connect to the license server. 
Make sure that the client machine can communicate with the hostname listed in the SERVER line of the
license file, and that the port listed in the SERVER line is not blocked by a firewall.

Troubleshoot this issue by visiting: 
https://www.mathworks.com/support/lme/R2020a/96

Diagnostic Information:
Feature: MATLAB 
License path: /home/rajat/.matlab/R2020a_licenses:/software/Matlab/licenses/license.dat:/software/Matlab/licenses/
network.lic 
Licensing error: -96,7. System Error: 2
License checkout failed.
License Manager Error -96
Unable to connect to the license server. 
Make sure that the client machine can communicate with the hostname listed in the SERVER line of the
license file, and that the port listed in the SERVER line is not blocked by a firewall.

Troubleshoot this issue by visiting: 
https://www.mathworks.com/support/lme/R2020a/96

Diagnostic Information:
Feature: MATLAB 
License path: /home/rajat/.matlab/R2020a_licenses:/software/Matlab/licenses/license.dat:/software/Matlab/licenses/
network.lic 
Licensing error: -96,7. System Error: 2
License checkout failed.
License Manager Error -96
Unable to connect to the license server. 
Make sure that the client machine can communicate with the hostname listed in the SERVER line of the
license file, and that the port listed in the SERVER line is not blocked by a firewall.

Troubleshoot this issue by visiting: 
https://www.mathworks.com/support/lme/R2020a/96

Diagnostic Information:
Feature: MATLAB 
License path: /home/rajat/.matlab/R2020a_licenses:/software/Matlab/licenses/license.dat:/software/Matlab/licenses/
network.lic 
Licensing error: -96,7. System Error: 2
License checkout failed.
License Manager Error -96
Unable to connect to the license server. 
Make sure that the client machine can communicate with the hostname listed in the SERVER line of the
license file, and that the port listed in the SERVER line is not blocked by a firewall.

Troubleshoot this issue by visiting: 
https://www.mathworks.com/support/lme/R2020a/96

Diagnostic Information:
Feature: MATLAB 
License path: /home/rajat/.matlab/R2020a_licenses:/software/Matlab/licenses/license.dat:/software/Matlab/licenses/
network.lic 
Licensing error: -96,7. System Error: 2
License checkout failed.
License Manager Error -96
Unable to connect to the license server. 
Make sure that the client machine can communicate with the hostname listed in the SERVER line of the
license file, and that the port listed in the SERVER line is not blocked by a firewall.

Troubleshoot this issue by visiting: 
https://www.mathworks.com/support/lme/R2020a/96

Diagnostic Information:
Feature: MATLAB 
License path: /home/rajat/.matlab/R2020a_licenses:/software/Matlab/licenses/license.dat:/software/Matlab/licenses/
network.lic 
Licensing error: -96,7. System Error: 2
License checkout failed.
License Manager Error -96
Unable to connect to the license server. 
Make sure that the client machine can communicate with the hostname listed in the SERVER line of the
license file, and that the port listed in the SERVER line is not blocked by a firewall.

Troubleshoot this issue by visiting: 
https://www.mathworks.com/support/lme/R2020a/96

Diagnostic Information:
Feature: MATLAB 
License path: /home/rajat/.matlab/R2020a_licenses:/software/Matlab/licenses/license.dat:/software/Matlab/licenses/
network.lic 
Licensing error: -96,7. System Error: 2
License checkout failed.
License Manager Error -96
Unable to connect to the license server. 
Make sure that the client machine can communicate with the hostname listed in the SERVER line of the
license file, and that the port listed in the SERVER line is not blocked by a firewall.

Troubleshoot this issue by visiting: 
https://www.mathworks.com/support/lme/R2020a/96

Diagnostic Information:
Feature: MATLAB 
License path: /home/rajat/.matlab/R2020a_licenses:/software/Matlab/licenses/license.dat:/software/Matlab/licenses/
network.lic 
Licensing error: -96,7. System Error: 2
License checkout failed.
License Manager Error -96
Unable to connect to the license server. 
Make sure that the client machine can communicate with the hostname listed in the SERVER line of the
license file, and that the port listed in the SERVER line is not blocked by a firewall.

Troubleshoot this issue by visiting: 
https://www.mathworks.com/support/lme/R2020a/96

Diagnostic Information:
Feature: MATLAB 
License path: /home/rajat/.matlab/R2020a_licenses:/software/Matlab/licenses/license.dat:/software/Matlab/licenses/
network.lic 
Licensing error: -96,7. System Error: 2
License checkout failed.
License Manager Error -96
Unable to connect to the license server. 
Make sure that the client machine can communicate with the hostname listed in the SERVER line of the
license file, and that the port listed in the SERVER line is not blocked by a firewall.

Troubleshoot this issue by visiting: 
https://www.mathworks.com/support/lme/R2020a/96

Diagnostic Information:
Feature: MATLAB 
License path: /home/rajat/.matlab/R2020a_licenses:/software/Matlab/licenses/license.dat:/software/Matlab/licenses/
network.lic 
Licensing error: -96,7. System Error: 2
License checkout failed.
License Manager Error -96
Unable to connect to the license server. 
Make sure that the client machine can communicate with the hostname listed in the SERVER line of the
license file, and that the port listed in the SERVER line is not blocked by a firewall.

Troubleshoot this issue by visiting: 
https://www.mathworks.com/support/lme/R2020a/96

Diagnostic Information:
Feature: MATLAB 
License path: /home/rajat/.matlab/R2020a_licenses:/software/Matlab/licenses/license.dat:/software/Matlab/licenses/
network.lic 
Licensing error: -96,7. System Error: 2
License checkout failed.
License Manager Error -96
Unable to connect to the license server. 
Make sure that the client machine can communicate with the hostname listed in the SERVER line of the
license file, and that the port listed in the SERVER line is not blocked by a firewall.

Troubleshoot this issue by visiting: 
https://www.mathworks.com/support/lme/R2020a/96

Diagnostic Information:
Feature: MATLAB 
License path: /home/rajat/.matlab/R2020a_licenses:/software/Matlab/licenses/license.dat:/software/Matlab/licenses/
network.lic 
Licensing error: -96,7. System Error: 2
License checkout failed.
License Manager Error -96
Unable to connect to the license server. 
Make sure that the client machine can communicate with the hostname listed in the SERVER line of the
license file, and that the port listed in the SERVER line is not blocked by a firewall.

Troubleshoot this issue by visiting: 
https://www.mathworks.com/support/lme/R2020a/96

Diagnostic Information:
Feature: MATLAB 
License path: /home/rajat/.matlab/R2020a_licenses:/software/Matlab/licenses/license.dat:/software/Matlab/licenses/
network.lic 
Licensing error: -96,7. System Error: 2
License checkout failed.
License Manager Error -96
Unable to connect to the license server. 
Make sure that the client machine can communicate with the hostname listed in the SERVER line of the
license file, and that the port listed in the SERVER line is not blocked by a firewall.

Troubleshoot this issue by visiting: 
https://www.mathworks.com/support/lme/R2020a/96

Diagnostic Information:
Feature: MATLAB 
License path: /home/rajat/.matlab/R2020a_licenses:/software/Matlab/licenses/license.dat:/software/Matlab/licenses/
network.lic 
Licensing error: -96,7. System Error: 2
License checkout failed.
License Manager Error -96
Unable to connect to the license server. 
Make sure that the client machine can communicate with the hostname listed in the SERVER line of the
license file, and that the port listed in the SERVER line is not blocked by a firewall.

Troubleshoot this issue by visiting: 
https://www.mathworks.com/support/lme/R2020a/96

Diagnostic Information:
Feature: MATLAB 
License path: /home/rajat/.matlab/R2020a_licenses:/software/Matlab/licenses/license.dat:/software/Matlab/licenses/
network.lic 
Licensing error: -96,7. System Error: 2
License checkout failed.
License Manager Error -96
Unable to connect to the license server. 
Make sure that the client machine can communicate with the hostname listed in the SERVER line of the
license file, and that the port listed in the SERVER line is not blocked by a firewall.

Troubleshoot this issue by visiting: 
https://www.mathworks.com/support/lme/R2020a/96

Diagnostic Information:
Feature: MATLAB 
License path: /home/rajat/.matlab/R2020a_licenses:/software/Matlab/licenses/license.dat:/software/Matlab/licenses/
network.lic 
Licensing error: -96,7. System Error: 2
License checkout failed.
License Manager Error -96
Unable to connect to the license server. 
Make sure that the client machine can communicate with the hostname listed in the SERVER line of the
license file, and that the port listed in the SERVER line is not blocked by a firewall.

Troubleshoot this issue by visiting: 
https://www.mathworks.com/support/lme/R2020a/96

Diagnostic Information:
Feature: MATLAB 
License path: /home/rajat/.matlab/R2020a_licenses:/software/Matlab/licenses/license.dat:/software/Matlab/licenses/
network.lic 
Licensing error: -96,7. System Error: 2
License checkout failed.
License Manager Error -96
Unable to connect to the license server. 
Make sure that the client machine can communicate with the hostname listed in the SERVER line of the
license file, and that the port listed in the SERVER line is not blocked by a firewall.

Troubleshoot this issue by visiting: 
https://www.mathworks.com/support/lme/R2020a/96

Diagnostic Information:
Feature: MATLAB 
License path: /home/rajat/.matlab/R2020a_licenses:/software/Matlab/licenses/license.dat:/software/Matlab/licenses/
network.lic 
Licensing error: -96,7. System Error: 2
License checkout failed.
License Manager Error -96
Unable to connect to the license server. 
Make sure that the client machine can communicate with the hostname listed in the SERVER line of the
license file, and that the port listed in the SERVER line is not blocked by a firewall.

Troubleshoot this issue by visiting: 
https://www.mathworks.com/support/lme/R2020a/96

Diagnostic Information:
Feature: MATLAB 
License path: /home/rajat/.matlab/R2020a_licenses:/software/Matlab/licenses/license.dat:/software/Matlab/licenses/
network.lic 
Licensing error: -96,7. System Error: 2
License checkout failed.
License Manager Error -96
Unable to connect to the license server. 
Make sure that the client machine can communicate with the hostname listed in the SERVER line of the
license file, and that the port listed in the SERVER line is not blocked by a firewall.

Troubleshoot this issue by visiting: 
https://www.mathworks.com/support/lme/R2020a/96

Diagnostic Information:
Feature: MATLAB 
License path: /home/rajat/.matlab/R2020a_licenses:/software/Matlab/licenses/license.dat:/software/Matlab/licenses/
network.lic 
Licensing error: -96,7. System Error: 2
License checkout failed.
License Manager Error -96
Unable to connect to the license server. 
Make sure that the client machine can communicate with the hostname listed in the SERVER line of the
license file, and that the port listed in the SERVER line is not blocked by a firewall.

Troubleshoot this issue by visiting: 
https://www.mathworks.com/support/lme/R2020a/96

Diagnostic Information:
Feature: MATLAB 
License path: /home/rajat/.matlab/R2020a_licenses:/software/Matlab/licenses/license.dat:/software/Matlab/licenses/
network.lic 
Licensing error: -96,7. System Error: 2
License checkout failed.
License Manager Error -96
Unable to connect to the license server. 
Make sure that the client machine can communicate with the hostname listed in the SERVER line of the
license file, and that the port listed in the SERVER line is not blocked by a firewall.

Troubleshoot this issue by visiting: 
https://www.mathworks.com/support/lme/R2020a/96

Diagnostic Information:
Feature: MATLAB 
License path: /home/rajat/.matlab/R2020a_licenses:/software/Matlab/licenses/license.dat:/software/Matlab/licenses/
network.lic 
Licensing error: -96,7. System Error: 2
License checkout failed.
License Manager Error -96
Unable to connect to the license server. 
Make sure that the client machine can communicate with the hostname listed in the SERVER line of the
license file, and that the port listed in the SERVER line is not blocked by a firewall.

Troubleshoot this issue by visiting: 
https://www.mathworks.com/support/lme/R2020a/96

Diagnostic Information:
Feature: MATLAB 
License path: /home/rajat/.matlab/R2020a_licenses:/software/Matlab/licenses/license.dat:/software/Matlab/licenses/
network.lic 
Licensing error: -96,7. System Error: 2
License checkout failed.
License Manager Error -96
Unable to connect to the license server. 
Make sure that the client machine can communicate with the hostname listed in the SERVER line of the
license file, and that the port listed in the SERVER line is not blocked by a firewall.

Troubleshoot this issue by visiting: 
https://www.mathworks.com/support/lme/R2020a/96

Diagnostic Information:
Feature: MATLAB 
License path: /home/rajat/.matlab/R2020a_licenses:/software/Matlab/licenses/license.dat:/software/Matlab/licenses/
network.lic 
Licensing error: -96,7. System Error: 2
License checkout failed.
License Manager Error -96
Unable to connect to the license server. 
Make sure that the client machine can communicate with the hostname listed in the SERVER line of the
license file, and that the port listed in the SERVER line is not blocked by a firewall.

Troubleshoot this issue by visiting: 
https://www.mathworks.com/support/lme/R2020a/96

Diagnostic Information:
Feature: MATLAB 
License path: /home/rajat/.matlab/R2020a_licenses:/software/Matlab/licenses/license.dat:/software/Matlab/licenses/
network.lic 
Licensing error: -96,7. System Error: 2
License checkout failed.
License Manager Error -96
Unable to connect to the license server. 
Make sure that the client machine can communicate with the hostname listed in the SERVER line of the
license file, and that the port listed in the SERVER line is not blocked by a firewall.

Troubleshoot this issue by visiting: 
https://www.mathworks.com/support/lme/R2020a/96

Diagnostic Information:
Feature: MATLAB 
License path: /home/rajat/.matlab/R2020a_licenses:/software/Matlab/licenses/license.dat:/software/Matlab/licenses/
network.lic 
Licensing error: -96,7. System Error: 2
License checkout failed.
License Manager Error -96
Unable to connect to the license server. 
Make sure that the client machine can communicate with the hostname listed in the SERVER line of the
license file, and that the port listed in the SERVER line is not blocked by a firewall.

Troubleshoot this issue by visiting: 
https://www.mathworks.com/support/lme/R2020a/96

Diagnostic Information:
Feature: MATLAB 
License path: /home/rajat/.matlab/R2020a_licenses:/software/Matlab/licenses/license.dat:/software/Matlab/licenses/
network.lic 
Licensing error: -96,7. System Error: 2
License checkout failed.
License Manager Error -96
Unable to connect to the license server. 
Make sure that the client machine can communicate with the hostname listed in the SERVER line of the
license file, and that the port listed in the SERVER line is not blocked by a firewall.

Troubleshoot this issue by visiting: 
https://www.mathworks.com/support/lme/R2020a/96

Diagnostic Information:
Feature: MATLAB 
License path: /home/rajat/.matlab/R2020a_licenses:/software/Matlab/licenses/license.dat:/software/Matlab/licenses/
network.lic 
Licensing error: -96,7. System Error: 2
License checkout failed.
License Manager Error -96
Unable to connect to the license server. 
Make sure that the client machine can communicate with the hostname listed in the SERVER line of the
license file, and that the port listed in the SERVER line is not blocked by a firewall.

Troubleshoot this issue by visiting: 
https://www.mathworks.com/support/lme/R2020a/96

Diagnostic Information:
Feature: MATLAB 
License path: /home/rajat/.matlab/R2020a_licenses:/software/Matlab/licenses/license.dat:/software/Matlab/licenses/
network.lic 
Licensing error: -96,7. System Error: 2
License checkout failed.
License Manager Error -96
Unable to connect to the license server. 
Make sure that the client machine can communicate with the hostname listed in the SERVER line of the
license file, and that the port listed in the SERVER line is not blocked by a firewall.

Troubleshoot this issue by visiting: 
https://www.mathworks.com/support/lme/R2020a/96

Diagnostic Information:
Feature: MATLAB 
License path: /home/rajat/.matlab/R2020a_licenses:/software/Matlab/licenses/license.dat:/software/Matlab/licenses/
network.lic 
Licensing error: -96,7. System Error: 2
License checkout failed.
License Manager Error -96
Unable to connect to the license server. 
Make sure that the client machine can communicate with the hostname listed in the SERVER line of the
license file, and that the port listed in the SERVER line is not blocked by a firewall.

Troubleshoot this issue by visiting: 
https://www.mathworks.com/support/lme/R2020a/96

Diagnostic Information:
Feature: MATLAB 
License path: /home/rajat/.matlab/R2020a_licenses:/software/Matlab/licenses/license.dat:/software/Matlab/licenses/
network.lic 
Licensing error: -96,7. System Error: 2
slurmstepd-n003: error: *** JOB 691 ON n003 CANCELLED AT 2020-12-26T17:29:23 ***
parallel: SIGTERM received. No new jobs will be started.
parallel: Waiting for these 2 jobs to finish. Send SIGTERM again to stop now.
parallel: /software/Matlab/bin/matlab -nodisplay -r optimize_MP_Bhind
parallel: /software/Matlab/bin/matlab -nodisplay -r optimize_RJ_Karauli
