Seq	Host	Starttime	JobRuntime	Send	Receive	Exitval	Signal	Command
1	:	1624958587.325	     5.539	0	362	0	0	/software/Matlab/bin/matlab -nodisplay -r fit_UP_Moradabad
2	:	1624958587.834	     5.587	0	360	0	0	/software/Matlab/bin/matlab -nodisplay -r fit_TN_Tenkasi
3	:	1624958588.376	     5.555	0	592	0	0	/software/Matlab/bin/matlab -nodisplay -r fit_MH_Thane
4	:	1624958588.915	     5.590	0	363	0	0	/software/Matlab/bin/matlab -nodisplay -r fit_CT_Mahasamund
5	:	1624958589.451	     5.699	0	358	0	0	/software/Matlab/bin/matlab -nodisplay -r fit_WB_Malda
6	:	1624958590.026	     5.605	0	360	0	0	/software/Matlab/bin/matlab -nodisplay -r fit_PB_Patiala
7	:	1624958590.536	     5.708	0	358	0	0	/software/Matlab/bin/matlab -nodisplay -r fit_GJ_Surat
8	:	1624958591.136	     5.680	0	359	0	0	/software/Matlab/bin/matlab -nodisplay -r fit_UP_Hardoi
9	:	1624958591.669	     5.582	0	367	0	0	/software/Matlab/bin/matlab -nodisplay -r fit_BR_West_Champaran
10	:	1624958592.189	     5.674	0	358	0	0	/software/Matlab/bin/matlab -nodisplay -r fit_HR_Hisar
11	:	1624958592.695	     5.694	0	590	0	0	/software/Matlab/bin/matlab -nodisplay -r fit_MH_Pune
12	:	1624958593.263	     5.671	0	363	0	0	/software/Matlab/bin/matlab -nodisplay -r fit_BR_Kishanganj
13	:	1624958593.793	     5.634	0	364	0	0	/software/Matlab/bin/matlab -nodisplay -r fit_GJ_Sabarkantha
15	:	1624958594.815	     4.843	0	363	0	0	/software/Matlab/bin/matlab -nodisplay -r fit_MP_Chhindwara
14	:	1624958594.308	     5.584	0	359	0	0	/software/Matlab/bin/matlab -nodisplay -r fit_MH_Sangli
16	:	1624958595.360	     5.626	0	358	0	0	/software/Matlab/bin/matlab -nodisplay -r fit_CT_Balod
17	:	1624958595.913	     5.623	0	360	0	0	/software/Matlab/bin/matlab -nodisplay -r fit_RJ_Bikaner
18	:	1624958596.453	     5.636	0	361	0	0	/software/Matlab/bin/matlab -nodisplay -r fit_CT_Surajpur
19	:	1624958596.967	     5.770	0	596	0	0	/software/Matlab/bin/matlab -nodisplay -r fit_MP_Dindori
20	:	1624958597.515	     5.642	0	364	0	0	/software/Matlab/bin/matlab -nodisplay -r fit_GJ_Gir_Somnath
22	:	1624958598.576	     4.841	0	367	0	0	/software/Matlab/bin/matlab -nodisplay -r fit_GJ_Chhota_Udaipur
21	:	1624958598.059	     5.677	0	363	0	0	/software/Matlab/bin/matlab -nodisplay -r fit_KA_Shivamogga
23	:	1624958599.085	     4.876	0	360	0	0	/software/Matlab/bin/matlab -nodisplay -r fit_GA_Unknown
24	:	1624958599.613	     5.628	0	360	0	0	/software/Matlab/bin/matlab -nodisplay -r fit_MP_Neemuch
25	:	1624958600.134	     5.677	0	368	0	0	/software/Matlab/bin/matlab -nodisplay -r fit_TN_Tiruchirappalli
26	:	1624958600.682	     5.804	0	590	0	0	/software/Matlab/bin/matlab -nodisplay -r fit_MP_Shajapur
27	:	1624958601.218	     5.677	0	360	0	0	/software/Matlab/bin/matlab -nodisplay -r fit_CT_Jashpur
28	:	1624958601.738	     5.662	0	358	0	0	/software/Matlab/bin/matlab -nodisplay -r fit_RJ_Churu
29	:	1624958602.280	     5.631	0	360	0	0	/software/Matlab/bin/matlab -nodisplay -r fit_JH_Koderma
30	:	1624958602.823	     5.694	0	359	0	0	/software/Matlab/bin/matlab -nodisplay -r fit_KL_Kollam
31	:	1624958603.348	     5.667	0	362	0	0	/software/Matlab/bin/matlab -nodisplay -r fit_GJ_Mahisagar
33	:	1624958604.387	     4.794	0	358	0	0	/software/Matlab/bin/matlab -nodisplay -r fit_MP_Panna
32	:	1624958603.859	     5.690	0	363	0	0	/software/Matlab/bin/matlab -nodisplay -r fit_RJ_Ganganagar
34	:	1624958604.920	     5.750	0	359	0	0	/software/Matlab/bin/matlab -nodisplay -r fit_RJ_Jalore
35	:	1624958605.430	     5.661	0	365	0	0	/software/Matlab/bin/matlab -nodisplay -r fit_TN_Thoothukkudi
36	:	1624958605.974	     5.745	0	362	0	0	/software/Matlab/bin/matlab -nodisplay -r fit_UP_Balrampur
37	:	1624958606.486	     5.665	0	358	0	0	/software/Matlab/bin/matlab -nodisplay -r fit_BR_Buxar
38	:	1624958607.002	     5.695	0	359	0	0	/software/Matlab/bin/matlab -nodisplay -r fit_MH_Nanded
39	:	1624958607.510	     5.621	0	370	0	0	/software/Matlab/bin/matlab -nodisplay -r fit_PB_Sri_Muktsar_Sahib
40	:	1624958608.026	     5.907	0	579	0	0	/software/Matlab/bin/matlab -nodisplay -r fit_WB_Paschim_Bardhaman
41	:	1624958608.560	     5.742	0	359	0	0	/software/Matlab/bin/matlab -nodisplay -r fit_AR_Tawang
42	:	1624958609.090	     5.641	0	360	0	0	/software/Matlab/bin/matlab -nodisplay -r fit_MP_Rajgarh
43	:	1624958609.613	     5.694	0	367	0	0	/software/Matlab/bin/matlab -nodisplay -r fit_KL_Pathanamthitta
44	:	1624958610.157	     5.592	0	361	0	0	/software/Matlab/bin/matlab -nodisplay -r fit_UP_Azamgarh
45	:	1624958610.669	     5.743	0	363	0	0	/software/Matlab/bin/matlab -nodisplay -r fit_WB_Darjeeling
46	:	1624958611.204	     5.651	0	359	0	0	/software/Matlab/bin/matlab -nodisplay -r fit_CT_Koriya
47	:	1624958611.719	     5.712	0	364	0	0	/software/Matlab/bin/matlab -nodisplay -r fit_UT_Pithoragarh
48	:	1624958612.225	     5.712	0	358	0	0	/software/Matlab/bin/matlab -nodisplay -r fit_RJ_Alwar
49	:	1624958612.736	     5.638	0	360	0	0	/software/Matlab/bin/matlab -nodisplay -r fit_KL_Wayanad
50	:	1624958613.272	     5.676	0	362	0	0	/software/Matlab/bin/matlab -nodisplay -r fit_KL_Kozhikode
51	:	1624958613.804	     5.762	0	361	0	0	/software/Matlab/bin/matlab -nodisplay -r fit_WB_Jhargram
52	:	1624958614.338	     5.707	0	361	0	0	/software/Matlab/bin/matlab -nodisplay -r fit_MP_Jabalpur
54	:	1624958615.384	     4.773	0	361	0	0	/software/Matlab/bin/matlab -nodisplay -r fit_RJ_Evacuees
53	:	1624958614.876	     5.722	0	360	0	0	/software/Matlab/bin/matlab -nodisplay -r fit_MP_Khandwa
56	:	1624958616.412	     4.900	0	571	0	0	/software/Matlab/bin/matlab -nodisplay -r fit_MP_Burhanpur
55	:	1624958615.894	     5.767	0	568	0	0	/software/Matlab/bin/matlab -nodisplay -r fit_GJ_Rajkot
57	:	1624958616.927	     5.542	0	358	0	0	/software/Matlab/bin/matlab -nodisplay -r fit_BR_Jamui
59	:	1624958617.936	     4.662	0	372	0	0	/software/Matlab/bin/matlab -nodisplay -r fit_AR_Upper_Dibang_Valley
58	:	1624958617.432	     5.528	0	364	0	0	/software/Matlab/bin/matlab -nodisplay -r fit_TN_Krishnagiri
60	:	1624958618.443	     5.457	0	361	0	0	/software/Matlab/bin/matlab -nodisplay -r fit_HR_Gurugram
61	:	1624958618.949	     5.028	0	567	0	0	/software/Matlab/bin/matlab -nodisplay -r fit_AR_Lohit
62	:	1624958619.519	     5.565	0	357	0	0	/software/Matlab/bin/matlab -nodisplay -r fit_OR_Puri
63	:	1624958620.044	     5.564	0	364	0	0	/software/Matlab/bin/matlab -nodisplay -r fit_WB_Cooch_Behar
64	:	1624958620.598	     5.369	0	360	0	0	/software/Matlab/bin/matlab -nodisplay -r fit_PB_Barnala
65	:	1624958621.136	     5.427	0	362	0	0	/software/Matlab/bin/matlab -nodisplay -r fit_KL_Ernakulam
66	:	1624958621.662	     5.588	0	361	0	0	/software/Matlab/bin/matlab -nodisplay -r fit_MH_Amravati
67	:	1624958622.182	     5.544	0	361	0	0	/software/Matlab/bin/matlab -nodisplay -r fit_MH_Parbhani
68	:	1624958622.715	     5.442	0	358	0	0	/software/Matlab/bin/matlab -nodisplay -r fit_PY_Yanam
69	:	1624958623.227	     5.449	0	360	0	0	/software/Matlab/bin/matlab -nodisplay -r fit_OR_Cuttack
70	:	1624958623.757	     5.650	0	358	0	0	/software/Matlab/bin/matlab -nodisplay -r fit_GJ_Kutch
71	:	1624958624.280	     5.566	0	362	0	0	/software/Matlab/bin/matlab -nodisplay -r fit_BR_Bhagalpur
72	:	1624958624.805	     5.427	0	368	0	0	/software/Matlab/bin/matlab -nodisplay -r fit_KA_Bengaluru_Rural
73	:	1624958625.351	     5.419	0	360	0	0	/software/Matlab/bin/matlab -nodisplay -r fit_TR_Unokoti
74	:	1624958625.889	     5.575	0	359	0	0	/software/Matlab/bin/matlab -nodisplay -r fit_UP_Amroha
75	:	1624958626.436	     5.617	0	361	0	0	/software/Matlab/bin/matlab -nodisplay -r fit_HP_Bilaspur
76	:	1624958626.950	     5.368	0	358	0	0	/software/Matlab/bin/matlab -nodisplay -r fit_JK_Samba
77	:	1624958627.458	     5.462	0	361	0	0	/software/Matlab/bin/matlab -nodisplay -r fit_PB_Bathinda
78	:	1624958628.003	     5.553	0	358	0	0	/software/Matlab/bin/matlab -nodisplay -r fit_WB_Nadia
79	:	1624958628.521	     5.626	0	361	0	0	/software/Matlab/bin/matlab -nodisplay -r fit_RJ_Bhilwara
80	:	1624958629.056	     5.336	0	362	0	0	/software/Matlab/bin/matlab -nodisplay -r fit_BR_Madhubani
81	:	1624958629.578	     5.363	0	358	0	0	/software/Matlab/bin/matlab -nodisplay -r fit_MH_Latur
82	:	1624958630.120	     5.585	0	358	0	0	/software/Matlab/bin/matlab -nodisplay -r fit_JH_Godda
83	:	1624958630.668	     5.562	0	356	0	0	/software/Matlab/bin/matlab -nodisplay -r fit_HR_Nuh
84	:	1624958631.225	     5.422	0	360	0	0	/software/Matlab/bin/matlab -nodisplay -r fit_GJ_Mehsana
86	:	1624958632.293	     4.857	0	369	0	0	/software/Matlab/bin/matlab -nodisplay -r fit_ML_North_Garo_Hills
85	:	1624958631.746	     5.470	0	360	0	0	/software/Matlab/bin/matlab -nodisplay -r fit_UP_Auraiya
87	:	1624958632.797	     5.588	0	361	0	0	/software/Matlab/bin/matlab -nodisplay -r fit_RJ_Banswara
88	:	1624958633.345	     5.398	0	364	0	0	/software/Matlab/bin/matlab -nodisplay -r fit_BR_Muzaffarpur
90	:	1624958634.392	     4.571	0	358	0	0	/software/Matlab/bin/matlab -nodisplay -r fit_AR_Anjaw
89	:	1624958633.889	     5.390	0	358	0	0	/software/Matlab/bin/matlab -nodisplay -r fit_JK_Jammu
91	:	1624958634.923	     5.537	0	358	0	0	/software/Matlab/bin/matlab -nodisplay -r fit_UP_Unnao
93	:	1624958636.004	     4.545	0	359	0	0	/software/Matlab/bin/matlab -nodisplay -r fit_MP_Indore
92	:	1624958635.464	     5.615	0	571	0	0	/software/Matlab/bin/matlab -nodisplay -r fit_TN_Cuddalore
94	:	1624958636.542	     5.427	0	358	0	0	/software/Matlab/bin/matlab -nodisplay -r fit_RJ_Ajmer
95	:	1624958637.102	     5.375	0	359	0	0	/software/Matlab/bin/matlab -nodisplay -r fit_MP_Ujjain
97	:	1624958638.163	     4.548	0	363	0	0	/software/Matlab/bin/matlab -nodisplay -r fit_OR_State_Pool
96	:	1624958637.644	     5.336	0	360	0	0	/software/Matlab/bin/matlab -nodisplay -r fit_CT_Raigarh
98	:	1624958638.692	     4.636	0	359	0	0	/software/Matlab/bin/matlab -nodisplay -r fit_ML_Ribhoi
99	:	1624958639.221	     5.394	0	364	0	0	/software/Matlab/bin/matlab -nodisplay -r fit_TN_Kanyakumari
100	:	1624958639.726	     5.329	0	362	0	0	/software/Matlab/bin/matlab -nodisplay -r fit_HR_Fatehabad
101	:	1624958640.287	     5.368	0	363	0	0	/software/Matlab/bin/matlab -nodisplay -r fit_OR_Sundargarh
102	:	1624958640.792	     5.356	0	363	0	0	/software/Matlab/bin/matlab -nodisplay -r fit_PB_Hoshiarpur
103	:	1624958641.334	     5.394	0	363	0	0	/software/Matlab/bin/matlab -nodisplay -r fit_OR_Jharsuguda
104	:	1624958641.888	     5.285	0	361	0	0	/software/Matlab/bin/matlab -nodisplay -r fit_JK_Kishtwar
106	:	1624958642.931	     4.585	0	361	0	0	/software/Matlab/bin/matlab -nodisplay -r fit_MZ_Champhai
105	:	1624958642.427	     5.358	0	359	0	0	/software/Matlab/bin/matlab -nodisplay -r fit_MH_Washim
107	:	1624958643.450	     5.312	0	360	0	0	/software/Matlab/bin/matlab -nodisplay -r fit_PB_Fazilka
108	:	1624958643.972	     5.603	0	569	0	0	/software/Matlab/bin/matlab -nodisplay -r fit_JK_Kupwara
109	:	1624958644.536	     5.369	0	362	0	0	/software/Matlab/bin/matlab -nodisplay -r fit_UP_Sonbhadra
110	:	1624958645.056	     5.398	0	358	0	0	/software/Matlab/bin/matlab -nodisplay -r fit_MP_Satna
111	:	1624958645.561	     5.333	0	361	0	0	/software/Matlab/bin/matlab -nodisplay -r fit_GJ_Aravalli
112	:	1624958646.079	     5.313	0	365	0	0	/software/Matlab/bin/matlab -nodisplay -r fit_OR_Nabarangapur
113	:	1624958646.613	     5.402	0	362	0	0	/software/Matlab/bin/matlab -nodisplay -r fit_UT_Bageshwar
114	:	1624958647.126	     5.486	0	364	0	0	/software/Matlab/bin/matlab -nodisplay -r fit_UP_Maharajganj
115	:	1624958647.649	     5.440	0	359	0	0	/software/Matlab/bin/matlab -nodisplay -r fit_UP_Deoria
116	:	1624958648.174	     5.297	0	359	0	0	/software/Matlab/bin/matlab -nodisplay -r fit_UP_Bijnor
118	:	1624958649.216	     4.607	0	364	0	0	/software/Matlab/bin/matlab -nodisplay -r fit_GJ_Other_State
117	:	1624958648.698	     5.373	0	359	0	0	/software/Matlab/bin/matlab -nodisplay -r fit_KA_Yadgir
119	:	1624958649.751	     5.319	0	360	0	0	/software/Matlab/bin/matlab -nodisplay -r fit_JH_Ramgarh
120	:	1624958650.259	     5.322	0	365	0	0	/software/Matlab/bin/matlab -nodisplay -r fit_TR_West_Tripura
121	:	1624958650.800	     5.367	0	372	0	0	/software/Matlab/bin/matlab -nodisplay -r fit_CT_Uttar_Bastar_Kanker
122	:	1624958651.322	     5.354	0	359	0	0	/software/Matlab/bin/matlab -nodisplay -r fit_KA_Hassan
123	:	1624958651.837	     5.328	0	359	0	0	/software/Matlab/bin/matlab -nodisplay -r fit_UP_Amethi
124	:	1624958652.371	     5.286	0	362	0	0	/software/Matlab/bin/matlab -nodisplay -r fit_AR_Changlang
126	:	1624958653.443	     4.562	0	366	0	0	/software/Matlab/bin/matlab -nodisplay -r fit_AR_Dibang_Valley
125	:	1624958652.899	     5.355	0	358	0	0	/software/Matlab/bin/matlab -nodisplay -r fit_TN_Erode
127	:	1624958653.949	     5.398	0	360	0	0	/software/Matlab/bin/matlab -nodisplay -r fit_HR_Kaithal
128	:	1624958654.493	     5.728	0	569	0	0	/software/Matlab/bin/matlab -nodisplay -r fit_PB_Sangrur
129	:	1624958655.042	     5.376	0	360	0	0	/software/Matlab/bin/matlab -nodisplay -r fit_KA_Ballari
131	:	1624958656.072	     4.537	0	362	0	0	/software/Matlab/bin/matlab -nodisplay -r fit_JH_Lohardaga
130	:	1624958655.568	     5.329	0	362	0	0	/software/Matlab/bin/matlab -nodisplay -r fit_PB_Gurdaspur
132	:	1624958656.595	     5.335	0	363	0	0	/software/Matlab/bin/matlab -nodisplay -r fit_OR_Kendrapara
134	:	1624958657.658	     4.588	0	371	0	0	/software/Matlab/bin/matlab -nodisplay -r fit_ML_West_Jaintia_Hills
133	:	1624958657.145	     5.397	0	596	0	0	/software/Matlab/bin/matlab -nodisplay -r fit_TN_Chennai
135	:	1624958658.180	     5.405	0	361	0	0	/software/Matlab/bin/matlab -nodisplay -r fit_MH_Bhandara
136	:	1624958658.734	     5.658	0	571	0	0	/software/Matlab/bin/matlab -nodisplay -r fit_MH_Nandurbar
137	:	1624958659.317	     5.335	0	359	0	0	/software/Matlab/bin/matlab -nodisplay -r fit_UP_Budaun
139	:	1624958660.400	     4.603	0	364	0	0	/software/Matlab/bin/matlab -nodisplay -r fit_UP_Farrukhabad
138	:	1624958659.876	     5.368	0	370	0	0	/software/Matlab/bin/matlab -nodisplay -r fit_UT_Udham_Singh_Nagar
140	:	1624958660.927	     5.243	0	360	0	0	/software/Matlab/bin/matlab -nodisplay -r fit_HR_Panipat
142	:	1624958661.977	     4.545	0	359	0	0	/software/Matlab/bin/matlab -nodisplay -r fit_MP_Niwari
141	:	1624958661.434	     5.336	0	358	0	0	/software/Matlab/bin/matlab -nodisplay -r fit_JH_Dumka
143	:	1624958662.509	     5.304	0	360	0	0	/software/Matlab/bin/matlab -nodisplay -r fit_HR_Jhajjar
145	:	1624958663.585	     4.522	0	360	0	0	/software/Matlab/bin/matlab -nodisplay -r fit_MZ_Kolasib
144	:	1624958663.052	     5.599	0	569	0	0	/software/Matlab/bin/matlab -nodisplay -r fit_JH_Giridih
147	:	1624958664.651	     4.516	0	361	0	0	/software/Matlab/bin/matlab -nodisplay -r fit_RJ_BSF_Camp
146	:	1624958664.120	     5.275	0	360	0	0	/software/Matlab/bin/matlab -nodisplay -r fit_UP_Baghpat
148	:	1624958665.162	     5.340	0	364	0	0	/software/Matlab/bin/matlab -nodisplay -r fit_HR_Yamunanagar
150	:	1624958666.259	     4.530	0	365	0	0	/software/Matlab/bin/matlab -nodisplay -r fit_AR_Kurung_Kumey
149	:	1624958665.721	     5.371	0	364	0	0	/software/Matlab/bin/matlab -nodisplay -r fit_MP_Narsinghpur
151	:	1624958666.771	     5.276	0	358	0	0	/software/Matlab/bin/matlab -nodisplay -r fit_MP_Sagar
152	:	1624958667.291	     4.819	0	584	0	0	/software/Matlab/bin/matlab -nodisplay -r fit_DN_Dadra_and_Nagar_Haveli
153	:	1624958667.807	     5.308	0	362	0	0	/software/Matlab/bin/matlab -nodisplay -r fit_RJ_Bharatpur
155	:	1624958668.846	     4.506	0	360	0	0	/software/Matlab/bin/matlab -nodisplay -r fit_UP_Hathras
154	:	1624958668.320	     5.338	0	363	0	0	/software/Matlab/bin/matlab -nodisplay -r fit_CT_Kabeerdham
156	:	1624958669.351	     5.276	0	362	0	0	/software/Matlab/bin/matlab -nodisplay -r fit_RJ_Jaisalmer
157	:	1624958669.856	     5.640	0	569	0	0	/software/Matlab/bin/matlab -nodisplay -r fit_UP_Lucknow
158	:	1624958670.415	     5.375	0	361	0	0	/software/Matlab/bin/matlab -nodisplay -r fit_UP_Bahraich
159	:	1624958670.922	     5.407	0	361	0	0	/software/Matlab/bin/matlab -nodisplay -r fit_CT_Dhamtari
160	:	1624958671.464	     5.338	0	369	0	0	/software/Matlab/bin/matlab -nodisplay -r fit_KA_Dakshina_Kannada
161	:	1624958671.991	     5.450	0	360	0	0	/software/Matlab/bin/matlab -nodisplay -r fit_JK_Pulwama
163	:	1624958673.036	     4.654	0	358	0	0	/software/Matlab/bin/matlab -nodisplay -r fit_NL_Peren
162	:	1624958672.514	     5.364	0	357	0	0	/software/Matlab/bin/matlab -nodisplay -r fit_RJ_Tonk
165	:	1624958674.076	     4.579	0	364	0	0	/software/Matlab/bin/matlab -nodisplay -r fit_KA_Other_State
164	:	1624958673.556	     5.361	0	363	0	0	/software/Matlab/bin/matlab -nodisplay -r fit_WB_Alipurduar
166	:	1624958674.617	     5.280	0	360	0	0	/software/Matlab/bin/matlab -nodisplay -r fit_AP_Krishna
167	:	1624958675.190	     5.711	0	571	0	0	/software/Matlab/bin/matlab -nodisplay -r fit_CT_Kondagaon
168	:	1624958675.734	     5.383	0	363	0	0	/software/Matlab/bin/matlab -nodisplay -r fit_MH_Ahmednagar
169	:	1624958676.252	     5.338	0	360	0	0	/software/Matlab/bin/matlab -nodisplay -r fit_GJ_Bharuch
170	:	1624958676.793	     5.339	0	362	0	0	/software/Matlab/bin/matlab -nodisplay -r fit_CT_Balrampur
171	:	1624958677.324	     4.867	0	572	0	0	/software/Matlab/bin/matlab -nodisplay -r fit_MP_Agar_Malwa
172	:	1624958677.847	     4.498	0	363	0	0	/software/Matlab/bin/matlab -nodisplay -r fit_NL_Mokokchung
173	:	1624958678.379	     4.554	0	358	0	0	/software/Matlab/bin/matlab -nodisplay -r fit_AR_Siang
175	:	1624958679.449	     4.570	0	360	0	0	/software/Matlab/bin/matlab -nodisplay -r fit_GJ_Narmada
174	:	1624958678.892	     5.768	0	568	0	0	/software/Matlab/bin/matlab -nodisplay -r fit_MH_Nashik
176	:	1624958679.985	     5.313	0	372	0	0	/software/Matlab/bin/matlab -nodisplay -r fit_JH_Saraikela_Kharsawan
178	:	1624958681.039	     4.539	0	362	0	0	/software/Matlab/bin/matlab -nodisplay -r fit_JH_Sahibganj
177	:	1624958680.503	     5.275	0	360	0	0	/software/Matlab/bin/matlab -nodisplay -r fit_OR_Bhadrak
179	:	1624958681.561	     5.217	0	366	0	0	/software/Matlab/bin/matlab -nodisplay -r fit_AP_Y_S_R__Kadapa
180	:	1624958682.071	     5.539	0	577	0	0	/software/Matlab/bin/matlab -nodisplay -r fit_ML_West_Garo_Hills
181	:	1624958682.593	     5.315	0	359	0	0	/software/Matlab/bin/matlab -nodisplay -r fit_GJ_Amreli
182	:	1624958683.111	     5.273	0	358	0	0	/software/Matlab/bin/matlab -nodisplay -r fit_MP_Harda
183	:	1624958683.674	     5.273	0	358	0	0	/software/Matlab/bin/matlab -nodisplay -r fit_BR_Banka
185	:	1624958684.705	     4.479	0	364	0	0	/software/Matlab/bin/matlab -nodisplay -r fit_MH_Other_State
184	:	1624958684.201	     5.249	0	363	0	0	/software/Matlab/bin/matlab -nodisplay -r fit_BR_Sheikhpura
187	:	1624958685.778	     4.507	0	360	0	0	/software/Matlab/bin/matlab -nodisplay -r fit_MZ_Saitual
186	:	1624958685.248	     5.292	0	359	0	0	/software/Matlab/bin/matlab -nodisplay -r fit_TR_Khowai
188	:	1624958686.332	     5.326	0	362	0	0	/software/Matlab/bin/matlab -nodisplay -r fit_BR_Begusarai
189	:	1624958686.865	     5.322	0	356	0	0	/software/Matlab/bin/matlab -nodisplay -r fit_HP_Una
190	:	1624958687.379	     5.348	0	361	0	0	/software/Matlab/bin/matlab -nodisplay -r fit_JK_Udhampur
191	:	1624958687.909	     5.305	0	360	0	0	/software/Matlab/bin/matlab -nodisplay -r fit_RJ_Karauli
192	:	1624958688.422	     5.332	0	358	0	0	/software/Matlab/bin/matlab -nodisplay -r fit_MP_Bhind
193	:	1624958688.945	     5.328	0	367	0	0	/software/Matlab/bin/matlab -nodisplay -r fit_BR_East_Champaran
194	:	1624958689.450	     5.293	0	361	0	0	/software/Matlab/bin/matlab -nodisplay -r fit_TN_Dindigul
195	:	1624958690.015	     5.319	0	362	0	0	/software/Matlab/bin/matlab -nodisplay -r fit_TN_Thanjavur
196	:	1624958690.540	     5.340	0	364	0	0	/software/Matlab/bin/matlab -nodisplay -r fit_TN_Pudukkottai
197	:	1624958691.073	     5.314	0	357	0	0	/software/Matlab/bin/matlab -nodisplay -r fit_GJ_Tapi
198	:	1624958691.613	     5.361	0	358	0	0	/software/Matlab/bin/matlab -nodisplay -r fit_KA_Gadag
199	:	1624958692.154	     5.310	0	360	0	0	/software/Matlab/bin/matlab -nodisplay -r fit_BR_Nalanda
200	:	1624958692.701	     5.341	0	360	0	0	/software/Matlab/bin/matlab -nodisplay -r fit_WB_Purulia
201	:	1624958693.215	     5.284	0	361	0	0	/software/Matlab/bin/matlab -nodisplay -r fit_PB_Amritsar
202	:	1624958693.753	     5.302	0	358	0	0	/software/Matlab/bin/matlab -nodisplay -r fit_UP_Hapur
203	:	1624958694.272	     5.277	0	360	0	0	/software/Matlab/bin/matlab -nodisplay -r fit_OR_Bargarh
204	:	1624958694.783	     5.275	0	359	0	0	/software/Matlab/bin/matlab -nodisplay -r fit_NL_Kohima
205	:	1624958695.330	     5.305	0	360	0	0	/software/Matlab/bin/matlab -nodisplay -r fit_RJ_Dholpur
206	:	1624958695.836	     5.295	0	366	0	0	/software/Matlab/bin/matlab -nodisplay -r fit_AP_East_Godavari
207	:	1624958696.387	     5.293	0	362	0	0	/software/Matlab/bin/matlab -nodisplay -r fit_JK_Bandipora
209	:	1624958697.428	     4.499	0	362	0	0	/software/Matlab/bin/matlab -nodisplay -r fit_GJ_Porbandar
208	:	1624958696.903	     5.311	0	358	0	0	/software/Matlab/bin/matlab -nodisplay -r fit_KA_Udupi
210	:	1624958697.957	     5.299	0	358	0	0	/software/Matlab/bin/matlab -nodisplay -r fit_PB_Mansa
211	:	1624958698.469	     5.367	0	360	0	0	/software/Matlab/bin/matlab -nodisplay -r fit_HP_Sirmaur
212	:	1624958699.006	     5.328	0	365	0	0	/software/Matlab/bin/matlab -nodisplay -r fit_UP_Kanpur_Nagar
213	:	1624958699.550	     5.259	0	360	0	0	/software/Matlab/bin/matlab -nodisplay -r fit_UP_Bhadohi
214	:	1624958700.058	     5.332	0	363	0	0	/software/Matlab/bin/matlab -nodisplay -r fit_BR_Aurangabad
216	:	1624958701.096	     4.505	0	364	0	0	/software/Matlab/bin/matlab -nodisplay -r fit_TN_Other_State
215	:	1624958700.582	     5.384	0	363	0	0	/software/Matlab/bin/matlab -nodisplay -r fit_RJ_Pratapgarh
217	:	1624958701.633	     5.369	0	358	0	0	/software/Matlab/bin/matlab -nodisplay -r fit_MP_Sidhi
218	:	1624958702.167	     5.296	0	368	0	0	/software/Matlab/bin/matlab -nodisplay -r fit_AR_Lower_Subansiri
219	:	1624958702.687	     5.295	0	361	0	0	/software/Matlab/bin/matlab -nodisplay -r fit_KL_Palakkad
220	:	1624958703.256	     5.317	0	361	0	0	/software/Matlab/bin/matlab -nodisplay -r fit_PB_Ludhiana
221	:	1624958703.797	     5.341	0	361	0	0	/software/Matlab/bin/matlab -nodisplay -r fit_BR_Khagaria
222	:	1624958704.332	     5.344	0	361	0	0	/software/Matlab/bin/matlab -nodisplay -r fit_OR_Balangir
223	:	1624958704.847	     5.347	0	359	0	0	/software/Matlab/bin/matlab -nodisplay -r fit_MH_Satara
224	:	1624958705.376	     5.278	0	594	0	0	/software/Matlab/bin/matlab -nodisplay -r fit_MH_Mumbai
225	:	1624958705.891	     5.330	0	359	0	0	/software/Matlab/bin/matlab -nodisplay -r fit_KA_Haveri
226	:	1624958706.432	     5.312	0	360	0	0	/software/Matlab/bin/matlab -nodisplay -r fit_WB_Birbhum
227	:	1624958706.935	     5.335	0	359	0	0	/software/Matlab/bin/matlab -nodisplay -r fit_MH_Gondia
228	:	1624958707.462	     5.288	0	362	0	0	/software/Matlab/bin/matlab -nodisplay -r fit_PB_Jalandhar
229	:	1624958707.982	     5.347	0	360	0	0	/software/Matlab/bin/matlab -nodisplay -r fit_MH_Solapur
230	:	1624958708.499	     5.349	0	362	0	0	/software/Matlab/bin/matlab -nodisplay -r fit_UP_Sultanpur
231	:	1624958709.007	     5.383	0	357	0	0	/software/Matlab/bin/matlab -nodisplay -r fit_PB_Moga
233	:	1624958710.083	     4.561	0	358	0	0	/software/Matlab/bin/matlab -nodisplay -r fit_AR_Kamle
232	:	1624958709.527	     5.327	0	359	0	0	/software/Matlab/bin/matlab -nodisplay -r fit_MP_Umaria
234	:	1624958710.642	     5.309	0	361	0	0	/software/Matlab/bin/matlab -nodisplay -r fit_MH_Yavatmal
235	:	1624958711.185	     5.297	0	358	0	0	/software/Matlab/bin/matlab -nodisplay -r fit_MP_Damoh
236	:	1624958711.744	     5.275	0	367	0	0	/software/Matlab/bin/matlab -nodisplay -r fit_KA_Chikkamagaluru
237	:	1624958712.270	     5.303	0	360	0	0	/software/Matlab/bin/matlab -nodisplay -r fit_WB_Bankura
238	:	1624958712.787	     5.338	0	362	0	0	/software/Matlab/bin/matlab -nodisplay -r fit_UP_Ghaziabad
239	:	1624958713.308	     5.333	0	358	0	0	/software/Matlab/bin/matlab -nodisplay -r fit_BR_Saran
240	:	1624958713.848	     5.300	0	362	0	0	/software/Matlab/bin/matlab -nodisplay -r fit_KL_Kasaragod
241	:	1624958714.367	     5.273	0	359	0	0	/software/Matlab/bin/matlab -nodisplay -r fit_MH_Wardha
242	:	1624958714.880	     5.269	0	360	0	0	/software/Matlab/bin/matlab -nodisplay -r fit_OR_Koraput
244	:	1624958715.950	     4.506	0	358	0	0	/software/Matlab/bin/matlab -nodisplay -r fit_MP_Katni
243	:	1624958715.437	     5.277	0	361	0	0	/software/Matlab/bin/matlab -nodisplay -r fit_UP_Bareilly
245	:	1624958716.482	     5.301	0	358	0	0	/software/Matlab/bin/matlab -nodisplay -r fit_RJ_Baran
247	:	1624958717.574	     4.458	0	364	0	0	/software/Matlab/bin/matlab -nodisplay -r fit_AR_East_Kameng
246	:	1624958717.014	     5.265	0	360	0	0	/software/Matlab/bin/matlab -nodisplay -r fit_OR_Deogarh
248	:	1624958718.101	     5.312	0	361	0	0	/software/Matlab/bin/matlab -nodisplay -r fit_AP_Prakasam
249	:	1624958718.608	     5.371	0	367	0	0	/software/Matlab/bin/matlab -nodisplay -r fit_RJ_Sawai_Madhopur
250	:	1624958719.149	     5.279	0	359	0	0	/software/Matlab/bin/matlab -nodisplay -r fit_MP_Jhabua
251	:	1624958719.678	     5.329	0	362	0	0	/software/Matlab/bin/matlab -nodisplay -r fit_AP_Anantapur
252	:	1624958720.189	     5.292	0	358	0	0	/software/Matlab/bin/matlab -nodisplay -r fit_MP_Datia
253	:	1624958720.697	     5.249	0	359	0	0	/software/Matlab/bin/matlab -nodisplay -r fit_JH_Garhwa
254	:	1624958721.261	     5.300	0	359	0	0	/software/Matlab/bin/matlab -nodisplay -r fit_UP_Meerut
255	:	1624958721.784	     5.281	0	359	0	0	/software/Matlab/bin/matlab -nodisplay -r fit_UP_Shamli
256	:	1624958722.309	     5.339	0	363	0	0	/software/Matlab/bin/matlab -nodisplay -r fit_UP_Kushinagar
257	:	1624958722.873	     5.315	0	358	0	0	/software/Matlab/bin/matlab -nodisplay -r fit_JK_Reasi
259	:	1624958723.972	     4.534	0	360	0	0	/software/Matlab/bin/matlab -nodisplay -r fit_CT_Bijapur
258	:	1624958723.413	     5.331	0	366	0	0	/software/Matlab/bin/matlab -nodisplay -r fit_TR_South_Tripura
260	:	1624958724.503	     5.315	0	359	0	0	/software/Matlab/bin/matlab -nodisplay -r fit_JK_Kulgam
261	:	1624958725.008	     5.758	0	572	0	0	/software/Matlab/bin/matlab -nodisplay -r fit_TN_Perambalur
262	:	1624958725.518	     5.335	0	362	0	0	/software/Matlab/bin/matlab -nodisplay -r fit_TN_Sivaganga
263	:	1624958726.055	     5.375	0	363	0	0	/software/Matlab/bin/matlab -nodisplay -r fit_OR_Malkangiri
264	:	1624958726.561	     5.279	0	359	0	0	/software/Matlab/bin/matlab -nodisplay -r fit_UP_Mahoba
265	:	1624958727.064	     5.390	0	363	0	0	/software/Matlab/bin/matlab -nodisplay -r fit_MH_Gadchiroli
266	:	1624958727.619	     5.276	0	358	0	0	/software/Matlab/bin/matlab -nodisplay -r fit_KA_Kolar
267	:	1624958728.142	     5.299	0	359	0	0	/software/Matlab/bin/matlab -nodisplay -r fit_MZ_Aizawl
268	:	1624958728.675	     5.272	0	360	0	0	/software/Matlab/bin/matlab -nodisplay -r fit_HR_Sonipat
269	:	1624958729.209	     5.319	0	357	0	0	/software/Matlab/bin/matlab -nodisplay -r fit_BR_Gaya
270	:	1624958729.772	     5.319	0	378	0	0	/software/Matlab/bin/matlab -nodisplay -r fit_PB_Shahid_Bhagat_Singh_Nagar
271	:	1624958730.304	     5.291	0	362	0	0	/software/Matlab/bin/matlab -nodisplay -r fit_OR_Kalahandi
272	:	1624958730.813	     5.298	0	363	0	0	/software/Matlab/bin/matlab -nodisplay -r fit_CT_Narayanpur
273	:	1624958731.320	     5.276	0	358	0	0	/software/Matlab/bin/matlab -nodisplay -r fit_KA_Bidar
274	:	1624958731.841	     5.319	0	365	0	0	/software/Matlab/bin/matlab -nodisplay -r fit_UP_Shahjahanpur
275	:	1624958732.351	     5.365	0	361	0	0	/software/Matlab/bin/matlab -nodisplay -r fit_TN_Namakkal
276	:	1624958732.867	     5.369	0	367	0	0	/software/Matlab/bin/matlab -nodisplay -r fit_JH_East_Singhbhum
277	:	1624958733.384	     5.381	0	359	0	0	/software/Matlab/bin/matlab -nodisplay -r fit_HR_Rohtak
278	:	1624958733.934	     5.354	0	363	0	0	/software/Matlab/bin/matlab -nodisplay -r fit_TN_Thiruvarur
279	:	1624958734.480	     5.273	0	357	0	0	/software/Matlab/bin/matlab -nodisplay -r fit_MP_Rewa
280	:	1624958734.997	     5.281	0	358	0	0	/software/Matlab/bin/matlab -nodisplay -r fit_CT_Korba
281	:	1624958735.515	     5.333	0	362	0	0	/software/Matlab/bin/matlab -nodisplay -r fit_WB_Kalimpong
282	:	1624958736.060	     5.384	0	363	0	0	/software/Matlab/bin/matlab -nodisplay -r fit_UP_Chitrakoot
283	:	1624958736.596	     5.299	0	358	0	0	/software/Matlab/bin/matlab -nodisplay -r fit_GJ_Anand
284	:	1624958737.160	     5.309	0	358	0	0	/software/Matlab/bin/matlab -nodisplay -r fit_JK_Punch
286	:	1624958738.237	     4.503	0	371	0	0	/software/Matlab/bin/matlab -nodisplay -r fit_ML_East_Jaintia_Hills
285	:	1624958737.681	     5.302	0	360	0	0	/software/Matlab/bin/matlab -nodisplay -r fit_JK_Rajouri
287	:	1624958738.754	     4.559	0	371	0	0	/software/Matlab/bin/matlab -nodisplay -r fit_TN_Airport_Quarantine
289	:	1624958739.792	     4.812	0	569	0	0	/software/Matlab/bin/matlab -nodisplay -r fit_SK_Unknown
290	:	1624958740.318	     4.540	0	366	0	0	/software/Matlab/bin/matlab -nodisplay -r fit_AR_Pakke_Kessang
288	:	1624958739.287	     5.624	0	569	0	0	/software/Matlab/bin/matlab -nodisplay -r fit_RJ_Udaipur
291	:	1624958740.848	     5.218	0	362	0	0	/software/Matlab/bin/matlab -nodisplay -r fit_OR_Sambalpur
292	:	1624958741.378	     5.707	0	567	0	0	/software/Matlab/bin/matlab -nodisplay -r fit_UP_Basti
293	:	1624958741.895	     5.714	0	567	0	0	/software/Matlab/bin/matlab -nodisplay -r fit_GJ_Patan
294	:	1624958742.438	     5.671	0	572	0	0	/software/Matlab/bin/matlab -nodisplay -r fit_KA_Davanagere
295	:	1624958742.984	     5.273	0	357	0	0	/software/Matlab/bin/matlab -nodisplay -r fit_CT_Durg
296	:	1624958743.498	     5.280	0	358	0	0	/software/Matlab/bin/matlab -nodisplay -r fit_HP_Mandi
297	:	1624958744.008	     5.297	0	362	0	0	/software/Matlab/bin/matlab -nodisplay -r fit_BR_Gopalganj
298	:	1624958744.579	     5.555	0	570	0	0	/software/Matlab/bin/matlab -nodisplay -r fit_TN_Nilgiris
300	:	1624958745.669	     4.512	0	364	0	0	/software/Matlab/bin/matlab -nodisplay -r fit_MP_Hoshangabad
299	:	1624958745.103	     5.289	0	367	0	0	/software/Matlab/bin/matlab -nodisplay -r fit_UP_Ambedkar_Nagar
302	:	1624958746.768	     4.533	0	358	0	0	/software/Matlab/bin/matlab -nodisplay -r fit_MZ_Saiha
301	:	1624958746.202	     5.296	0	363	0	0	/software/Matlab/bin/matlab -nodisplay -r fit_UP_Rae_Bareli
304	:	1624958747.858	     4.674	0	567	0	0	/software/Matlab/bin/matlab -nodisplay -r fit_JH_Pakur
303	:	1624958747.314	     5.271	0	359	0	0	/software/Matlab/bin/matlab -nodisplay -r fit_JH_Khunti
305	:	1624958748.364	     5.276	0	358	0	0	/software/Matlab/bin/matlab -nodisplay -r fit_TN_Salem
307	:	1624958749.415	     4.522	0	368	0	0	/software/Matlab/bin/matlab -nodisplay -r fit_ML_East_Garo_Hills
306	:	1624958748.883	     5.244	0	368	0	0	/software/Matlab/bin/matlab -nodisplay -r fit_KA_Bengaluru_Urban
308	:	1624958749.939	     5.269	0	359	0	0	/software/Matlab/bin/matlab -nodisplay -r fit_LA_Kargil
309	:	1624958750.466	     4.866	0	571	0	0	/software/Matlab/bin/matlab -nodisplay -r fit_AR_Lepa_Rada
311	:	1624958751.497	     4.446	0	371	0	0	/software/Matlab/bin/matlab -nodisplay -r fit_TN_Railway_Quarantine
310	:	1624958750.974	     5.246	0	372	0	0	/software/Matlab/bin/matlab -nodisplay -r fit_UP_Gautam_Buddha_Nagar
312	:	1624958752.002	     5.327	0	360	0	0	/software/Matlab/bin/matlab -nodisplay -r fit_UP_Aligarh
313	:	1624958752.513	     5.661	0	568	0	0	/software/Matlab/bin/matlab -nodisplay -r fit_RJ_Nagaur
314	:	1624958753.072	     5.280	0	361	0	0	/software/Matlab/bin/matlab -nodisplay -r fit_JK_Anantnag
315	:	1624958753.579	     5.253	0	369	0	0	/software/Matlab/bin/matlab -nodisplay -r fit_ML_East_Khasi_Hills
316	:	1624958754.120	     5.205	0	361	0	0	/software/Matlab/bin/matlab -nodisplay -r fit_UT_Nainital
318	:	1624958755.183	     4.516	0	369	0	0	/software/Matlab/bin/matlab -nodisplay -r fit_AP_Foreign_Evacuees
317	:	1624958754.657	     5.641	0	571	0	0	/software/Matlab/bin/matlab -nodisplay -r fit_KL_Alappuzha
319	:	1624958755.686	     5.304	0	367	0	0	/software/Matlab/bin/matlab -nodisplay -r fit_CT_Janjgir_Champa
320	:	1624958756.220	     5.296	0	360	0	0	/software/Matlab/bin/matlab -nodisplay -r fit_JH_Dhanbad
321	:	1624958756.731	     5.263	0	359	0	0	/software/Matlab/bin/matlab -nodisplay -r fit_BR_Purnia
322	:	1624958757.247	     5.240	0	361	0	0	/software/Matlab/bin/matlab -nodisplay -r fit_UP_Varanasi
323	:	1624958757.804	     5.249	0	361	0	0	/software/Matlab/bin/matlab -nodisplay -r fit_PB_Rupnagar
324	:	1624958758.353	     5.233	0	363	0	0	/software/Matlab/bin/matlab -nodisplay -r fit_JH_Hazaribagh
325	:	1624958758.870	     5.295	0	358	0	0	/software/Matlab/bin/matlab -nodisplay -r fit_GJ_Dahod
326	:	1624958759.400	     5.224	0	362	0	0	/software/Matlab/bin/matlab -nodisplay -r fit_BR_Sitamarhi
327	:	1624958759.909	     5.307	0	364	0	0	/software/Matlab/bin/matlab -nodisplay -r fit_TN_Thiruvallur
328	:	1624958760.414	     5.361	0	363	0	0	/software/Matlab/bin/matlab -nodisplay -r fit_MH_Sindhudurg
330	:	1624958761.517	     4.480	0	359	0	0	/software/Matlab/bin/matlab -nodisplay -r fit_AR_Namsai
329	:	1624958760.967	     5.296	0	362	0	0	/software/Matlab/bin/matlab -nodisplay -r fit_OR_Dhenkanal
331	:	1624958762.034	     5.305	0	365	0	0	/software/Matlab/bin/matlab -nodisplay -r fit_UP_Kanpur_Dehat
332	:	1624958762.562	     5.315	0	361	0	0	/software/Matlab/bin/matlab -nodisplay -r fit_PB_Faridkot
333	:	1624958763.092	     5.312	0	361	0	0	/software/Matlab/bin/matlab -nodisplay -r fit_CT_Bametara
334	:	1624958763.627	     5.274	0	362	0	0	/software/Matlab/bin/matlab -nodisplay -r fit_UP_Barabanki
336	:	1624958764.698	     4.496	0	362	0	0	/software/Matlab/bin/matlab -nodisplay -r fit_NL_Zunheboto
335	:	1624958764.165	     5.252	0	360	0	0	/software/Matlab/bin/matlab -nodisplay -r fit_HR_Bhiwani
337	:	1624958765.215	     5.229	0	360	0	0	/software/Matlab/bin/matlab -nodisplay -r fit_UP_Sitapur
338	:	1624958765.744	     5.439	0	567	0	0	/software/Matlab/bin/matlab -nodisplay -r fit_RJ_Bundi
339	:	1624958766.264	     5.338	0	363	0	0	/software/Matlab/bin/matlab -nodisplay -r fit_PY_Puducherry
340	:	1624958766.769	     5.332	0	358	0	0	/software/Matlab/bin/matlab -nodisplay -r fit_AR_Tirap
341	:	1624958767.338	     5.236	0	359	0	0	/software/Matlab/bin/matlab -nodisplay -r fit_HR_Karnal
343	:	1624958768.403	     4.498	0	360	0	0	/software/Matlab/bin/matlab -nodisplay -r fit_TG_Unknown
342	:	1624958767.877	     5.301	0	362	0	0	/software/Matlab/bin/matlab -nodisplay -r fit_UP_Gorakhpur
344	:	1624958768.907	     5.234	0	361	0	0	/software/Matlab/bin/matlab -nodisplay -r fit_MP_Balaghat
345	:	1624958769.416	     5.419	0	569	0	0	/software/Matlab/bin/matlab -nodisplay -r fit_MP_Gwalior
346	:	1624958769.958	     5.284	0	371	0	0	/software/Matlab/bin/matlab -nodisplay -r fit_KL_Thiruvananthapuram
347	:	1624958770.493	     5.296	0	363	0	0	/software/Matlab/bin/matlab -nodisplay -r fit_MH_Chandrapur
348	:	1624958771.020	     5.289	0	359	0	0	/software/Matlab/bin/matlab -nodisplay -r fit_TR_Dhalai
349	:	1624958771.569	     5.194	0	363	0	0	/software/Matlab/bin/matlab -nodisplay -r fit_UT_Uttarkashi
350	:	1624958772.099	     5.281	0	359	0	0	/software/Matlab/bin/matlab -nodisplay -r fit_JH_Ranchi
351	:	1624958772.615	     5.295	0	363	0	0	/software/Matlab/bin/matlab -nodisplay -r fit_KA_Ramanagara
352	:	1624958773.152	     5.304	0	363	0	0	/software/Matlab/bin/matlab -nodisplay -r fit_TN_Tirupathur
353	:	1624958773.667	     5.315	0	361	0	0	/software/Matlab/bin/matlab -nodisplay -r fit_AP_Chittoor
354	:	1624958774.188	     5.318	0	364	0	0	/software/Matlab/bin/matlab -nodisplay -r fit_WB_Murshidabad
355	:	1624958774.748	     5.262	0	363	0	0	/software/Matlab/bin/matlab -nodisplay -r fit_AP_Srikakulam
356	:	1624958775.280	     5.220	0	368	0	0	/software/Matlab/bin/matlab -nodisplay -r fit_UP_Lakhimpur_Kheri
357	:	1624958775.790	     5.227	0	359	0	0	/software/Matlab/bin/matlab -nodisplay -r fit_CT_Bastar
358	:	1624958776.310	     5.309	0	367	0	0	/software/Matlab/bin/matlab -nodisplay -r fit_TN_Ramanathapuram
359	:	1624958776.835	     5.259	0	362	0	0	/software/Matlab/bin/matlab -nodisplay -r fit_OR_Kendujhar
360	:	1624958777.377	     5.273	0	361	0	0	/software/Matlab/bin/matlab -nodisplay -r fit_JK_Shopiyan
361	:	1624958777.909	     5.327	0	360	0	0	/software/Matlab/bin/matlab -nodisplay -r fit_MH_Palghar
362	:	1624958778.449	     5.265	0	358	0	0	/software/Matlab/bin/matlab -nodisplay -r fit_UP_Gonda
363	:	1624958778.982	     5.334	0	377	0	0	/software/Matlab/bin/matlab -nodisplay -r fit_CT_Dakshin_Bastar_Dantewada
364	:	1624958779.506	     5.305	0	359	0	0	/software/Matlab/bin/matlab -nodisplay -r fit_UP_Rampur
365	:	1624958780.010	     5.315	0	360	0	0	/software/Matlab/bin/matlab -nodisplay -r fit_UP_Jaunpur
366	:	1624958780.540	     5.266	0	360	0	0	/software/Matlab/bin/matlab -nodisplay -r fit_MH_Jalgaon
367	:	1624958781.055	     5.208	0	358	0	0	/software/Matlab/bin/matlab -nodisplay -r fit_CT_Sukma
368	:	1624958781.579	     5.267	0	364	0	0	/software/Matlab/bin/matlab -nodisplay -r fit_GJ_Gandhinagar
369	:	1624958782.093	     5.289	0	364	0	0	/software/Matlab/bin/matlab -nodisplay -r fit_UT_Rudraprayag
370	:	1624958782.614	     5.273	0	364	0	0	/software/Matlab/bin/matlab -nodisplay -r fit_CT_Rajnandgaon
371	:	1624958783.175	     5.268	0	364	0	0	/software/Matlab/bin/matlab -nodisplay -r fit_RJ_Hanumangarh
372	:	1624958783.714	     5.286	0	362	0	0	/software/Matlab/bin/matlab -nodisplay -r fit_HR_Faridabad
373	:	1624958784.270	     5.222	0	360	0	0	/software/Matlab/bin/matlab -nodisplay -r fit_BR_Bhojpur
374	:	1624958784.791	     5.226	0	370	0	0	/software/Matlab/bin/matlab -nodisplay -r fit_WB_North_24_Parganas
375	:	1624958785.324	     5.278	0	361	0	0	/software/Matlab/bin/matlab -nodisplay -r fit_UT_Haridwar
376	:	1624958785.845	     5.353	0	357	0	0	/software/Matlab/bin/matlab -nodisplay -r fit_RJ_Pali
377	:	1624958786.375	     5.354	0	360	0	0	/software/Matlab/bin/matlab -nodisplay -r fit_UP_Mathura
378	:	1624958786.889	     5.253	0	357	0	0	/software/Matlab/bin/matlab -nodisplay -r fit_PY_Mahe
379	:	1624958787.422	     5.259	0	592	0	0	/software/Matlab/bin/matlab -nodisplay -r fit_DL_Delhi
380	:	1624958787.925	     5.226	0	369	0	0	/software/Matlab/bin/matlab -nodisplay -r fit_HP_Lahaul_and_Spiti
381	:	1624958788.443	     5.187	0	359	0	0	/software/Matlab/bin/matlab -nodisplay -r fit_HP_Shimla
382	:	1624958788.999	     5.254	0	362	0	0	/software/Matlab/bin/matlab -nodisplay -r fit_HR_Panchkula
383	:	1624958789.531	     5.254	0	364	0	0	/software/Matlab/bin/matlab -nodisplay -r fit_UP_Bulandshahr
385	:	1624958790.602	     4.505	0	369	0	0	/software/Matlab/bin/matlab -nodisplay -r fit_ML_South_Garo_Hills
384	:	1624958790.058	     5.230	0	361	0	0	/software/Matlab/bin/matlab -nodisplay -r fit_MH_Kolhapur
386	:	1624958791.137	     5.207	0	362	0	0	/software/Matlab/bin/matlab -nodisplay -r fit_KA_Bagalkote
387	:	1624958791.669	     4.748	0	570	0	0	/software/Matlab/bin/matlab -nodisplay -r fit_AR_Shi_Yomi
389	:	1624958792.681	     4.444	0	360	0	0	/software/Matlab/bin/matlab -nodisplay -r fit_AN_Unknown
388	:	1624958792.178	     5.246	0	366	0	0	/software/Matlab/bin/matlab -nodisplay -r fit_AP_West_Godavari
390	:	1624958793.187	     5.256	0	367	0	0	/software/Matlab/bin/matlab -nodisplay -r fit_WB_Uttar_Dinajpur
391	:	1624958793.705	     5.476	0	567	0	0	/software/Matlab/bin/matlab -nodisplay -r fit_BR_Siwan
392	:	1624958794.254	     5.286	0	365	0	0	/software/Matlab/bin/matlab -nodisplay -r fit_TN_Kancheepuram
393	:	1624958794.785	     5.293	0	360	0	0	/software/Matlab/bin/matlab -nodisplay -r fit_MP_Sheopur
394	:	1624958795.288	     5.243	0	364	0	0	/software/Matlab/bin/matlab -nodisplay -r fit_RJ_Chittorgarh
395	:	1624958795.822	     5.259	0	357	0	0	/software/Matlab/bin/matlab -nodisplay -r fit_MP_Dhar
397	:	1624958796.850	     4.452	0	372	0	0	/software/Matlab/bin/matlab -nodisplay -r fit_AR_Lower_Dibang_Valley
396	:	1624958796.340	     5.243	0	359	0	0	/software/Matlab/bin/matlab -nodisplay -r fit_HP_Kangra
398	:	1624958797.398	     5.213	0	358	0	0	/software/Matlab/bin/matlab -nodisplay -r fit_BR_Patna
399	:	1624958797.910	     5.290	0	368	0	0	/software/Matlab/bin/matlab -nodisplay -r fit_KA_Chikkaballapura
400	:	1624958798.418	     5.275	0	360	0	0	/software/Matlab/bin/matlab -nodisplay -r fit_WB_Hooghly
401	:	1624958798.932	     5.265	0	361	0	0	/software/Matlab/bin/matlab -nodisplay -r fit_MP_Khargone
402	:	1624958799.484	     5.273	0	367	0	0	/software/Matlab/bin/matlab -nodisplay -r fit_UP_Siddharthnagar
403	:	1624958799.999	     5.281	0	361	0	0	/software/Matlab/bin/matlab -nodisplay -r fit_PY_Karaikal
404	:	1624958800.532	     5.264	0	357	0	0	/software/Matlab/bin/matlab -nodisplay -r fit_MP_Guna
405	:	1624958801.068	     5.273	0	362	0	0	/software/Matlab/bin/matlab -nodisplay -r fit_MP_Singrauli
406	:	1624958801.582	     5.236	0	361	0	0	/software/Matlab/bin/matlab -nodisplay -r fit_GJ_Jamnagar
407	:	1624958802.139	     5.284	0	363	0	0	/software/Matlab/bin/matlab -nodisplay -r fit_TR_Sipahijala
409	:	1624958803.176	     4.463	0	361	0	0	/software/Matlab/bin/matlab -nodisplay -r fit_AR_Longding
408	:	1624958802.658	     5.223	0	361	0	0	/software/Matlab/bin/matlab -nodisplay -r fit_TN_Ariyalur
410	:	1624958803.693	     4.421	0	357	0	0	/software/Matlab/bin/matlab -nodisplay -r fit_NL_Phek
411	:	1624958804.196	     5.523	0	567	0	0	/software/Matlab/bin/matlab -nodisplay -r fit_MP_Seoni
413	:	1624958805.280	     4.457	0	362	0	0	/software/Matlab/bin/matlab -nodisplay -r fit_AR_Kra_Daadi
412	:	1624958804.742	     5.253	0	363	0	0	/software/Matlab/bin/matlab -nodisplay -r fit_WB_Jalpaiguri
414	:	1624958805.796	     5.229	0	362	0	0	/software/Matlab/bin/matlab -nodisplay -r fit_JK_Ganderbal
415	:	1624958806.341	     5.208	0	360	0	0	/software/Matlab/bin/matlab -nodisplay -r fit_UT_Chamoli
416	:	1624958806.857	     5.229	0	358	0	0	/software/Matlab/bin/matlab -nodisplay -r fit_BR_Arwal
418	:	1624958807.907	     4.439	0	360	0	0	/software/Matlab/bin/matlab -nodisplay -r fit_NL_Kiphire
417	:	1624958807.398	     5.250	0	370	0	0	/software/Matlab/bin/matlab -nodisplay -r fit_WB_South_24_Parganas
419	:	1624958808.455	     5.203	0	367	0	0	/software/Matlab/bin/matlab -nodisplay -r fit_AP_S_P_S__Nellore
420	:	1624958809.010	     5.292	0	362	0	0	/software/Matlab/bin/matlab -nodisplay -r fit_GJ_Bhavnagar
421	:	1624958809.563	     5.315	0	357	0	0	/software/Matlab/bin/matlab -nodisplay -r fit_MH_Beed
422	:	1624958810.075	     5.263	0	359	0	0	/software/Matlab/bin/matlab -nodisplay -r fit_MP_Sehore
423	:	1624958810.621	     5.292	0	364	0	0	/software/Matlab/bin/matlab -nodisplay -r fit_AR_West_Kameng
424	:	1624958811.165	     5.229	0	359	0	0	/software/Matlab/bin/matlab -nodisplay -r fit_MP_Raisen
425	:	1624958811.670	     5.240	0	361	0	0	/software/Matlab/bin/matlab -nodisplay -r fit_KL_Kottayam
427	:	1624958812.705	     4.442	0	375	0	0	/software/Matlab/bin/matlab -nodisplay -r fit_ML_South_West_Khasi_Hills
426	:	1624958812.202	     5.268	0	359	0	0	/software/Matlab/bin/matlab -nodisplay -r fit_JH_Chatra
429	:	1624958813.789	     4.466	0	360	0	0	/software/Matlab/bin/matlab -nodisplay -r fit_MP_Shahdol
428	:	1624958813.266	     5.269	0	361	0	0	/software/Matlab/bin/matlab -nodisplay -r fit_CT_Bilaspur
430	:	1624958814.301	     4.486	0	362	0	0	/software/Matlab/bin/matlab -nodisplay -r fit_MZ_Hnahthial
431	:	1624958814.864	     4.477	0	359	0	0	/software/Matlab/bin/matlab -nodisplay -r fit_NL_Others
432	:	1624958815.378	     5.254	0	360	0	0	/software/Matlab/bin/matlab -nodisplay -r fit_OR_Khordha
433	:	1624958815.912	     5.470	0	565	0	0	/software/Matlab/bin/matlab -nodisplay -r fit_UP_Mau
434	:	1624958816.433	     5.217	0	361	0	0	/software/Matlab/bin/matlab -nodisplay -r fit_UP_Mirzapur
436	:	1624958817.469	     4.478	0	364	0	0	/software/Matlab/bin/matlab -nodisplay -r fit_AP_Other_State
435	:	1624958816.948	     5.194	0	359	0	0	/software/Matlab/bin/matlab -nodisplay -r fit_HR_Rewari
437	:	1624958817.985	     5.280	0	361	0	0	/software/Matlab/bin/matlab -nodisplay -r fit_HP_Hamirpur
439	:	1624958819.044	     4.435	0	368	0	0	/software/Matlab/bin/matlab -nodisplay -r fit_AR_Upper_Subansiri
438	:	1624958818.505	     5.242	0	362	0	0	/software/Matlab/bin/matlab -nodisplay -r fit_BR_Madhepura
440	:	1624958819.561	     5.237	0	361	0	0	/software/Matlab/bin/matlab -nodisplay -r fit_UT_Dehradun
441	:	1624958820.094	     5.203	0	359	0	0	/software/Matlab/bin/matlab -nodisplay -r fit_JH_Bokaro
442	:	1624958820.625	     5.302	0	360	0	0	/software/Matlab/bin/matlab -nodisplay -r fit_TN_Ranipet
443	:	1624958821.175	     5.302	0	364	0	0	/software/Matlab/bin/matlab -nodisplay -r fit_HR_Kurukshetra
444	:	1624958821.685	     5.340	0	357	0	0	/software/Matlab/bin/matlab -nodisplay -r fit_UP_Agra
445	:	1624958822.193	     5.260	0	358	0	0	/software/Matlab/bin/matlab -nodisplay -r fit_GJ_Botad
446	:	1624958822.725	     5.267	0	363	0	0	/software/Matlab/bin/matlab -nodisplay -r fit_PB_Kapurthala
448	:	1624958823.779	     4.473	0	364	0	0	/software/Matlab/bin/matlab -nodisplay -r fit_AR_Lower_Siang
447	:	1624958823.255	     5.259	0	358	0	0	/software/Matlab/bin/matlab -nodisplay -r fit_RJ_Dausa
449	:	1624958824.318	     5.368	0	360	0	0	/software/Matlab/bin/matlab -nodisplay -r fit_CT_Surguja
451	:	1624958825.374	     4.488	0	358	0	0	/software/Matlab/bin/matlab -nodisplay -r fit_MZ_Mamit
450	:	1624958824.847	     5.234	0	367	0	0	/software/Matlab/bin/matlab -nodisplay -r fit_KA_Uttara_Kannada
452	:	1624958825.893	     5.201	0	357	0	0	/software/Matlab/bin/matlab -nodisplay -r fit_RJ_Kota
453	:	1624958826.421	     5.611	0	574	0	0	/software/Matlab/bin/matlab -nodisplay -r fit_PB_S_A_S__Nagar
454	:	1624958826.927	     5.215	0	362	0	0	/software/Matlab/bin/matlab -nodisplay -r fit_BR_Darbhanga
455	:	1624958827.433	     5.273	0	358	0	0	/software/Matlab/bin/matlab -nodisplay -r fit_MH_Dhule
456	:	1624958827.992	     5.258	0	365	0	0	/software/Matlab/bin/matlab -nodisplay -r fit_CT_Baloda_Bazar
457	:	1624958828.515	     4.886	0	568	0	0	/software/Matlab/bin/matlab -nodisplay -r fit_GJ_Valsad
459	:	1624958829.526	     4.480	0	360	0	0	/software/Matlab/bin/matlab -nodisplay -r fit_MZ_Lunglei
458	:	1624958829.023	     5.259	0	360	0	0	/software/Matlab/bin/matlab -nodisplay -r fit_RJ_Jodhpur
460	:	1624958830.053	     5.269	0	359	0	0	/software/Matlab/bin/matlab -nodisplay -r fit_RJ_Sirohi
461	:	1624958830.606	     5.233	0	362	0	0	/software/Matlab/bin/matlab -nodisplay -r fit_RJ_Dungarpur
462	:	1624958831.139	     5.279	0	360	0	0	/software/Matlab/bin/matlab -nodisplay -r fit_MH_Hingoli
463	:	1624958831.711	     5.259	0	363	0	0	/software/Matlab/bin/matlab -nodisplay -r fit_BR_Samastipur
464	:	1624958832.233	     5.205	0	358	0	0	/software/Matlab/bin/matlab -nodisplay -r fit_GJ_Morbi
465	:	1624958832.743	     5.230	0	356	0	0	/software/Matlab/bin/matlab -nodisplay -r fit_LA_Leh
466	:	1624958833.250	     5.201	0	358	0	0	/software/Matlab/bin/matlab -nodisplay -r fit_GJ_Kheda
467	:	1624958833.763	     5.310	0	359	0	0	/software/Matlab/bin/matlab -nodisplay -r fit_JK_Budgam
468	:	1624958834.282	     5.284	0	363	0	0	/software/Matlab/bin/matlab -nodisplay -r fit_TN_Viluppuram
469	:	1624958834.842	     5.315	0	359	0	0	/software/Matlab/bin/matlab -nodisplay -r fit_JK_Kathua
470	:	1624958835.371	     5.234	0	361	0	0	/software/Matlab/bin/matlab -nodisplay -r fit_KL_Thrissur
471	:	1624958835.881	     5.269	0	357	0	0	/software/Matlab/bin/matlab -nodisplay -r fit_JK_Doda
472	:	1624958836.407	     5.345	0	362	0	0	/software/Matlab/bin/matlab -nodisplay -r fit_RJ_Jhunjhunu
473	:	1624958836.917	     5.261	0	359	0	0	/software/Matlab/bin/matlab -nodisplay -r fit_KA_Koppal
474	:	1624958837.425	     5.266	0	363	0	0	/software/Matlab/bin/matlab -nodisplay -r fit_UP_Pratapgarh
475	:	1624958837.953	     5.290	0	362	0	0	/software/Matlab/bin/matlab -nodisplay -r fit_OR_Kandhamal
476	:	1624958838.492	     5.264	0	363	0	0	/software/Matlab/bin/matlab -nodisplay -r fit_MP_Chhatarpur
477	:	1624958839.051	     5.236	0	359	0	0	/software/Matlab/bin/matlab -nodisplay -r fit_OR_Jajpur
478	:	1624958839.567	     5.294	0	358	0	0	/software/Matlab/bin/matlab -nodisplay -r fit_TN_Theni
479	:	1624958840.073	     5.259	0	369	0	0	/software/Matlab/bin/matlab -nodisplay -r fit_UP_Sant_Kabir_Nagar
480	:	1624958840.581	     5.242	0	362	0	0	/software/Matlab/bin/matlab -nodisplay -r fit_PB_Pathankot
481	:	1624958841.106	     5.272	0	360	0	0	/software/Matlab/bin/matlab -nodisplay -r fit_WB_Kolkata
482	:	1624958841.656	     5.278	0	365	0	0	/software/Matlab/bin/matlab -nodisplay -r fit_TN_Nagapattinam
484	:	1624958842.691	     4.449	0	364	0	0	/software/Matlab/bin/matlab -nodisplay -r fit_AR_Upper_Siang
483	:	1624958842.179	     5.302	0	359	0	0	/software/Matlab/bin/matlab -nodisplay -r fit_KA_Mysuru
485	:	1624958843.244	     5.235	0	359	0	0	/software/Matlab/bin/matlab -nodisplay -r fit_UP_Jalaun
486	:	1624958843.756	     5.299	0	359	0	0	/software/Matlab/bin/matlab -nodisplay -r fit_BR_Rohtas
487	:	1624958844.288	     5.329	0	358	0	0	/software/Matlab/bin/matlab -nodisplay -r fit_HR_Sirsa
489	:	1624958845.309	     4.486	0	361	0	0	/software/Matlab/bin/matlab -nodisplay -r fit_NL_Tuensang
488	:	1624958844.799	     5.346	0	366	0	0	/software/Matlab/bin/matlab -nodisplay -r fit_UT_Pauri_Garhwal
490	:	1624958845.823	     4.483	0	361	0	0	/software/Matlab/bin/matlab -nodisplay -r fit_MZ_Khawzawl
492	:	1624958846.930	     4.468	0	364	0	0	/software/Matlab/bin/matlab -nodisplay -r fit_GJ_Banaskantha
491	:	1624958846.369	     5.419	0	568	0	0	/software/Matlab/bin/matlab -nodisplay -r fit_KL_Kannur
493	:	1624958847.442	     5.206	0	368	0	0	/software/Matlab/bin/matlab -nodisplay -r fit_WB_Purba_Bardhaman
494	:	1624958847.982	     5.257	0	360	0	0	/software/Matlab/bin/matlab -nodisplay -r fit_TN_Vellore
495	:	1624958848.526	     5.236	0	358	0	0	/software/Matlab/bin/matlab -nodisplay -r fit_JH_Gumla
496	:	1624958849.055	     5.293	0	360	0	0	/software/Matlab/bin/matlab -nodisplay -r fit_KA_Raichur
497	:	1624958849.617	     5.306	0	361	0	0	/software/Matlab/bin/matlab -nodisplay -r fit_JK_Srinagar
498	:	1624958850.145	     5.295	0	359	0	0	/software/Matlab/bin/matlab -nodisplay -r fit_KA_Mandya
500	:	1624958851.196	     4.531	0	360	0	0	/software/Matlab/bin/matlab -nodisplay -r fit_BR_Sheohar
499	:	1624958850.693	     5.213	0	362	0	0	/software/Matlab/bin/matlab -nodisplay -r fit_UP_Kaushambi
501	:	1624958851.757	     4.459	0	369	0	0	/software/Matlab/bin/matlab -nodisplay -r fit_ML_West_Khasi_Hills
502	:	1624958852.304	     5.486	0	568	0	0	/software/Matlab/bin/matlab -nodisplay -r fit_MH_Nagpur
503	:	1624958852.824	     5.326	0	365	0	0	/software/Matlab/bin/matlab -nodisplay -r fit_HR_Mahendragarh
505	:	1624958853.879	     4.519	0	358	0	0	/software/Matlab/bin/matlab -nodisplay -r fit_NL_Wokha
504	:	1624958853.361	     5.296	0	359	0	0	/software/Matlab/bin/matlab -nodisplay -r fit_MP_Bhopal
506	:	1624958854.388	     5.305	0	360	0	0	/software/Matlab/bin/matlab -nodisplay -r fit_JH_Jamtara
507	:	1624958854.924	     5.274	0	360	0	0	/software/Matlab/bin/matlab -nodisplay -r fit_HP_Kinnaur
508	:	1624958855.439	     5.264	0	361	0	0	/software/Matlab/bin/matlab -nodisplay -r fit_GJ_Vadodara
509	:	1624958855.957	     5.226	0	361	0	0	/software/Matlab/bin/matlab -nodisplay -r fit_OR_Rayagada
511	:	1624958857.031	     4.451	0	363	0	0	/software/Matlab/bin/matlab -nodisplay -r fit_AR_East_Siang
510	:	1624958856.503	     5.241	0	359	0	0	/software/Matlab/bin/matlab -nodisplay -r fit_MP_Morena
513	:	1624958858.078	     4.523	0	358	0	0	/software/Matlab/bin/matlab -nodisplay -r fit_DN_Daman
512	:	1624958857.558	     5.246	0	358	0	0	/software/Matlab/bin/matlab -nodisplay -r fit_RJ_Sikar
515	:	1624958859.138	     4.642	0	569	0	0	/software/Matlab/bin/matlab -nodisplay -r fit_MN_Unknown
514	:	1624958858.597	     5.312	0	360	0	0	/software/Matlab/bin/matlab -nodisplay -r fit_JH_Deoghar
516	:	1624958859.694	     4.467	0	363	0	0	/software/Matlab/bin/matlab -nodisplay -r fit_AR_West_Siang
517	:	1624958860.199	     5.221	0	359	0	0	/software/Matlab/bin/matlab -nodisplay -r fit_BR_Munger
518	:	1624958860.703	     5.235	0	365	0	0	/software/Matlab/bin/matlab -nodisplay -r fit_AP_Vizianagaram
519	:	1624958861.223	     5.290	0	359	0	0	/software/Matlab/bin/matlab -nodisplay -r fit_AP_Guntur
520	:	1624958861.744	     5.217	0	359	0	0	/software/Matlab/bin/matlab -nodisplay -r fit_UP_Jhansi
521	:	1624958862.300	     5.184	0	366	0	0	/software/Matlab/bin/matlab -nodisplay -r fit_GJ_Surendranagar
522	:	1624958862.805	     5.261	0	369	0	0	/software/Matlab/bin/matlab -nodisplay -r fit_WB_Dakshin_Dinajpur
523	:	1624958863.345	     5.240	0	360	0	0	/software/Matlab/bin/matlab -nodisplay -r fit_MP_Barwani
524	:	1624958863.867	     5.199	0	359	0	0	/software/Matlab/bin/matlab -nodisplay -r fit_UP_Etawah
526	:	1624958864.942	     4.490	0	361	0	0	/software/Matlab/bin/matlab -nodisplay -r fit_RJ_Italians
525	:	1624958864.401	     5.210	0	362	0	0	/software/Matlab/bin/matlab -nodisplay -r fit_MH_Ratnagiri
527	:	1624958865.468	     5.242	0	358	0	0	/software/Matlab/bin/matlab -nodisplay -r fit_TN_Karur
529	:	1624958866.506	     4.438	0	361	0	0	/software/Matlab/bin/matlab -nodisplay -r fit_MZ_Serchhip
528	:	1624958865.982	     5.298	0	358	0	0	/software/Matlab/bin/matlab -nodisplay -r fit_HP_Kullu
530	:	1624958867.038	     5.238	0	365	0	0	/software/Matlab/bin/matlab -nodisplay -r fit_TN_Chengalpattu
532	:	1624958868.066	     4.483	0	368	0	0	/software/Matlab/bin/matlab -nodisplay -r fit_GJ_Devbhumi_Dwarka
531	:	1624958867.558	     5.337	0	362	0	0	/software/Matlab/bin/matlab -nodisplay -r fit_BR_Jehanabad
533	:	1624958868.584	     4.513	0	361	0	0	/software/Matlab/bin/matlab -nodisplay -r fit_NL_Longleng
534	:	1624958869.105	     5.711	0	569	0	0	/software/Matlab/bin/matlab -nodisplay -r fit_UP_Sambhal
535	:	1624958869.612	     5.253	0	362	0	0	/software/Matlab/bin/matlab -nodisplay -r fit_JK_Baramulla
537	:	1624958870.689	     4.420	0	364	0	0	/software/Matlab/bin/matlab -nodisplay -r fit_RJ_Other_State
536	:	1624958870.159	     5.253	0	363	0	0	/software/Matlab/bin/matlab -nodisplay -r fit_TN_Coimbatore
538	:	1624958871.239	     4.473	0	360	0	0	/software/Matlab/bin/matlab -nodisplay -r fit_AS_Unknown
539	:	1624958871.745	     5.232	0	359	0	0	/software/Matlab/bin/matlab -nodisplay -r fit_JK_Ramban
540	:	1624958872.277	     5.598	0	569	0	0	/software/Matlab/bin/matlab -nodisplay -r fit_NL_Dimapur
541	:	1624958872.802	     5.300	0	357	0	0	/software/Matlab/bin/matlab -nodisplay -r fit_HR_Jind
542	:	1624958873.331	     5.263	0	359	0	0	/software/Matlab/bin/matlab -nodisplay -r fit_KL_Idukki
543	:	1624958873.861	     5.282	0	362	0	0	/software/Matlab/bin/matlab -nodisplay -r fit_UP_Shrawasti
544	:	1624958874.366	     5.483	0	569	0	0	/software/Matlab/bin/matlab -nodisplay -r fit_OR_Nuapada
545	:	1624958874.869	     5.265	0	363	0	0	/software/Matlab/bin/matlab -nodisplay -r fit_KL_Malappuram
546	:	1624958875.375	     5.263	0	359	0	0	/software/Matlab/bin/matlab -nodisplay -r fit_BR_Nawada
548	:	1624958876.404	     4.454	0	364	0	0	/software/Matlab/bin/matlab -nodisplay -r fit_LD_Lakshadweep
547	:	1624958875.896	     5.263	0	359	0	0	/software/Matlab/bin/matlab -nodisplay -r fit_MP_Mandla
549	:	1624958876.972	     5.307	0	360	0	0	/software/Matlab/bin/matlab -nodisplay -r fit_BR_Katihar
550	:	1624958877.522	     5.215	0	360	0	0	/software/Matlab/bin/matlab -nodisplay -r fit_JH_Simdega
551	:	1624958878.060	     5.279	0	359	0	0	/software/Matlab/bin/matlab -nodisplay -r fit_CT_Raipur
552	:	1624958878.587	     5.314	0	359	0	0	/software/Matlab/bin/matlab -nodisplay -r fit_BR_Kaimur
553	:	1624958879.100	     5.305	0	361	0	0	/software/Matlab/bin/matlab -nodisplay -r fit_UP_Hamirpur
554	:	1624958879.652	     5.261	0	362	0	0	/software/Matlab/bin/matlab -nodisplay -r fit_UP_Chandauli
555	:	1624958880.169	     5.320	0	361	0	0	/software/Matlab/bin/matlab -nodisplay -r fit_UP_Ghazipur
557	:	1624958881.188	     4.439	0	375	0	0	/software/Matlab/bin/matlab -nodisplay -r fit_CT_Gaurela_Pendra_Marwahi
556	:	1624958880.675	     5.239	0	360	0	0	/software/Matlab/bin/matlab -nodisplay -r fit_GJ_Navsari
558	:	1624958881.737	     5.270	0	363	0	0	/software/Matlab/bin/matlab -nodisplay -r fit_MP_Ashoknagar
559	:	1624958882.279	     5.296	0	359	0	0	/software/Matlab/bin/matlab -nodisplay -r fit_RJ_Barmer
561	:	1624958883.331	     4.480	0	374	0	0	/software/Matlab/bin/matlab -nodisplay -r fit_ML_South_West_Garo_Hills
560	:	1624958882.814	     5.277	0	366	0	0	/software/Matlab/bin/matlab -nodisplay -r fit_OR_Jagatsinghpur
562	:	1624958883.900	     5.235	0	360	0	0	/software/Matlab/bin/matlab -nodisplay -r fit_UP_Kannauj
563	:	1624958884.405	     5.237	0	361	0	0	/software/Matlab/bin/matlab -nodisplay -r fit_MP_Shivpuri
564	:	1624958884.912	     5.261	0	361	0	0	/software/Matlab/bin/matlab -nodisplay -r fit_GJ_Junagadh
565	:	1624958885.458	     5.269	0	363	0	0	/software/Matlab/bin/matlab -nodisplay -r fit_UP_Saharanpur
566	:	1624958885.969	     5.291	0	361	0	0	/software/Matlab/bin/matlab -nodisplay -r fit_UP_Fatehpur
568	:	1624958887.057	     4.455	0	364	0	0	/software/Matlab/bin/matlab -nodisplay -r fit_WB_Other_State
567	:	1624958886.512	     5.263	0	368	0	0	/software/Matlab/bin/matlab -nodisplay -r fit_KA_Chamarajanagara
569	:	1624958887.576	     5.242	0	362	0	0	/software/Matlab/bin/matlab -nodisplay -r fit_MH_Osmanabad
570	:	1624958888.091	     5.543	0	572	0	0	/software/Matlab/bin/matlab -nodisplay -r fit_PB_Tarn_Taran
571	:	1624958888.637	     5.303	0	362	0	0	/software/Matlab/bin/matlab -nodisplay -r fit_UP_Firozabad
572	:	1624958889.184	     5.269	0	359	0	0	/software/Matlab/bin/matlab -nodisplay -r fit_WB_Howrah
573	:	1624958889.726	     5.329	0	363	0	0	/software/Matlab/bin/matlab -nodisplay -r fit_OR_Subarnapur
574	:	1624958890.252	     5.309	0	362	0	0	/software/Matlab/bin/matlab -nodisplay -r fit_PB_Ferozepur
575	:	1624958890.769	     5.213	0	361	0	0	/software/Matlab/bin/matlab -nodisplay -r fit_UP_Lalitpur
576	:	1624958891.301	     5.286	0	600	0	0	/software/Matlab/bin/matlab -nodisplay -r fit_GJ_Ahmedabad
577	:	1624958891.805	     5.254	0	358	0	0	/software/Matlab/bin/matlab -nodisplay -r fit_HP_Solan
578	:	1624958892.360	     5.303	0	363	0	0	/software/Matlab/bin/matlab -nodisplay -r fit_GJ_Panchmahal
579	:	1624958892.907	     5.263	0	360	0	0	/software/Matlab/bin/matlab -nodisplay -r fit_MP_Vidisha
580	:	1624958893.435	     5.269	0	364	0	0	/software/Matlab/bin/matlab -nodisplay -r fit_TN_Tirunelveli
581	:	1624958893.940	     5.293	0	363	0	0	/software/Matlab/bin/matlab -nodisplay -r fit_AR_Papum_Pare
582	:	1624958894.454	     5.276	0	594	0	0	/software/Matlab/bin/matlab -nodisplay -r fit_RJ_Jaipur
583	:	1624958895.010	     5.276	0	365	0	0	/software/Matlab/bin/matlab -nodisplay -r fit_TN_Kallakurichi
585	:	1624958896.055	     4.500	0	358	0	0	/software/Matlab/bin/matlab -nodisplay -r fit_MH_Akola
584	:	1624958895.529	     5.335	0	367	0	0	/software/Matlab/bin/matlab -nodisplay -r fit_JH_West_Singhbhum
586	:	1624958896.588	     5.246	0	363	0	0	/software/Matlab/bin/matlab -nodisplay -r fit_BR_Lakhisarai
587	:	1624958897.099	     5.555	0	576	0	0	/software/Matlab/bin/matlab -nodisplay -r fit_TN_Tiruvannamalai
588	:	1624958897.652	     5.288	0	359	0	0	/software/Matlab/bin/matlab -nodisplay -r fit_MP_Ratlam
590	:	1624958898.704	     4.519	0	364	0	0	/software/Matlab/bin/matlab -nodisplay -r fit_CT_Other_State
589	:	1624958898.170	     5.261	0	361	0	0	/software/Matlab/bin/matlab -nodisplay -r fit_RJ_Jhalawar
591	:	1624958899.225	     5.233	0	364	0	0	/software/Matlab/bin/matlab -nodisplay -r fit_KA_Chitradurga
592	:	1624958899.730	     5.224	0	357	0	0	/software/Matlab/bin/matlab -nodisplay -r fit_UP_Etah
593	:	1624958900.248	     5.235	0	361	0	0	/software/Matlab/bin/matlab -nodisplay -r fit_OR_Balasore
594	:	1624958900.751	     5.256	0	366	0	0	/software/Matlab/bin/matlab -nodisplay -r fit_UP_Muzaffarnagar
595	:	1624958901.302	     5.273	0	358	0	0	/software/Matlab/bin/matlab -nodisplay -r fit_MP_Betul
596	:	1624958901.834	     5.239	0	363	0	0	/software/Matlab/bin/matlab -nodisplay -r fit_CH_Chandigarh
597	:	1624958902.372	     5.259	0	360	0	0	/software/Matlab/bin/matlab -nodisplay -r fit_BR_Saharsa
599	:	1624958903.431	     4.398	0	356	0	0	/software/Matlab/bin/matlab -nodisplay -r fit_NL_Mon
598	:	1624958902.914	     5.263	0	360	0	0	/software/Matlab/bin/matlab -nodisplay -r fit_UP_Ayodhya
600	:	1624958903.951	     5.292	0	362	0	0	/software/Matlab/bin/matlab -nodisplay -r fit_UP_Prayagraj
602	:	1624958904.998	     4.505	0	357	0	0	/software/Matlab/bin/matlab -nodisplay -r fit_GJ_Dang
601	:	1624958904.457	     5.259	0	363	0	0	/software/Matlab/bin/matlab -nodisplay -r fit_KA_Vijayapura
603	:	1624958905.523	     5.311	0	359	0	0	/software/Matlab/bin/matlab -nodisplay -r fit_MH_Raigad
604	:	1624958906.046	     5.743	0	569	0	0	/software/Matlab/bin/matlab -nodisplay -r fit_JH_Latehar
605	:	1624958906.576	     5.266	0	370	0	0	/software/Matlab/bin/matlab -nodisplay -r fit_WB_Paschim_Medinipur
606	:	1624958907.112	     5.232	0	360	0	0	/software/Matlab/bin/matlab -nodisplay -r fit_UP_Kasganj
607	:	1624958907.631	     5.210	0	360	0	0	/software/Matlab/bin/matlab -nodisplay -r fit_AP_Kurnool
608	:	1624958908.142	     5.282	0	359	0	0	/software/Matlab/bin/matlab -nodisplay -r fit_HP_Chamba
610	:	1624958909.172	     4.496	0	362	0	0	/software/Matlab/bin/matlab -nodisplay -r fit_MZ_Lawngtlai
609	:	1624958908.664	     5.279	0	362	0	0	/software/Matlab/bin/matlab -nodisplay -r fit_UT_Champawat
611	:	1624958909.713	     5.197	0	366	0	0	/software/Matlab/bin/matlab -nodisplay -r fit_UT_Tehri_Garhwal
612	:	1624958910.247	     5.466	0	570	0	0	/software/Matlab/bin/matlab -nodisplay -r fit_OR_Nayagarh
613	:	1624958910.772	     5.323	0	362	0	0	/software/Matlab/bin/matlab -nodisplay -r fit_RJ_Rajsamand
614	:	1624958911.314	     5.259	0	361	0	0	/software/Matlab/bin/matlab -nodisplay -r fit_MH_Buldhana
615	:	1624958911.837	     5.279	0	361	0	0	/software/Matlab/bin/matlab -nodisplay -r fit_UP_Mainpuri
616	:	1624958912.344	     5.293	0	360	0	0	/software/Matlab/bin/matlab -nodisplay -r fit_CT_Mungeli
617	:	1624958912.878	     5.263	0	359	0	0	/software/Matlab/bin/matlab -nodisplay -r fit_UP_Ballia
618	:	1624958913.413	     5.301	0	368	0	0	/software/Matlab/bin/matlab -nodisplay -r fit_WB_Purba_Medinipur
620	:	1624958914.507	     4.446	0	368	0	0	/software/Matlab/bin/matlab -nodisplay -r fit_AR_Capital_Complex
619	:	1624958913.941	     5.243	0	359	0	0	/software/Matlab/bin/matlab -nodisplay -r fit_KA_Kodagu
621	:	1624958915.051	     5.236	0	358	0	0	/software/Matlab/bin/matlab -nodisplay -r fit_UP_Banda
622	:	1624958915.561	     5.236	0	361	0	0	/software/Matlab/bin/matlab -nodisplay -r fit_UP_Pilibhit
623	:	1624958916.096	     5.285	0	359	0	0	/software/Matlab/bin/matlab -nodisplay -r fit_JH_Palamu
624	:	1624958916.613	     5.250	0	362	0	0	/software/Matlab/bin/matlab -nodisplay -r fit_MP_Tikamgarh
625	:	1624958917.116	     5.309	0	366	0	0	/software/Matlab/bin/matlab -nodisplay -r fit_HR_Charkhi_Dadri
626	:	1624958917.634	     5.337	0	359	0	0	/software/Matlab/bin/matlab -nodisplay -r fit_OR_Ganjam
627	:	1624958918.141	     5.267	0	359	0	0	/software/Matlab/bin/matlab -nodisplay -r fit_TR_Gomati
628	:	1624958918.656	     5.252	0	358	0	0	/software/Matlab/bin/matlab -nodisplay -r fit_OR_Angul
629	:	1624958919.170	     5.247	0	368	0	0	/software/Matlab/bin/matlab -nodisplay -r fit_PB_Fatehgarh_Sahib
630	:	1624958919.675	     5.236	0	366	0	0	/software/Matlab/bin/matlab -nodisplay -r fit_AP_Visakhapatnam
631	:	1624958920.241	     5.289	0	363	0	0	/software/Matlab/bin/matlab -nodisplay -r fit_OR_Mayurbhanj
632	:	1624958920.778	     5.285	0	361	0	0	/software/Matlab/bin/matlab -nodisplay -r fit_BR_Vaishali
633	:	1624958921.306	     5.217	0	361	0	0	/software/Matlab/bin/matlab -nodisplay -r fit_OR_Gajapati
634	:	1624958921.823	     5.276	0	358	0	0	/software/Matlab/bin/matlab -nodisplay -r fit_MH_Jalna
635	:	1624958922.368	     5.260	0	360	0	0	/software/Matlab/bin/matlab -nodisplay -r fit_MP_Anuppur
637	:	1624958923.389	     4.426	0	356	0	0	/software/Matlab/bin/matlab -nodisplay -r fit_DN_Diu
636	:	1624958922.885	     5.265	0	363	0	0	/software/Matlab/bin/matlab -nodisplay -r fit_MH_Aurangabad
638	:	1624958923.901	     5.193	0	361	0	0	/software/Matlab/bin/matlab -nodisplay -r fit_TN_Tiruppur
639	:	1624958924.418	     5.309	0	360	0	0	/software/Matlab/bin/matlab -nodisplay -r fit_KA_Dharwad
640	:	1624958924.952	     5.281	0	361	0	0	/software/Matlab/bin/matlab -nodisplay -r fit_KA_Belagavi
641	:	1624958925.513	     5.206	0	358	0	0	/software/Matlab/bin/matlab -nodisplay -r fit_OR_Boudh
642	:	1624958926.044	     5.277	0	362	0	0	/software/Matlab/bin/matlab -nodisplay -r fit_MP_Alirajpur
643	:	1624958926.563	     5.314	0	362	0	0	/software/Matlab/bin/matlab -nodisplay -r fit_CT_Gariaband
644	:	1624958927.090	     5.330	0	359	0	0	/software/Matlab/bin/matlab -nodisplay -r fit_BR_Araria
645	:	1624958927.628	     5.316	0	359	0	0	/software/Matlab/bin/matlab -nodisplay -r fit_HR_Ambala
647	:	1624958928.665	     4.437	0	361	0	0	/software/Matlab/bin/matlab -nodisplay -r fit_MP_Mandsaur
646	:	1624958928.137	     5.226	0	359	0	0	/software/Matlab/bin/matlab -nodisplay -r fit_HR_Palwal
648	:	1624958929.179	     5.240	0	365	0	0	/software/Matlab/bin/matlab -nodisplay -r fit_TN_Virudhunagar
649	:	1624958929.726	     5.240	0	361	0	0	/software/Matlab/bin/matlab -nodisplay -r fit_KA_Tumakuru
650	:	1624958930.232	     5.289	0	359	0	0	/software/Matlab/bin/matlab -nodisplay -r fit_BR_Supaul
651	:	1624958930.760	     5.299	0	358	0	0	/software/Matlab/bin/matlab -nodisplay -r fit_MP_Dewas
652	:	1624958931.320	     5.176	0	366	0	0	/software/Matlab/bin/matlab -nodisplay -r fit_TR_North_Tripura
653	:	1624958931.836	     5.219	0	359	0	0	/software/Matlab/bin/matlab -nodisplay -r fit_UT_Almora
654	:	1624958932.346	     5.243	0	363	0	0	/software/Matlab/bin/matlab -nodisplay -r fit_KA_Kalaburagi
655	:	1624958932.909	     5.171	0	360	0	0	/software/Matlab/bin/matlab -nodisplay -r fit_TN_Madurai
656	:	1624958933.419	     5.198	0	363	0	0	/software/Matlab/bin/matlab -nodisplay -r fit_TN_Dharmapuri
